<?xml version="1.0" encoding="UTF-8"?>
<testsuite xmlns:xsi="http://www.w3.org/2001/XMLSchema-instance" xsi:noNamespaceSchemaLocation="https://maven.apache.org/surefire/maven-surefire-plugin/xsd/surefire-test-report-3.0.xsd" version="3.0" name="AcceptanceTest.RealFlow1Test" time="4.366" tests="1" errors="1" skipped="0" failures="0">
  <properties>
    <property name="java.specification.version" value="24"/>
    <property name="sun.jnu.encoding" value="UTF-8"/>
    <property name="java.class.path" value="/Users/daniel.azulay/Project_course/target/test-classes:/Users/daniel.azulay/Project_course/target/classes:/Users/daniel.azulay/.m2/repository/com/vaadin/vaadin-spring-boot-starter/24.2.4/vaadin-spring-boot-starter-24.2.4.jar:/Users/daniel.azulay/.m2/repository/com/vaadin/vaadin-spring/24.2.3/vaadin-spring-24.2.3.jar:/Users/daniel.azulay/.m2/repository/com/vaadin/flow-server/24.2.3/flow-server-24.2.3.jar:/Users/daniel.azulay/.m2/repository/com/vaadin/servletdetector/throw-if-servlet3/1.0.2/throw-if-servlet3-1.0.2.jar:/Users/daniel.azulay/.m2/repository/com/vaadin/external/gwt/gwt-elemental/2.8.2.vaadin2/gwt-elemental-2.8.2.vaadin2.jar:/Users/daniel.azulay/.m2/repository/org/apache/commons/commons-fileupload2-jakarta/2.0.0-M1/commons-fileupload2-jakarta-2.0.0-M1.jar:/Users/daniel.azulay/.m2/repository/org/apache/commons/commons-fileupload2-core/2.0.0-M1/commons-fileupload2-core-2.0.0-M1.jar:/Users/daniel.azulay/.m2/repository/commons-io/commons-io/2.13.0/commons-io-2.13.0.jar:/Users/daniel.azulay/.m2/repository/org/jsoup/jsoup/1.16.1/jsoup-1.16.1.jar:/Users/daniel.azulay/.m2/repository/com/helger/ph-css/7.0.1/ph-css-7.0.1.jar:/Users/daniel.azulay/.m2/repository/com/helger/commons/ph-commons/11.1.0/ph-commons-11.1.0.jar:/Users/daniel.azulay/.m2/repository/org/ow2/asm/asm/9.5/asm-9.5.jar:/Users/daniel.azulay/.m2/repository/com/vaadin/external/gentyref/1.2.0.vaadin1/gentyref-1.2.0.vaadin1.jar:/Users/daniel.azulay/.m2/repository/org/apache/commons/commons-compress/1.24.0/commons-compress-1.24.0.jar:/Users/daniel.azulay/.m2/repository/com/vaadin/flow-push/24.2.3/flow-push-24.2.3.jar:/Users/daniel.azulay/.m2/repository/com/vaadin/external/atmosphere/atmosphere-runtime/3.0.3.slf4jvaadin1/atmosphere-runtime-3.0.3.slf4jvaadin1.jar:/Users/daniel.azulay/.m2/repository/com/vaadin/flow-client/24.2.3/flow-client-24.2.3.jar:/Users/daniel.azulay/.m2/repository/org/hibernate/validator/hibernate-validator/8.0.0.Final/hibernate-validator-8.0.0.Final.jar:/Users/daniel.azulay/.m2/repository/jakarta/validation/jakarta.validation-api/3.0.2/jakarta.validation-api-3.0.2.jar:/Users/daniel.azulay/.m2/repository/org/reflections/reflections/0.10.2/reflections-0.10.2.jar:/Users/daniel.azulay/.m2/repository/org/javassist/javassist/3.28.0-GA/javassist-3.28.0-GA.jar:/Users/daniel.azulay/.m2/repository/com/google/code/findbugs/jsr305/3.0.2/jsr305-3.0.2.jar:/Users/daniel.azulay/.m2/repository/com/vaadin/vaadin-core/24.2.4/vaadin-core-24.2.4.jar:/Users/daniel.azulay/.m2/repository/com/vaadin/vaadin-core-internal/24.2.4/vaadin-core-internal-24.2.4.jar:/Users/daniel.azulay/.m2/repository/com/vaadin/flow-lit-template/24.2.3/flow-lit-template-24.2.3.jar:/Users/daniel.azulay/.m2/repository/com/vaadin/flow-html-components/24.2.3/flow-html-components-24.2.3.jar:/Users/daniel.azulay/.m2/repository/com/vaadin/flow-data/24.2.3/flow-data-24.2.3.jar:/Users/daniel.azulay/.m2/repository/com/vaadin/flow-dnd/24.2.3/flow-dnd-24.2.3.jar:/Users/daniel.azulay/.m2/repository/com/vaadin/vaadin-lumo-theme/24.2.4/vaadin-lumo-theme-24.2.4.jar:/Users/daniel.azulay/.m2/repository/com/vaadin/vaadin-material-theme/24.2.4/vaadin-material-theme-24.2.4.jar:/Users/daniel.azulay/.m2/repository/com/vaadin/vaadin-accordion-flow/24.2.4/vaadin-accordion-flow-24.2.4.jar:/Users/daniel.azulay/.m2/repository/com/vaadin/vaadin-avatar-flow/24.2.4/vaadin-avatar-flow-24.2.4.jar:/Users/daniel.azulay/.m2/repository/com/vaadin/vaadin-flow-components-base/24.2.4/vaadin-flow-components-base-24.2.4.jar:/Users/daniel.azulay/.m2/repository/com/vaadin/vaadin-button-flow/24.2.4/vaadin-button-flow-24.2.4.jar:/Users/daniel.azulay/.m2/repository/com/vaadin/vaadin-checkbox-flow/24.2.4/vaadin-checkbox-flow-24.2.4.jar:/Users/daniel.azulay/.m2/repository/com/vaadin/vaadin-combo-box-flow/24.2.4/vaadin-combo-box-flow-24.2.4.jar:/Users/daniel.azulay/.m2/repository/com/vaadin/vaadin-confirm-dialog-flow/24.2.4/vaadin-confirm-dialog-flow-24.2.4.jar:/Users/daniel.azulay/.m2/repository/com/vaadin/vaadin-custom-field-flow/24.2.4/vaadin-custom-field-flow-24.2.4.jar:/Users/daniel.azulay/.m2/repository/com/vaadin/vaadin-date-picker-flow/24.2.4/vaadin-date-picker-flow-24.2.4.jar:/Users/daniel.azulay/.m2/repository/com/vaadin/vaadin-date-time-picker-flow/24.2.4/vaadin-date-time-picker-flow-24.2.4.jar:/Users/daniel.azulay/.m2/repository/com/vaadin/vaadin-details-flow/24.2.4/vaadin-details-flow-24.2.4.jar:/Users/daniel.azulay/.m2/repository/com/vaadin/vaadin-time-picker-flow/24.2.4/vaadin-time-picker-flow-24.2.4.jar:/Users/daniel.azulay/.m2/repository/com/vaadin/vaadin-select-flow/24.2.4/vaadin-select-flow-24.2.4.jar:/Users/daniel.azulay/.m2/repository/com/vaadin/vaadin-side-nav-flow/24.2.4/vaadin-side-nav-flow-24.2.4.jar:/Users/daniel.azulay/.m2/repository/com/vaadin/vaadin-dialog-flow/24.2.4/vaadin-dialog-flow-24.2.4.jar:/Users/daniel.azulay/.m2/repository/com/vaadin/vaadin-form-layout-flow/24.2.4/vaadin-form-layout-flow-24.2.4.jar:/Users/daniel.azulay/.m2/repository/com/vaadin/vaadin-field-highlighter-flow/24.2.4/vaadin-field-highlighter-flow-24.2.4.jar:/Users/daniel.azulay/.m2/repository/com/vaadin/vaadin-grid-flow/24.2.4/vaadin-grid-flow-24.2.4.jar:/Users/daniel.azulay/.m2/repository/org/apache/commons/commons-lang3/3.12.0/commons-lang3-3.12.0.jar:/Users/daniel.azulay/.m2/repository/com/vaadin/vaadin-icons-flow/24.2.4/vaadin-icons-flow-24.2.4.jar:/Users/daniel.azulay/.m2/repository/com/vaadin/vaadin-virtual-list-flow/24.2.4/vaadin-virtual-list-flow-24.2.4.jar:/Users/daniel.azulay/.m2/repository/com/vaadin/vaadin-list-box-flow/24.2.4/vaadin-list-box-flow-24.2.4.jar:/Users/daniel.azulay/.m2/repository/com/vaadin/vaadin-login-flow/24.2.4/vaadin-login-flow-24.2.4.jar:/Users/daniel.azulay/.m2/repository/com/vaadin/vaadin-messages-flow/24.2.4/vaadin-messages-flow-24.2.4.jar:/Users/daniel.azulay/.m2/repository/com/vaadin/vaadin-ordered-layout-flow/24.2.4/vaadin-ordered-layout-flow-24.2.4.jar:/Users/daniel.azulay/.m2/repository/com/vaadin/vaadin-progress-bar-flow/24.2.4/vaadin-progress-bar-flow-24.2.4.jar:/Users/daniel.azulay/.m2/repository/com/vaadin/vaadin-radio-button-flow/24.2.4/vaadin-radio-button-flow-24.2.4.jar:/Users/daniel.azulay/.m2/repository/com/vaadin/vaadin-renderer-flow/24.2.4/vaadin-renderer-flow-24.2.4.jar:/Users/daniel.azulay/.m2/repository/com/vaadin/vaadin-split-layout-flow/24.2.4/vaadin-split-layout-flow-24.2.4.jar:/Users/daniel.azulay/.m2/repository/com/vaadin/vaadin-tabs-flow/24.2.4/vaadin-tabs-flow-24.2.4.jar:/Users/daniel.azulay/.m2/repository/com/vaadin/vaadin-text-field-flow/24.2.4/vaadin-text-field-flow-24.2.4.jar:/Users/daniel.azulay/.m2/repository/com/vaadin/vaadin-upload-flow/24.2.4/vaadin-upload-flow-24.2.4.jar:/Users/daniel.azulay/.m2/repository/com/vaadin/vaadin-notification-flow/24.2.4/vaadin-notification-flow-24.2.4.jar:/Users/daniel.azulay/.m2/repository/com/vaadin/vaadin-app-layout-flow/24.2.4/vaadin-app-layout-flow-24.2.4.jar:/Users/daniel.azulay/.m2/repository/com/vaadin/vaadin-context-menu-flow/24.2.4/vaadin-context-menu-flow-24.2.4.jar:/Users/daniel.azulay/.m2/repository/com/vaadin/vaadin-menu-bar-flow/24.2.4/vaadin-menu-bar-flow-24.2.4.jar:/Users/daniel.azulay/.m2/repository/com/vaadin/vaadin-dev/24.2.4/vaadin-dev-24.2.4.jar:/Users/daniel.azulay/.m2/repository/com/vaadin/vaadin-dev-server/24.2.3/vaadin-dev-server-24.2.3.jar:/Users/daniel.azulay/.m2/repository/com/vaadin/license-checker/1.12.3/license-checker-1.12.3.jar:/Users/daniel.azulay/.m2/repository/com/github/oshi/oshi-core/6.4.1/oshi-core-6.4.1.jar:/Users/daniel.azulay/.m2/repository/net/java/dev/jna/jna/5.13.0/jna-5.13.0.jar:/Users/daniel.azulay/.m2/repository/net/java/dev/jna/jna-platform/5.13.0/jna-platform-5.13.0.jar:/Users/daniel.azulay/.m2/repository/com/nimbusds/nimbus-jose-jwt/9.31/nimbus-jose-jwt-9.31.jar:/Users/daniel.azulay/.m2/repository/org/lucee/jcip-annotations/1.0.0/jcip-annotations-1.0.0.jar:/Users/daniel.azulay/.m2/repository/com/vaadin/open/8.5.0/open-8.5.0.jar:/Users/daniel.azulay/.m2/repository/com/github/javaparser/javaparser-core/3.25.5/javaparser-core-3.25.5.jar:/Users/daniel.azulay/.m2/repository/io/methvin/directory-watcher/0.18.0/directory-watcher-0.18.0.jar:/Users/daniel.azulay/.m2/repository/com/vaadin/vaadin-dev-bundle/24.2.4/vaadin-dev-bundle-24.2.4.jar:/Users/daniel.azulay/.m2/repository/org/springframework/boot/spring-boot-starter-web/3.0.0/spring-boot-starter-web-3.0.0.jar:/Users/daniel.azulay/.m2/repository/org/springframework/boot/spring-boot-starter/3.0.0/spring-boot-starter-3.0.0.jar:/Users/daniel.azulay/.m2/repository/org/springframework/boot/spring-boot/3.0.0/spring-boot-3.0.0.jar:/Users/daniel.azulay/.m2/repository/org/springframework/boot/spring-boot-autoconfigure/3.0.0/spring-boot-autoconfigure-3.0.0.jar:/Users/daniel.azulay/.m2/repository/org/springframework/boot/spring-boot-starter-logging/3.0.0/spring-boot-starter-logging-3.0.0.jar:/Users/daniel.azulay/.m2/repository/ch/qos/logback/logback-classic/1.4.5/logback-classic-1.4.5.jar:/Users/daniel.azulay/.m2/repository/ch/qos/logback/logback-core/1.4.5/logback-core-1.4.5.jar:/Users/daniel.azulay/.m2/repository/org/apache/logging/log4j/log4j-to-slf4j/2.19.0/log4j-to-slf4j-2.19.0.jar:/Users/daniel.azulay/.m2/repository/org/apache/logging/log4j/log4j-api/2.19.0/log4j-api-2.19.0.jar:/Users/daniel.azulay/.m2/repository/org/slf4j/jul-to-slf4j/2.0.4/jul-to-slf4j-2.0.4.jar:/Users/daniel.azulay/.m2/repository/jakarta/annotation/jakarta.annotation-api/2.1.1/jakarta.annotation-api-2.1.1.jar:/Users/daniel.azulay/.m2/repository/org/yaml/snakeyaml/1.33/snakeyaml-1.33.jar:/Users/daniel.azulay/.m2/repository/org/springframework/boot/spring-boot-starter-json/3.0.0/spring-boot-starter-json-3.0.0.jar:/Users/daniel.azulay/.m2/repository/com/fasterxml/jackson/datatype/jackson-datatype-jdk8/2.14.1/jackson-datatype-jdk8-2.14.1.jar:/Users/daniel.azulay/.m2/repository/com/fasterxml/jackson/datatype/jackson-datatype-jsr310/2.14.1/jackson-datatype-jsr310-2.14.1.jar:/Users/daniel.azulay/.m2/repository/com/fasterxml/jackson/module/jackson-module-parameter-names/2.14.1/jackson-module-parameter-names-2.14.1.jar:/Users/daniel.azulay/.m2/repository/org/springframework/boot/spring-boot-starter-tomcat/3.0.0/spring-boot-starter-tomcat-3.0.0.jar:/Users/daniel.azulay/.m2/repository/org/apache/tomcat/embed/tomcat-embed-core/10.1.1/tomcat-embed-core-10.1.1.jar:/Users/daniel.azulay/.m2/repository/org/apache/tomcat/embed/tomcat-embed-el/10.1.1/tomcat-embed-el-10.1.1.jar:/Users/daniel.azulay/.m2/repository/org/apache/tomcat/embed/tomcat-embed-websocket/10.1.1/tomcat-embed-websocket-10.1.1.jar:/Users/daniel.azulay/.m2/repository/org/springframework/spring-web/6.0.2/spring-web-6.0.2.jar:/Users/daniel.azulay/.m2/repository/org/springframework/spring-beans/6.0.2/spring-beans-6.0.2.jar:/Users/daniel.azulay/.m2/repository/org/springframework/spring-webmvc/6.0.2/spring-webmvc-6.0.2.jar:/Users/daniel.azulay/.m2/repository/org/springframework/spring-aop/6.0.2/spring-aop-6.0.2.jar:/Users/daniel.azulay/.m2/repository/org/springframework/spring-context/6.0.2/spring-context-6.0.2.jar:/Users/daniel.azulay/.m2/repository/org/springframework/spring-expression/6.0.2/spring-expression-6.0.2.jar:/Users/daniel.azulay/.m2/repository/com/fasterxml/jackson/datatype/jackson-datatype-hibernate6/2.17.0/jackson-datatype-hibernate6-2.17.0.jar:/Users/daniel.azulay/.m2/repository/jakarta/transaction/jakarta.transaction-api/2.0.1/jakarta.transaction-api-2.0.1.jar:/Users/daniel.azulay/.m2/repository/io/micrometer/micrometer-observation/1.10.4/micrometer-observation-1.10.4.jar:/Users/daniel.azulay/.m2/repository/io/micrometer/micrometer-commons/1.10.2/micrometer-commons-1.10.2.jar:/Users/daniel.azulay/.m2/repository/jakarta/servlet/jakarta.servlet-api/6.0.0/jakarta.servlet-api-6.0.0.jar:/Users/daniel.azulay/.m2/repository/org/springframework/boot/spring-boot-starter-test/3.0.0/spring-boot-starter-test-3.0.0.jar:/Users/daniel.azulay/.m2/repository/org/springframework/boot/spring-boot-test/3.0.0/spring-boot-test-3.0.0.jar:/Users/daniel.azulay/.m2/repository/org/springframework/boot/spring-boot-test-autoconfigure/3.0.0/spring-boot-test-autoconfigure-3.0.0.jar:/Users/daniel.azulay/.m2/repository/com/jayway/jsonpath/json-path/2.7.0/json-path-2.7.0.jar:/Users/daniel.azulay/.m2/repository/net/minidev/json-smart/2.4.8/json-smart-2.4.8.jar:/Users/daniel.azulay/.m2/repository/net/minidev/accessors-smart/2.4.8/accessors-smart-2.4.8.jar:/Users/daniel.azulay/.m2/repository/jakarta/xml/bind/jakarta.xml.bind-api/4.0.0/jakarta.xml.bind-api-4.0.0.jar:/Users/daniel.azulay/.m2/repository/jakarta/activation/jakarta.activation-api/2.1.0/jakarta.activation-api-2.1.0.jar:/Users/daniel.azulay/.m2/repository/org/assertj/assertj-core/3.23.1/assertj-core-3.23.1.jar:/Users/daniel.azulay/.m2/repository/org/hamcrest/hamcrest/2.2/hamcrest-2.2.jar:/Users/daniel.azulay/.m2/repository/org/skyscreamer/jsonassert/1.5.1/jsonassert-1.5.1.jar:/Users/daniel.azulay/.m2/repository/com/vaadin/external/google/android-json/0.0.20131108.vaadin1/android-json-0.0.20131108.vaadin1.jar:/Users/daniel.azulay/.m2/repository/org/springframework/spring-core/6.0.2/spring-core-6.0.2.jar:/Users/daniel.azulay/.m2/repository/org/springframework/spring-jcl/6.0.2/spring-jcl-6.0.2.jar:/Users/daniel.azulay/.m2/repository/org/springframework/spring-test/6.0.2/spring-test-6.0.2.jar:/Users/daniel.azulay/.m2/repository/org/xmlunit/xmlunit-core/2.9.0/xmlunit-core-2.9.0.jar:/Users/daniel.azulay/.m2/repository/org/junit/jupiter/junit-jupiter/5.10.0/junit-jupiter-5.10.0.jar:/Users/daniel.azulay/.m2/repository/org/junit/jupiter/junit-jupiter-api/5.9.1/junit-jupiter-api-5.9.1.jar:/Users/daniel.azulay/.m2/repository/org/opentest4j/opentest4j/1.2.0/opentest4j-1.2.0.jar:/Users/daniel.azulay/.m2/repository/org/junit/platform/junit-platform-commons/1.9.1/junit-platform-commons-1.9.1.jar:/Users/daniel.azulay/.m2/repository/org/apiguardian/apiguardian-api/1.1.2/apiguardian-api-1.1.2.jar:/Users/daniel.azulay/.m2/repository/org/junit/jupiter/junit-jupiter-params/5.9.1/junit-jupiter-params-5.9.1.jar:/Users/daniel.azulay/.m2/repository/org/junit/jupiter/junit-jupiter-engine/5.9.1/junit-jupiter-engine-5.9.1.jar:/Users/daniel.azulay/.m2/repository/org/junit/platform/junit-platform-engine/1.9.1/junit-platform-engine-1.9.1.jar:/Users/daniel.azulay/.m2/repository/org/mockito/mockito-core/5.8.0/mockito-core-5.8.0.jar:/Users/daniel.azulay/.m2/repository/org/objenesis/objenesis/3.3/objenesis-3.3.jar:/Users/daniel.azulay/.m2/repository/org/mockito/mockito-junit-jupiter/5.8.0/mockito-junit-jupiter-5.8.0.jar:/Users/daniel.azulay/.m2/repository/net/bytebuddy/byte-buddy/1.14.12/byte-buddy-1.14.12.jar:/Users/daniel.azulay/.m2/repository/net/bytebuddy/byte-buddy-agent/1.14.12/byte-buddy-agent-1.14.12.jar:/Users/daniel.azulay/.m2/repository/org/mindrot/jbcrypt/0.4/jbcrypt-0.4.jar:/Users/daniel.azulay/.m2/repository/io/jsonwebtoken/jjwt-api/0.11.5/jjwt-api-0.11.5.jar:/Users/daniel.azulay/.m2/repository/io/jsonwebtoken/jjwt-impl/0.11.5/jjwt-impl-0.11.5.jar:/Users/daniel.azulay/.m2/repository/io/jsonwebtoken/jjwt-jackson/0.11.5/jjwt-jackson-0.11.5.jar:/Users/daniel.azulay/.m2/repository/com/fasterxml/jackson/core/jackson-databind/2.15.2/jackson-databind-2.15.2.jar:/Users/daniel.azulay/.m2/repository/com/fasterxml/jackson/core/jackson-core/2.15.2/jackson-core-2.15.2.jar:/Users/daniel.azulay/.m2/repository/com/fasterxml/jackson/core/jackson-annotations/2.15.2/jackson-annotations-2.15.2.jar:/Users/daniel.azulay/.m2/repository/org/testng/testng/7.11.0/testng-7.11.0.jar:/Users/daniel.azulay/.m2/repository/org/slf4j/slf4j-api/2.0.4/slf4j-api-2.0.4.jar:/Users/daniel.azulay/.m2/repository/org/jcommander/jcommander/1.83/jcommander-1.83.jar:/Users/daniel.azulay/.m2/repository/org/webjars/jquery/3.7.1/jquery-3.7.1.jar:/Users/daniel.azulay/.m2/repository/org/springframework/boot/spring-boot-starter-websocket/3.0.0/spring-boot-starter-websocket-3.0.0.jar:/Users/daniel.azulay/.m2/repository/org/springframework/spring-messaging/6.0.2/spring-messaging-6.0.2.jar:/Users/daniel.azulay/.m2/repository/org/springframework/spring-websocket/6.0.2/spring-websocket-6.0.2.jar:/Users/daniel.azulay/.m2/repository/com/mysql/mysql-connector-j/8.3.0/mysql-connector-j-8.3.0.jar:/Users/daniel.azulay/.m2/repository/org/postgresql/postgresql/42.7.1/postgresql-42.7.1.jar:/Users/daniel.azulay/.m2/repository/org/checkerframework/checker-qual/3.41.0/checker-qual-3.41.0.jar:/Users/daniel.azulay/.m2/repository/com/h2database/h2/2.1.214/h2-2.1.214.jar:/Users/daniel.azulay/.m2/repository/org/jboss/logging/jboss-logging/3.5.3.Final/jboss-logging-3.5.3.Final.jar:/Users/daniel.azulay/.m2/repository/org/springframework/boot/spring-boot-starter-data-jpa/3.0.0/spring-boot-starter-data-jpa-3.0.0.jar:/Users/daniel.azulay/.m2/repository/org/springframework/boot/spring-boot-starter-aop/3.0.0/spring-boot-starter-aop-3.0.0.jar:/Users/daniel.azulay/.m2/repository/org/aspectj/aspectjweaver/1.9.9.1/aspectjweaver-1.9.9.1.jar:/Users/daniel.azulay/.m2/repository/org/springframework/boot/spring-boot-starter-jdbc/3.0.0/spring-boot-starter-jdbc-3.0.0.jar:/Users/daniel.azulay/.m2/repository/com/zaxxer/HikariCP/5.0.1/HikariCP-5.0.1.jar:/Users/daniel.azulay/.m2/repository/org/springframework/spring-jdbc/6.0.2/spring-jdbc-6.0.2.jar:/Users/daniel.azulay/.m2/repository/org/hibernate/orm/hibernate-core/6.1.5.Final/hibernate-core-6.1.5.Final.jar:/Users/daniel.azulay/.m2/repository/jakarta/persistence/jakarta.persistence-api/3.1.0/jakarta.persistence-api-3.1.0.jar:/Users/daniel.azulay/.m2/repository/org/hibernate/common/hibernate-commons-annotations/6.0.2.Final/hibernate-commons-annotations-6.0.2.Final.jar:/Users/daniel.azulay/.m2/repository/org/jboss/jandex/2.4.2.Final/jandex-2.4.2.Final.jar:/Users/daniel.azulay/.m2/repository/com/fasterxml/classmate/1.5.1/classmate-1.5.1.jar:/Users/daniel.azulay/.m2/repository/org/glassfish/jaxb/jaxb-runtime/4.0.1/jaxb-runtime-4.0.1.jar:/Users/daniel.azulay/.m2/repository/org/glassfish/jaxb/jaxb-core/4.0.1/jaxb-core-4.0.1.jar:/Users/daniel.azulay/.m2/repository/org/eclipse/angus/angus-activation/1.0.0/angus-activation-1.0.0.jar:/Users/daniel.azulay/.m2/repository/org/glassfish/jaxb/txw2/4.0.1/txw2-4.0.1.jar:/Users/daniel.azulay/.m2/repository/com/sun/istack/istack-commons-runtime/4.1.1/istack-commons-runtime-4.1.1.jar:/Users/daniel.azulay/.m2/repository/jakarta/inject/jakarta.inject-api/2.0.0/jakarta.inject-api-2.0.0.jar:/Users/daniel.azulay/.m2/repository/org/antlr/antlr4-runtime/4.10.1/antlr4-runtime-4.10.1.jar:/Users/daniel.azulay/.m2/repository/org/springframework/data/spring-data-jpa/3.0.0/spring-data-jpa-3.0.0.jar:/Users/daniel.azulay/.m2/repository/org/springframework/data/spring-data-commons/3.0.0/spring-data-commons-3.0.0.jar:/Users/daniel.azulay/.m2/repository/org/springframework/spring-orm/6.0.2/spring-orm-6.0.2.jar:/Users/daniel.azulay/.m2/repository/org/springframework/spring-tx/6.0.2/spring-tx-6.0.2.jar:/Users/daniel.azulay/.m2/repository/org/springframework/spring-aspects/6.0.2/spring-aspects-6.0.2.jar:/Users/daniel.azulay/.m2/repository/org/springframework/boot/spring-boot-starter-actuator/3.0.0/spring-boot-starter-actuator-3.0.0.jar:/Users/daniel.azulay/.m2/repository/org/springframework/boot/spring-boot-actuator-autoconfigure/3.0.0/spring-boot-actuator-autoconfigure-3.0.0.jar:/Users/daniel.azulay/.m2/repository/org/springframework/boot/spring-boot-actuator/3.0.0/spring-boot-actuator-3.0.0.jar:/Users/daniel.azulay/.m2/repository/io/micrometer/micrometer-core/1.10.2/micrometer-core-1.10.2.jar:/Users/daniel.azulay/.m2/repository/org/hdrhistogram/HdrHistogram/2.1.12/HdrHistogram-2.1.12.jar:/Users/daniel.azulay/.m2/repository/org/latencyutils/LatencyUtils/2.0.3/LatencyUtils-2.0.3.jar:"/>
    <property name="java.vm.vendor" value="Homebrew"/>
    <property name="net.bytebuddy.experimental" value="true"/>
    <property name="sun.arch.data.model" value="64"/>
    <property name="spring.devtools.livereload.port" value="35729"/>
    <property name="catalina.useNaming" value="false"/>
    <property name="java.vendor.url" value="https://github.com/Homebrew/homebrew-core/issues"/>
    <property name="user.timezone" value="Asia/Jerusalem"/>
    <property name="org.jboss.logging.provider" value="slf4j"/>
    <property name="os.name" value="Mac OS X"/>
    <property name="java.vm.specification.version" value="24"/>
    <property name="sun.java.launcher" value="SUN_STANDARD"/>
    <property name="user.country" value="IL"/>
    <property name="sun.boot.library.path" value="/opt/homebrew/Cellar/openjdk/24.0.1/libexec/openjdk.jdk/Contents/Home/lib"/>
    <property name="sun.java.command" value="/Users/daniel.azulay/Project_course/target/surefire/surefirebooter-20250628200539262_3.jar /Users/daniel.azulay/Project_course/target/surefire 2025-06-28T20-05-39_226-jvmRun1 surefire-20250628200539262_1tmp surefire_0-20250628200539262_2tmp"/>
    <property name="http.nonProxyHosts" value="local|*.local|169.254/16|*.169.254/16"/>
    <property name="jdk.debug" value="release"/>
    <property name="test" value="RealFlow1Test"/>
    <property name="surefire.test.class.path" value="/Users/daniel.azulay/Project_course/target/test-classes:/Users/daniel.azulay/Project_course/target/classes:/Users/daniel.azulay/.m2/repository/com/vaadin/vaadin-spring-boot-starter/24.2.4/vaadin-spring-boot-starter-24.2.4.jar:/Users/daniel.azulay/.m2/repository/com/vaadin/vaadin-spring/24.2.3/vaadin-spring-24.2.3.jar:/Users/daniel.azulay/.m2/repository/com/vaadin/flow-server/24.2.3/flow-server-24.2.3.jar:/Users/daniel.azulay/.m2/repository/com/vaadin/servletdetector/throw-if-servlet3/1.0.2/throw-if-servlet3-1.0.2.jar:/Users/daniel.azulay/.m2/repository/com/vaadin/external/gwt/gwt-elemental/2.8.2.vaadin2/gwt-elemental-2.8.2.vaadin2.jar:/Users/daniel.azulay/.m2/repository/org/apache/commons/commons-fileupload2-jakarta/2.0.0-M1/commons-fileupload2-jakarta-2.0.0-M1.jar:/Users/daniel.azulay/.m2/repository/org/apache/commons/commons-fileupload2-core/2.0.0-M1/commons-fileupload2-core-2.0.0-M1.jar:/Users/daniel.azulay/.m2/repository/commons-io/commons-io/2.13.0/commons-io-2.13.0.jar:/Users/daniel.azulay/.m2/repository/org/jsoup/jsoup/1.16.1/jsoup-1.16.1.jar:/Users/daniel.azulay/.m2/repository/com/helger/ph-css/7.0.1/ph-css-7.0.1.jar:/Users/daniel.azulay/.m2/repository/com/helger/commons/ph-commons/11.1.0/ph-commons-11.1.0.jar:/Users/daniel.azulay/.m2/repository/org/ow2/asm/asm/9.5/asm-9.5.jar:/Users/daniel.azulay/.m2/repository/com/vaadin/external/gentyref/1.2.0.vaadin1/gentyref-1.2.0.vaadin1.jar:/Users/daniel.azulay/.m2/repository/org/apache/commons/commons-compress/1.24.0/commons-compress-1.24.0.jar:/Users/daniel.azulay/.m2/repository/com/vaadin/flow-push/24.2.3/flow-push-24.2.3.jar:/Users/daniel.azulay/.m2/repository/com/vaadin/external/atmosphere/atmosphere-runtime/3.0.3.slf4jvaadin1/atmosphere-runtime-3.0.3.slf4jvaadin1.jar:/Users/daniel.azulay/.m2/repository/com/vaadin/flow-client/24.2.3/flow-client-24.2.3.jar:/Users/daniel.azulay/.m2/repository/org/hibernate/validator/hibernate-validator/8.0.0.Final/hibernate-validator-8.0.0.Final.jar:/Users/daniel.azulay/.m2/repository/jakarta/validation/jakarta.validation-api/3.0.2/jakarta.validation-api-3.0.2.jar:/Users/daniel.azulay/.m2/repository/org/reflections/reflections/0.10.2/reflections-0.10.2.jar:/Users/daniel.azulay/.m2/repository/org/javassist/javassist/3.28.0-GA/javassist-3.28.0-GA.jar:/Users/daniel.azulay/.m2/repository/com/google/code/findbugs/jsr305/3.0.2/jsr305-3.0.2.jar:/Users/daniel.azulay/.m2/repository/com/vaadin/vaadin-core/24.2.4/vaadin-core-24.2.4.jar:/Users/daniel.azulay/.m2/repository/com/vaadin/vaadin-core-internal/24.2.4/vaadin-core-internal-24.2.4.jar:/Users/daniel.azulay/.m2/repository/com/vaadin/flow-lit-template/24.2.3/flow-lit-template-24.2.3.jar:/Users/daniel.azulay/.m2/repository/com/vaadin/flow-html-components/24.2.3/flow-html-components-24.2.3.jar:/Users/daniel.azulay/.m2/repository/com/vaadin/flow-data/24.2.3/flow-data-24.2.3.jar:/Users/daniel.azulay/.m2/repository/com/vaadin/flow-dnd/24.2.3/flow-dnd-24.2.3.jar:/Users/daniel.azulay/.m2/repository/com/vaadin/vaadin-lumo-theme/24.2.4/vaadin-lumo-theme-24.2.4.jar:/Users/daniel.azulay/.m2/repository/com/vaadin/vaadin-material-theme/24.2.4/vaadin-material-theme-24.2.4.jar:/Users/daniel.azulay/.m2/repository/com/vaadin/vaadin-accordion-flow/24.2.4/vaadin-accordion-flow-24.2.4.jar:/Users/daniel.azulay/.m2/repository/com/vaadin/vaadin-avatar-flow/24.2.4/vaadin-avatar-flow-24.2.4.jar:/Users/daniel.azulay/.m2/repository/com/vaadin/vaadin-flow-components-base/24.2.4/vaadin-flow-components-base-24.2.4.jar:/Users/daniel.azulay/.m2/repository/com/vaadin/vaadin-button-flow/24.2.4/vaadin-button-flow-24.2.4.jar:/Users/daniel.azulay/.m2/repository/com/vaadin/vaadin-checkbox-flow/24.2.4/vaadin-checkbox-flow-24.2.4.jar:/Users/daniel.azulay/.m2/repository/com/vaadin/vaadin-combo-box-flow/24.2.4/vaadin-combo-box-flow-24.2.4.jar:/Users/daniel.azulay/.m2/repository/com/vaadin/vaadin-confirm-dialog-flow/24.2.4/vaadin-confirm-dialog-flow-24.2.4.jar:/Users/daniel.azulay/.m2/repository/com/vaadin/vaadin-custom-field-flow/24.2.4/vaadin-custom-field-flow-24.2.4.jar:/Users/daniel.azulay/.m2/repository/com/vaadin/vaadin-date-picker-flow/24.2.4/vaadin-date-picker-flow-24.2.4.jar:/Users/daniel.azulay/.m2/repository/com/vaadin/vaadin-date-time-picker-flow/24.2.4/vaadin-date-time-picker-flow-24.2.4.jar:/Users/daniel.azulay/.m2/repository/com/vaadin/vaadin-details-flow/24.2.4/vaadin-details-flow-24.2.4.jar:/Users/daniel.azulay/.m2/repository/com/vaadin/vaadin-time-picker-flow/24.2.4/vaadin-time-picker-flow-24.2.4.jar:/Users/daniel.azulay/.m2/repository/com/vaadin/vaadin-select-flow/24.2.4/vaadin-select-flow-24.2.4.jar:/Users/daniel.azulay/.m2/repository/com/vaadin/vaadin-side-nav-flow/24.2.4/vaadin-side-nav-flow-24.2.4.jar:/Users/daniel.azulay/.m2/repository/com/vaadin/vaadin-dialog-flow/24.2.4/vaadin-dialog-flow-24.2.4.jar:/Users/daniel.azulay/.m2/repository/com/vaadin/vaadin-form-layout-flow/24.2.4/vaadin-form-layout-flow-24.2.4.jar:/Users/daniel.azulay/.m2/repository/com/vaadin/vaadin-field-highlighter-flow/24.2.4/vaadin-field-highlighter-flow-24.2.4.jar:/Users/daniel.azulay/.m2/repository/com/vaadin/vaadin-grid-flow/24.2.4/vaadin-grid-flow-24.2.4.jar:/Users/daniel.azulay/.m2/repository/org/apache/commons/commons-lang3/3.12.0/commons-lang3-3.12.0.jar:/Users/daniel.azulay/.m2/repository/com/vaadin/vaadin-icons-flow/24.2.4/vaadin-icons-flow-24.2.4.jar:/Users/daniel.azulay/.m2/repository/com/vaadin/vaadin-virtual-list-flow/24.2.4/vaadin-virtual-list-flow-24.2.4.jar:/Users/daniel.azulay/.m2/repository/com/vaadin/vaadin-list-box-flow/24.2.4/vaadin-list-box-flow-24.2.4.jar:/Users/daniel.azulay/.m2/repository/com/vaadin/vaadin-login-flow/24.2.4/vaadin-login-flow-24.2.4.jar:/Users/daniel.azulay/.m2/repository/com/vaadin/vaadin-messages-flow/24.2.4/vaadin-messages-flow-24.2.4.jar:/Users/daniel.azulay/.m2/repository/com/vaadin/vaadin-ordered-layout-flow/24.2.4/vaadin-ordered-layout-flow-24.2.4.jar:/Users/daniel.azulay/.m2/repository/com/vaadin/vaadin-progress-bar-flow/24.2.4/vaadin-progress-bar-flow-24.2.4.jar:/Users/daniel.azulay/.m2/repository/com/vaadin/vaadin-radio-button-flow/24.2.4/vaadin-radio-button-flow-24.2.4.jar:/Users/daniel.azulay/.m2/repository/com/vaadin/vaadin-renderer-flow/24.2.4/vaadin-renderer-flow-24.2.4.jar:/Users/daniel.azulay/.m2/repository/com/vaadin/vaadin-split-layout-flow/24.2.4/vaadin-split-layout-flow-24.2.4.jar:/Users/daniel.azulay/.m2/repository/com/vaadin/vaadin-tabs-flow/24.2.4/vaadin-tabs-flow-24.2.4.jar:/Users/daniel.azulay/.m2/repository/com/vaadin/vaadin-text-field-flow/24.2.4/vaadin-text-field-flow-24.2.4.jar:/Users/daniel.azulay/.m2/repository/com/vaadin/vaadin-upload-flow/24.2.4/vaadin-upload-flow-24.2.4.jar:/Users/daniel.azulay/.m2/repository/com/vaadin/vaadin-notification-flow/24.2.4/vaadin-notification-flow-24.2.4.jar:/Users/daniel.azulay/.m2/repository/com/vaadin/vaadin-app-layout-flow/24.2.4/vaadin-app-layout-flow-24.2.4.jar:/Users/daniel.azulay/.m2/repository/com/vaadin/vaadin-context-menu-flow/24.2.4/vaadin-context-menu-flow-24.2.4.jar:/Users/daniel.azulay/.m2/repository/com/vaadin/vaadin-menu-bar-flow/24.2.4/vaadin-menu-bar-flow-24.2.4.jar:/Users/daniel.azulay/.m2/repository/com/vaadin/vaadin-dev/24.2.4/vaadin-dev-24.2.4.jar:/Users/daniel.azulay/.m2/repository/com/vaadin/vaadin-dev-server/24.2.3/vaadin-dev-server-24.2.3.jar:/Users/daniel.azulay/.m2/repository/com/vaadin/license-checker/1.12.3/license-checker-1.12.3.jar:/Users/daniel.azulay/.m2/repository/com/github/oshi/oshi-core/6.4.1/oshi-core-6.4.1.jar:/Users/daniel.azulay/.m2/repository/net/java/dev/jna/jna/5.13.0/jna-5.13.0.jar:/Users/daniel.azulay/.m2/repository/net/java/dev/jna/jna-platform/5.13.0/jna-platform-5.13.0.jar:/Users/daniel.azulay/.m2/repository/com/nimbusds/nimbus-jose-jwt/9.31/nimbus-jose-jwt-9.31.jar:/Users/daniel.azulay/.m2/repository/org/lucee/jcip-annotations/1.0.0/jcip-annotations-1.0.0.jar:/Users/daniel.azulay/.m2/repository/com/vaadin/open/8.5.0/open-8.5.0.jar:/Users/daniel.azulay/.m2/repository/com/github/javaparser/javaparser-core/3.25.5/javaparser-core-3.25.5.jar:/Users/daniel.azulay/.m2/repository/io/methvin/directory-watcher/0.18.0/directory-watcher-0.18.0.jar:/Users/daniel.azulay/.m2/repository/com/vaadin/vaadin-dev-bundle/24.2.4/vaadin-dev-bundle-24.2.4.jar:/Users/daniel.azulay/.m2/repository/org/springframework/boot/spring-boot-starter-web/3.0.0/spring-boot-starter-web-3.0.0.jar:/Users/daniel.azulay/.m2/repository/org/springframework/boot/spring-boot-starter/3.0.0/spring-boot-starter-3.0.0.jar:/Users/daniel.azulay/.m2/repository/org/springframework/boot/spring-boot/3.0.0/spring-boot-3.0.0.jar:/Users/daniel.azulay/.m2/repository/org/springframework/boot/spring-boot-autoconfigure/3.0.0/spring-boot-autoconfigure-3.0.0.jar:/Users/daniel.azulay/.m2/repository/org/springframework/boot/spring-boot-starter-logging/3.0.0/spring-boot-starter-logging-3.0.0.jar:/Users/daniel.azulay/.m2/repository/ch/qos/logback/logback-classic/1.4.5/logback-classic-1.4.5.jar:/Users/daniel.azulay/.m2/repository/ch/qos/logback/logback-core/1.4.5/logback-core-1.4.5.jar:/Users/daniel.azulay/.m2/repository/org/apache/logging/log4j/log4j-to-slf4j/2.19.0/log4j-to-slf4j-2.19.0.jar:/Users/daniel.azulay/.m2/repository/org/apache/logging/log4j/log4j-api/2.19.0/log4j-api-2.19.0.jar:/Users/daniel.azulay/.m2/repository/org/slf4j/jul-to-slf4j/2.0.4/jul-to-slf4j-2.0.4.jar:/Users/daniel.azulay/.m2/repository/jakarta/annotation/jakarta.annotation-api/2.1.1/jakarta.annotation-api-2.1.1.jar:/Users/daniel.azulay/.m2/repository/org/yaml/snakeyaml/1.33/snakeyaml-1.33.jar:/Users/daniel.azulay/.m2/repository/org/springframework/boot/spring-boot-starter-json/3.0.0/spring-boot-starter-json-3.0.0.jar:/Users/daniel.azulay/.m2/repository/com/fasterxml/jackson/datatype/jackson-datatype-jdk8/2.14.1/jackson-datatype-jdk8-2.14.1.jar:/Users/daniel.azulay/.m2/repository/com/fasterxml/jackson/datatype/jackson-datatype-jsr310/2.14.1/jackson-datatype-jsr310-2.14.1.jar:/Users/daniel.azulay/.m2/repository/com/fasterxml/jackson/module/jackson-module-parameter-names/2.14.1/jackson-module-parameter-names-2.14.1.jar:/Users/daniel.azulay/.m2/repository/org/springframework/boot/spring-boot-starter-tomcat/3.0.0/spring-boot-starter-tomcat-3.0.0.jar:/Users/daniel.azulay/.m2/repository/org/apache/tomcat/embed/tomcat-embed-core/10.1.1/tomcat-embed-core-10.1.1.jar:/Users/daniel.azulay/.m2/repository/org/apache/tomcat/embed/tomcat-embed-el/10.1.1/tomcat-embed-el-10.1.1.jar:/Users/daniel.azulay/.m2/repository/org/apache/tomcat/embed/tomcat-embed-websocket/10.1.1/tomcat-embed-websocket-10.1.1.jar:/Users/daniel.azulay/.m2/repository/org/springframework/spring-web/6.0.2/spring-web-6.0.2.jar:/Users/daniel.azulay/.m2/repository/org/springframework/spring-beans/6.0.2/spring-beans-6.0.2.jar:/Users/daniel.azulay/.m2/repository/org/springframework/spring-webmvc/6.0.2/spring-webmvc-6.0.2.jar:/Users/daniel.azulay/.m2/repository/org/springframework/spring-aop/6.0.2/spring-aop-6.0.2.jar:/Users/daniel.azulay/.m2/repository/org/springframework/spring-context/6.0.2/spring-context-6.0.2.jar:/Users/daniel.azulay/.m2/repository/org/springframework/spring-expression/6.0.2/spring-expression-6.0.2.jar:/Users/daniel.azulay/.m2/repository/com/fasterxml/jackson/datatype/jackson-datatype-hibernate6/2.17.0/jackson-datatype-hibernate6-2.17.0.jar:/Users/daniel.azulay/.m2/repository/jakarta/transaction/jakarta.transaction-api/2.0.1/jakarta.transaction-api-2.0.1.jar:/Users/daniel.azulay/.m2/repository/io/micrometer/micrometer-observation/1.10.4/micrometer-observation-1.10.4.jar:/Users/daniel.azulay/.m2/repository/io/micrometer/micrometer-commons/1.10.2/micrometer-commons-1.10.2.jar:/Users/daniel.azulay/.m2/repository/jakarta/servlet/jakarta.servlet-api/6.0.0/jakarta.servlet-api-6.0.0.jar:/Users/daniel.azulay/.m2/repository/org/springframework/boot/spring-boot-starter-test/3.0.0/spring-boot-starter-test-3.0.0.jar:/Users/daniel.azulay/.m2/repository/org/springframework/boot/spring-boot-test/3.0.0/spring-boot-test-3.0.0.jar:/Users/daniel.azulay/.m2/repository/org/springframework/boot/spring-boot-test-autoconfigure/3.0.0/spring-boot-test-autoconfigure-3.0.0.jar:/Users/daniel.azulay/.m2/repository/com/jayway/jsonpath/json-path/2.7.0/json-path-2.7.0.jar:/Users/daniel.azulay/.m2/repository/net/minidev/json-smart/2.4.8/json-smart-2.4.8.jar:/Users/daniel.azulay/.m2/repository/net/minidev/accessors-smart/2.4.8/accessors-smart-2.4.8.jar:/Users/daniel.azulay/.m2/repository/jakarta/xml/bind/jakarta.xml.bind-api/4.0.0/jakarta.xml.bind-api-4.0.0.jar:/Users/daniel.azulay/.m2/repository/jakarta/activation/jakarta.activation-api/2.1.0/jakarta.activation-api-2.1.0.jar:/Users/daniel.azulay/.m2/repository/org/assertj/assertj-core/3.23.1/assertj-core-3.23.1.jar:/Users/daniel.azulay/.m2/repository/org/hamcrest/hamcrest/2.2/hamcrest-2.2.jar:/Users/daniel.azulay/.m2/repository/org/skyscreamer/jsonassert/1.5.1/jsonassert-1.5.1.jar:/Users/daniel.azulay/.m2/repository/com/vaadin/external/google/android-json/0.0.20131108.vaadin1/android-json-0.0.20131108.vaadin1.jar:/Users/daniel.azulay/.m2/repository/org/springframework/spring-core/6.0.2/spring-core-6.0.2.jar:/Users/daniel.azulay/.m2/repository/org/springframework/spring-jcl/6.0.2/spring-jcl-6.0.2.jar:/Users/daniel.azulay/.m2/repository/org/springframework/spring-test/6.0.2/spring-test-6.0.2.jar:/Users/daniel.azulay/.m2/repository/org/xmlunit/xmlunit-core/2.9.0/xmlunit-core-2.9.0.jar:/Users/daniel.azulay/.m2/repository/org/junit/jupiter/junit-jupiter/5.10.0/junit-jupiter-5.10.0.jar:/Users/daniel.azulay/.m2/repository/org/junit/jupiter/junit-jupiter-api/5.9.1/junit-jupiter-api-5.9.1.jar:/Users/daniel.azulay/.m2/repository/org/opentest4j/opentest4j/1.2.0/opentest4j-1.2.0.jar:/Users/daniel.azulay/.m2/repository/org/junit/platform/junit-platform-commons/1.9.1/junit-platform-commons-1.9.1.jar:/Users/daniel.azulay/.m2/repository/org/apiguardian/apiguardian-api/1.1.2/apiguardian-api-1.1.2.jar:/Users/daniel.azulay/.m2/repository/org/junit/jupiter/junit-jupiter-params/5.9.1/junit-jupiter-params-5.9.1.jar:/Users/daniel.azulay/.m2/repository/org/junit/jupiter/junit-jupiter-engine/5.9.1/junit-jupiter-engine-5.9.1.jar:/Users/daniel.azulay/.m2/repository/org/junit/platform/junit-platform-engine/1.9.1/junit-platform-engine-1.9.1.jar:/Users/daniel.azulay/.m2/repository/org/mockito/mockito-core/5.8.0/mockito-core-5.8.0.jar:/Users/daniel.azulay/.m2/repository/org/objenesis/objenesis/3.3/objenesis-3.3.jar:/Users/daniel.azulay/.m2/repository/org/mockito/mockito-junit-jupiter/5.8.0/mockito-junit-jupiter-5.8.0.jar:/Users/daniel.azulay/.m2/repository/net/bytebuddy/byte-buddy/1.14.12/byte-buddy-1.14.12.jar:/Users/daniel.azulay/.m2/repository/net/bytebuddy/byte-buddy-agent/1.14.12/byte-buddy-agent-1.14.12.jar:/Users/daniel.azulay/.m2/repository/org/mindrot/jbcrypt/0.4/jbcrypt-0.4.jar:/Users/daniel.azulay/.m2/repository/io/jsonwebtoken/jjwt-api/0.11.5/jjwt-api-0.11.5.jar:/Users/daniel.azulay/.m2/repository/io/jsonwebtoken/jjwt-impl/0.11.5/jjwt-impl-0.11.5.jar:/Users/daniel.azulay/.m2/repository/io/jsonwebtoken/jjwt-jackson/0.11.5/jjwt-jackson-0.11.5.jar:/Users/daniel.azulay/.m2/repository/com/fasterxml/jackson/core/jackson-databind/2.15.2/jackson-databind-2.15.2.jar:/Users/daniel.azulay/.m2/repository/com/fasterxml/jackson/core/jackson-core/2.15.2/jackson-core-2.15.2.jar:/Users/daniel.azulay/.m2/repository/com/fasterxml/jackson/core/jackson-annotations/2.15.2/jackson-annotations-2.15.2.jar:/Users/daniel.azulay/.m2/repository/org/testng/testng/7.11.0/testng-7.11.0.jar:/Users/daniel.azulay/.m2/repository/org/slf4j/slf4j-api/2.0.4/slf4j-api-2.0.4.jar:/Users/daniel.azulay/.m2/repository/org/jcommander/jcommander/1.83/jcommander-1.83.jar:/Users/daniel.azulay/.m2/repository/org/webjars/jquery/3.7.1/jquery-3.7.1.jar:/Users/daniel.azulay/.m2/repository/org/springframework/boot/spring-boot-starter-websocket/3.0.0/spring-boot-starter-websocket-3.0.0.jar:/Users/daniel.azulay/.m2/repository/org/springframework/spring-messaging/6.0.2/spring-messaging-6.0.2.jar:/Users/daniel.azulay/.m2/repository/org/springframework/spring-websocket/6.0.2/spring-websocket-6.0.2.jar:/Users/daniel.azulay/.m2/repository/com/mysql/mysql-connector-j/8.3.0/mysql-connector-j-8.3.0.jar:/Users/daniel.azulay/.m2/repository/org/postgresql/postgresql/42.7.1/postgresql-42.7.1.jar:/Users/daniel.azulay/.m2/repository/org/checkerframework/checker-qual/3.41.0/checker-qual-3.41.0.jar:/Users/daniel.azulay/.m2/repository/com/h2database/h2/2.1.214/h2-2.1.214.jar:/Users/daniel.azulay/.m2/repository/org/jboss/logging/jboss-logging/3.5.3.Final/jboss-logging-3.5.3.Final.jar:/Users/daniel.azulay/.m2/repository/org/springframework/boot/spring-boot-starter-data-jpa/3.0.0/spring-boot-starter-data-jpa-3.0.0.jar:/Users/daniel.azulay/.m2/repository/org/springframework/boot/spring-boot-starter-aop/3.0.0/spring-boot-starter-aop-3.0.0.jar:/Users/daniel.azulay/.m2/repository/org/aspectj/aspectjweaver/1.9.9.1/aspectjweaver-1.9.9.1.jar:/Users/daniel.azulay/.m2/repository/org/springframework/boot/spring-boot-starter-jdbc/3.0.0/spring-boot-starter-jdbc-3.0.0.jar:/Users/daniel.azulay/.m2/repository/com/zaxxer/HikariCP/5.0.1/HikariCP-5.0.1.jar:/Users/daniel.azulay/.m2/repository/org/springframework/spring-jdbc/6.0.2/spring-jdbc-6.0.2.jar:/Users/daniel.azulay/.m2/repository/org/hibernate/orm/hibernate-core/6.1.5.Final/hibernate-core-6.1.5.Final.jar:/Users/daniel.azulay/.m2/repository/jakarta/persistence/jakarta.persistence-api/3.1.0/jakarta.persistence-api-3.1.0.jar:/Users/daniel.azulay/.m2/repository/org/hibernate/common/hibernate-commons-annotations/6.0.2.Final/hibernate-commons-annotations-6.0.2.Final.jar:/Users/daniel.azulay/.m2/repository/org/jboss/jandex/2.4.2.Final/jandex-2.4.2.Final.jar:/Users/daniel.azulay/.m2/repository/com/fasterxml/classmate/1.5.1/classmate-1.5.1.jar:/Users/daniel.azulay/.m2/repository/org/glassfish/jaxb/jaxb-runtime/4.0.1/jaxb-runtime-4.0.1.jar:/Users/daniel.azulay/.m2/repository/org/glassfish/jaxb/jaxb-core/4.0.1/jaxb-core-4.0.1.jar:/Users/daniel.azulay/.m2/repository/org/eclipse/angus/angus-activation/1.0.0/angus-activation-1.0.0.jar:/Users/daniel.azulay/.m2/repository/org/glassfish/jaxb/txw2/4.0.1/txw2-4.0.1.jar:/Users/daniel.azulay/.m2/repository/com/sun/istack/istack-commons-runtime/4.1.1/istack-commons-runtime-4.1.1.jar:/Users/daniel.azulay/.m2/repository/jakarta/inject/jakarta.inject-api/2.0.0/jakarta.inject-api-2.0.0.jar:/Users/daniel.azulay/.m2/repository/org/antlr/antlr4-runtime/4.10.1/antlr4-runtime-4.10.1.jar:/Users/daniel.azulay/.m2/repository/org/springframework/data/spring-data-jpa/3.0.0/spring-data-jpa-3.0.0.jar:/Users/daniel.azulay/.m2/repository/org/springframework/data/spring-data-commons/3.0.0/spring-data-commons-3.0.0.jar:/Users/daniel.azulay/.m2/repository/org/springframework/spring-orm/6.0.2/spring-orm-6.0.2.jar:/Users/daniel.azulay/.m2/repository/org/springframework/spring-tx/6.0.2/spring-tx-6.0.2.jar:/Users/daniel.azulay/.m2/repository/org/springframework/spring-aspects/6.0.2/spring-aspects-6.0.2.jar:/Users/daniel.azulay/.m2/repository/org/springframework/boot/spring-boot-starter-actuator/3.0.0/spring-boot-starter-actuator-3.0.0.jar:/Users/daniel.azulay/.m2/repository/org/springframework/boot/spring-boot-actuator-autoconfigure/3.0.0/spring-boot-actuator-autoconfigure-3.0.0.jar:/Users/daniel.azulay/.m2/repository/org/springframework/boot/spring-boot-actuator/3.0.0/spring-boot-actuator-3.0.0.jar:/Users/daniel.azulay/.m2/repository/io/micrometer/micrometer-core/1.10.2/micrometer-core-1.10.2.jar:/Users/daniel.azulay/.m2/repository/org/hdrhistogram/HdrHistogram/2.1.12/HdrHistogram-2.1.12.jar:/Users/daniel.azulay/.m2/repository/org/latencyutils/LatencyUtils/2.0.3/LatencyUtils-2.0.3.jar:"/>
    <property name="sun.cpu.endian" value="little"/>
    <property name="user.home" value="/Users/daniel.azulay"/>
    <property name="user.language" value="en"/>
    <property name="java.specification.vendor" value="Oracle Corporation"/>
    <property name="java.version.date" value="2025-04-15"/>
    <property name="java.home" value="/opt/homebrew/Cellar/openjdk/24.0.1/libexec/openjdk.jdk/Contents/Home"/>
    <property name="file.separator" value="/"/>
    <property name="basedir" value="/Users/daniel.azulay/Project_course"/>
    <property name="java.vm.compressedOopsMode" value="Zero based"/>
    <property name="line.separator" value="&#10;"/>
    <property name="java.vm.specification.vendor" value="Oracle Corporation"/>
    <property name="java.specification.name" value="Java Platform API Specification"/>
    <property name="FILE_LOG_CHARSET" value="UTF-8"/>
    <property name="java.awt.headless" value="true"/>
    <property name="apple.awt.application.name" value="ForkedBooter"/>
    <property name="surefire.real.class.path" value="/Users/daniel.azulay/Project_course/target/surefire/surefirebooter-20250628200539262_3.jar"/>
    <property name="sun.management.compiler" value="HotSpot 64-Bit Tiered Compilers"/>
    <property name="ftp.nonProxyHosts" value="local|*.local|169.254/16|*.169.254/16"/>
    <property name="java.runtime.version" value="24.0.1"/>
    <property name="user.name" value="daniel.azulay"/>
    <property name="stdout.encoding" value="UTF-8"/>
    <property name="path.separator" value=":"/>
    <property name="os.version" value="15.0.1"/>
    <property name="java.runtime.name" value="OpenJDK Runtime Environment"/>
    <property name="file.encoding" value="UTF-8"/>
    <property name="jnidispatch.path" value="/Users/daniel.azulay/Library/Caches/JNA/temp/jna5346276640657568685.tmp"/>
    <property name="java.vm.name" value="OpenJDK 64-Bit Server VM"/>
    <property name="jna.platform.library.path" value="/usr/lib:/usr/lib"/>
    <property name="java.vendor.version" value="Homebrew"/>
    <property name="localRepository" value="/Users/daniel.azulay/.m2/repository"/>
    <property name="jna.loaded" value="true"/>
    <property name="java.vendor.url.bug" value="https://github.com/Homebrew/homebrew-core/issues"/>
    <property name="org.apache.catalina.STRICT_SERVLET_COMPLIANCE" value="false"/>
    <property name="java.io.tmpdir" value="/var/folders/1q/5cyd__5s1lv35dnh2sj_s3th0000gp/T/"/>
    <property name="catalina.home" value="/private/var/folders/1q/5cyd__5s1lv35dnh2sj_s3th0000gp/T/tomcat.8080.607390146561942911"/>
    <property name="com.zaxxer.hikari.pool_number" value="1"/>
    <property name="java.version" value="24.0.1"/>
    <property name="user.dir" value="/Users/daniel.azulay/Project_course"/>
    <property name="os.arch" value="aarch64"/>
    <property name="java.vm.specification.name" value="Java Virtual Machine Specification"/>
    <property name="PID" value="45451"/>
    <property name="CONSOLE_LOG_CHARSET" value="UTF-8"/>
    <property name="catalina.base" value="/private/var/folders/1q/5cyd__5s1lv35dnh2sj_s3th0000gp/T/tomcat.8080.607390146561942911"/>
    <property name="native.encoding" value="UTF-8"/>
    <property name="java.library.path" value="/Users/daniel.azulay/Library/Java/Extensions:/Library/Java/Extensions:/Network/Library/Java/Extensions:/System/Library/Java/Extensions:/usr/lib/java:."/>
    <property name="java.vm.info" value="mixed mode, sharing"/>
    <property name="stderr.encoding" value="UTF-8"/>
    <property name="java.vendor" value="Homebrew"/>
    <property name="java.vm.version" value="24.0.1"/>
    <property name="sun.io.unicode.encoding" value="UnicodeBig"/>
    <property name="socksNonProxyHosts" value="local|*.local|169.254/16|*.169.254/16"/>
    <property name="java.class.version" value="68.0"/>
  </properties>
  <testcase name="fullBackendHappyPath" classname="AcceptanceTest.RealFlow1Test" time="0.057">
    <error message="failed to lazily initialize a collection of role: DomainLayer.Store.owners: could not initialize proxy - no Session" type="org.hibernate.LazyInitializationException"><![CDATA[org.hibernate.LazyInitializationException: failed to lazily initialize a collection of role: DomainLayer.Store.owners: could not initialize proxy - no Session
	at org.hibernate.collection.spi.AbstractPersistentCollection.throwLazyInitializationException(AbstractPersistentCollection.java:631)
	at org.hibernate.collection.spi.AbstractPersistentCollection.withTemporarySessionIfNeeded(AbstractPersistentCollection.java:218)
	at org.hibernate.collection.spi.AbstractPersistentCollection.readElementExistence(AbstractPersistentCollection.java:332)
	at org.hibernate.collection.spi.PersistentBag.contains(PersistentBag.java:360)
	at DomainLayer.Store.userIsOwner(Store.java:605)
	at DomainLayer.DomainServices.InventoryManagementMicroservice.checkPermission(InventoryManagementMicroservice.java:50)
	at DomainLayer.DomainServices.InventoryManagementMicroservice.addProduct(InventoryManagementMicroservice.java:89)
	at AcceptanceTest.RealFlow1Test.fullBackendHappyPath(RealFlow1.java:73)
	at java.base/jdk.internal.reflect.DirectMethodHandleAccessor.invoke(DirectMethodHandleAccessor.java:104)
	at java.base/java.lang.reflect.Method.invoke(Method.java:565)
	at org.junit.platform.commons.util.ReflectionUtils.invokeMethod(ReflectionUtils.java:727)
	at org.junit.jupiter.engine.execution.MethodInvocation.proceed(MethodInvocation.java:60)
	at org.junit.jupiter.engine.execution.InvocationInterceptorChain$ValidatingInvocation.proceed(InvocationInterceptorChain.java:131)
	at org.junit.jupiter.engine.extension.TimeoutExtension.intercept(TimeoutExtension.java:156)
	at org.junit.jupiter.engine.extension.TimeoutExtension.interceptTestableMethod(TimeoutExtension.java:147)
	at org.junit.jupiter.engine.extension.TimeoutExtension.interceptTestMethod(TimeoutExtension.java:86)
	at org.junit.jupiter.engine.execution.InterceptingExecutableInvoker$ReflectiveInterceptorCall.lambda$ofVoidMethod$0(InterceptingExecutableInvoker.java:103)
	at org.junit.jupiter.engine.execution.InterceptingExecutableInvoker.lambda$invoke$0(InterceptingExecutableInvoker.java:93)
	at org.junit.jupiter.engine.execution.InvocationInterceptorChain$InterceptedInvocation.proceed(InvocationInterceptorChain.java:106)
	at org.junit.jupiter.engine.execution.InvocationInterceptorChain.proceed(InvocationInterceptorChain.java:64)
	at org.junit.jupiter.engine.execution.InvocationInterceptorChain.chainAndInvoke(InvocationInterceptorChain.java:45)
	at org.junit.jupiter.engine.execution.InvocationInterceptorChain.invoke(InvocationInterceptorChain.java:37)
	at org.junit.jupiter.engine.execution.InterceptingExecutableInvoker.invoke(InterceptingExecutableInvoker.java:92)
	at org.junit.jupiter.engine.execution.InterceptingExecutableInvoker.invoke(InterceptingExecutableInvoker.java:86)
	at org.junit.jupiter.engine.descriptor.TestMethodTestDescriptor.lambda$invokeTestMethod$7(TestMethodTestDescriptor.java:217)
	at org.junit.platform.engine.support.hierarchical.ThrowableCollector.execute(ThrowableCollector.java:73)
	at org.junit.jupiter.engine.descriptor.TestMethodTestDescriptor.invokeTestMethod(TestMethodTestDescriptor.java:213)
	at org.junit.jupiter.engine.descriptor.TestMethodTestDescriptor.execute(TestMethodTestDescriptor.java:138)
	at org.junit.jupiter.engine.descriptor.TestMethodTestDescriptor.execute(TestMethodTestDescriptor.java:68)
	at org.junit.platform.engine.support.hierarchical.NodeTestTask.lambda$executeRecursively$6(NodeTestTask.java:151)
	at org.junit.platform.engine.support.hierarchical.ThrowableCollector.execute(ThrowableCollector.java:73)
	at org.junit.platform.engine.support.hierarchical.NodeTestTask.lambda$executeRecursively$8(NodeTestTask.java:141)
	at org.junit.platform.engine.support.hierarchical.Node.around(Node.java:137)
	at org.junit.platform.engine.support.hierarchical.NodeTestTask.lambda$executeRecursively$9(NodeTestTask.java:139)
	at org.junit.platform.engine.support.hierarchical.ThrowableCollector.execute(ThrowableCollector.java:73)
	at org.junit.platform.engine.support.hierarchical.NodeTestTask.executeRecursively(NodeTestTask.java:138)
	at org.junit.platform.engine.support.hierarchical.NodeTestTask.execute(NodeTestTask.java:95)
	at java.base/java.util.ArrayList.forEach(ArrayList.java:1604)
	at org.junit.platform.engine.support.hierarchical.SameThreadHierarchicalTestExecutorService.invokeAll(SameThreadHierarchicalTestExecutorService.java:41)
	at org.junit.platform.engine.support.hierarchical.NodeTestTask.lambda$executeRecursively$6(NodeTestTask.java:155)
	at org.junit.platform.engine.support.hierarchical.ThrowableCollector.execute(ThrowableCollector.java:73)
	at org.junit.platform.engine.support.hierarchical.NodeTestTask.lambda$executeRecursively$8(NodeTestTask.java:141)
	at org.junit.platform.engine.support.hierarchical.Node.around(Node.java:137)
	at org.junit.platform.engine.support.hierarchical.NodeTestTask.lambda$executeRecursively$9(NodeTestTask.java:139)
	at org.junit.platform.engine.support.hierarchical.ThrowableCollector.execute(ThrowableCollector.java:73)
	at org.junit.platform.engine.support.hierarchical.NodeTestTask.executeRecursively(NodeTestTask.java:138)
	at org.junit.platform.engine.support.hierarchical.NodeTestTask.execute(NodeTestTask.java:95)
	at java.base/java.util.ArrayList.forEach(ArrayList.java:1604)
	at org.junit.platform.engine.support.hierarchical.SameThreadHierarchicalTestExecutorService.invokeAll(SameThreadHierarchicalTestExecutorService.java:41)
	at org.junit.platform.engine.support.hierarchical.NodeTestTask.lambda$executeRecursively$6(NodeTestTask.java:155)
	at org.junit.platform.engine.support.hierarchical.ThrowableCollector.execute(ThrowableCollector.java:73)
	at org.junit.platform.engine.support.hierarchical.NodeTestTask.lambda$executeRecursively$8(NodeTestTask.java:141)
	at org.junit.platform.engine.support.hierarchical.Node.around(Node.java:137)
	at org.junit.platform.engine.support.hierarchical.NodeTestTask.lambda$executeRecursively$9(NodeTestTask.java:139)
	at org.junit.platform.engine.support.hierarchical.ThrowableCollector.execute(ThrowableCollector.java:73)
	at org.junit.platform.engine.support.hierarchical.NodeTestTask.executeRecursively(NodeTestTask.java:138)
	at org.junit.platform.engine.support.hierarchical.NodeTestTask.execute(NodeTestTask.java:95)
	at org.junit.platform.engine.support.hierarchical.SameThreadHierarchicalTestExecutorService.submit(SameThreadHierarchicalTestExecutorService.java:35)
	at org.junit.platform.engine.support.hierarchical.HierarchicalTestExecutor.execute(HierarchicalTestExecutor.java:57)
	at org.junit.platform.engine.support.hierarchical.HierarchicalTestEngine.execute(HierarchicalTestEngine.java:54)
	at org.junit.platform.launcher.core.EngineExecutionOrchestrator.execute(EngineExecutionOrchestrator.java:147)
	at org.junit.platform.launcher.core.EngineExecutionOrchestrator.execute(EngineExecutionOrchestrator.java:127)
	at org.junit.platform.launcher.core.EngineExecutionOrchestrator.execute(EngineExecutionOrchestrator.java:90)
	at org.junit.platform.launcher.core.EngineExecutionOrchestrator.lambda$execute$0(EngineExecutionOrchestrator.java:55)
	at org.junit.platform.launcher.core.EngineExecutionOrchestrator.withInterceptedStreams(EngineExecutionOrchestrator.java:102)
	at org.junit.platform.launcher.core.EngineExecutionOrchestrator.execute(EngineExecutionOrchestrator.java:54)
	at org.junit.platform.launcher.core.DefaultLauncher.execute(DefaultLauncher.java:114)
	at org.junit.platform.launcher.core.DefaultLauncher.execute(DefaultLauncher.java:86)
	at org.junit.platform.launcher.core.DefaultLauncherSession$DelegatingLauncher.execute(DefaultLauncherSession.java:86)
	at org.apache.maven.surefire.junitplatform.LazyLauncher.execute(LazyLauncher.java:56)
	at org.apache.maven.surefire.junitplatform.JUnitPlatformProvider.execute(JUnitPlatformProvider.java:184)
	at org.apache.maven.surefire.junitplatform.JUnitPlatformProvider.invokeAllTests(JUnitPlatformProvider.java:148)
	at org.apache.maven.surefire.junitplatform.JUnitPlatformProvider.invoke(JUnitPlatformProvider.java:122)
	at org.apache.maven.surefire.booter.ForkedBooter.runSuitesInProcess(ForkedBooter.java:385)
	at org.apache.maven.surefire.booter.ForkedBooter.execute(ForkedBooter.java:162)
	at org.apache.maven.surefire.booter.ForkedBooter.run(ForkedBooter.java:507)
	at org.apache.maven.surefire.booter.ForkedBooter.main(ForkedBooter.java:495)
]]></error>
    <system-out><![CDATA[
  .   ____          _            __ _ _
 /\\ / ___'_ __ _ _(_)_ __  __ _ \ \ \ \
( ( )\___ | '_ | '_| | '_ \/ _` | \ \ \ \
 \\/  ___)| |_)| | | | | || (_| |  ) ) ) )
  '  |____| .__|_| |_|_| |_\__, | / / / /
 =========|_|==============|___/=/_/_/_/
&amp#27;[32m :: Spring Boot :: &amp#27;[39m              &amp#27;[2m (v3.0.0)&amp#27;[0;39m

&amp#27;[2m2025-06-28T20:05:39.696+03:00&amp#27;[0;39m &amp#27;[32m INFO&amp#27;[0;39m &amp#27;[35m45451&amp#27;[0;39m &amp#27;[2m---&amp#27;[0;39m &amp#27;[2m[           main]&amp#27;[0;39m &amp#27;[36mo.a.maven.surefire.booter.ForkedBooter  &amp#27;[0;39m &amp#27;[2m:&amp#27;[0;39m Starting ForkedBooter v3.1.2 using Java 24.0.1 with PID 45451 (started by daniel.azulay in /Users/daniel.azulay/Project_course)
&amp#27;[2m2025-06-28T20:05:39.697+03:00&amp#27;[0;39m &amp#27;[32m INFO&amp#27;[0;39m &amp#27;[35m45451&amp#27;[0;39m &amp#27;[2m---&amp#27;[0;39m &amp#27;[2m[           main]&amp#27;[0;39m &amp#27;[36mo.a.maven.surefire.booter.ForkedBooter  &amp#27;[0;39m &amp#27;[2m:&amp#27;[0;39m No active profile set, falling back to 1 default profile: "default"
&amp#27;[2m2025-06-28T20:05:39.916+03:00&amp#27;[0;39m &amp#27;[32m INFO&amp#27;[0;39m &amp#27;[35m45451&amp#27;[0;39m &amp#27;[2m---&amp#27;[0;39m &amp#27;[2m[           main]&amp#27;[0;39m &amp#27;[36m.s.d.r.c.RepositoryConfigurationDelegate&amp#27;[0;39m &amp#27;[2m:&amp#27;[0;39m Bootstrapping Spring Data JPA repositories in DEFAULT mode.
&amp#27;[2m2025-06-28T20:05:39.943+03:00&amp#27;[0;39m &amp#27;[32m INFO&amp#27;[0;39m &amp#27;[35m45451&amp#27;[0;39m &amp#27;[2m---&amp#27;[0;39m &amp#27;[2m[           main]&amp#27;[0;39m &amp#27;[36m.s.d.r.c.RepositoryConfigurationDelegate&amp#27;[0;39m &amp#27;[2m:&amp#27;[0;39m Finished Spring Data repository scanning in 24 ms. Found 5 JPA repository interfaces.
&amp#27;[2m2025-06-28T20:05:40.262+03:00&amp#27;[0;39m &amp#27;[32m INFO&amp#27;[0;39m &amp#27;[35m45451&amp#27;[0;39m &amp#27;[2m---&amp#27;[0;39m &amp#27;[2m[           main]&amp#27;[0;39m &amp#27;[36mo.s.b.w.embedded.tomcat.TomcatWebServer &amp#27;[0;39m &amp#27;[2m:&amp#27;[0;39m Tomcat initialized with port(s): 8080 (http)
&amp#27;[2m2025-06-28T20:05:40.266+03:00&amp#27;[0;39m &amp#27;[32m INFO&amp#27;[0;39m &amp#27;[35m45451&amp#27;[0;39m &amp#27;[2m---&amp#27;[0;39m &amp#27;[2m[           main]&amp#27;[0;39m &amp#27;[36mo.apache.catalina.core.StandardService  &amp#27;[0;39m &amp#27;[2m:&amp#27;[0;39m Starting service [Tomcat]
&amp#27;[2m2025-06-28T20:05:40.266+03:00&amp#27;[0;39m &amp#27;[32m INFO&amp#27;[0;39m &amp#27;[35m45451&amp#27;[0;39m &amp#27;[2m---&amp#27;[0;39m &amp#27;[2m[           main]&amp#27;[0;39m &amp#27;[36mo.apache.catalina.core.StandardEngine   &amp#27;[0;39m &amp#27;[2m:&amp#27;[0;39m Starting Servlet engine: [Apache Tomcat/10.1.1]
&amp#27;[2m2025-06-28T20:05:40.304+03:00&amp#27;[0;39m &amp#27;[32m INFO&amp#27;[0;39m &amp#27;[35m45451&amp#27;[0;39m &amp#27;[2m---&amp#27;[0;39m &amp#27;[2m[           main]&amp#27;[0;39m &amp#27;[36mo.a.c.c.C.[Tomcat].[localhost].[/]      &amp#27;[0;39m &amp#27;[2m:&amp#27;[0;39m Initializing Spring embedded WebApplicationContext
&amp#27;[2m2025-06-28T20:05:40.305+03:00&amp#27;[0;39m &amp#27;[32m INFO&amp#27;[0;39m &amp#27;[35m45451&amp#27;[0;39m &amp#27;[2m---&amp#27;[0;39m &amp#27;[2m[           main]&amp#27;[0;39m &amp#27;[36mw.s.c.ServletWebServerApplicationContext&amp#27;[0;39m &amp#27;[2m:&amp#27;[0;39m Root WebApplicationContext: initialization completed in 589 ms
&amp#27;[2m2025-06-28T20:05:40.309+03:00&amp#27;[0;39m &amp#27;[33m WARN&amp#27;[0;39m &amp#27;[35m45451&amp#27;[0;39m &amp#27;[2m---&amp#27;[0;39m &amp#27;[2m[           main]&amp#27;[0;39m &amp#27;[36mocalVariableTableParameterNameDiscoverer&amp#27;[0;39m &amp#27;[2m:&amp#27;[0;39m Using deprecated '-debug' fallback for parameter name resolution. Compile the affected code with '-parameters' instead or avoid its introspection: com.vaadin.flow.spring.SpringBootAutoConfiguration
&amp#27;[2m2025-06-28T20:05:40.355+03:00&amp#27;[0;39m &amp#27;[32m INFO&amp#27;[0;39m &amp#27;[35m45451&amp#27;[0;39m &amp#27;[2m---&amp#27;[0;39m &amp#27;[2m[           main]&amp#27;[0;39m &amp#27;[36mcom.zaxxer.hikari.HikariDataSource      &amp#27;[0;39m &amp#27;[2m:&amp#27;[0;39m HikariPool-1 - Starting...
&amp#27;[2m2025-06-28T20:05:40.442+03:00&amp#27;[0;39m &amp#27;[32m INFO&amp#27;[0;39m &amp#27;[35m45451&amp#27;[0;39m &amp#27;[2m---&amp#27;[0;39m &amp#27;[2m[           main]&amp#27;[0;39m &amp#27;[36mcom.zaxxer.hikari.pool.HikariPool       &amp#27;[0;39m &amp#27;[2m:&amp#27;[0;39m HikariPool-1 - Added connection conn0: url=jdbc:h2:mem:flowdb user=SA
&amp#27;[2m2025-06-28T20:05:40.442+03:00&amp#27;[0;39m &amp#27;[32m INFO&amp#27;[0;39m &amp#27;[35m45451&amp#27;[0;39m &amp#27;[2m---&amp#27;[0;39m &amp#27;[2m[           main]&amp#27;[0;39m &amp#27;[36mcom.zaxxer.hikari.HikariDataSource      &amp#27;[0;39m &amp#27;[2m:&amp#27;[0;39m HikariPool-1 - Start completed.
&amp#27;[2m2025-06-28T20:05:40.448+03:00&amp#27;[0;39m &amp#27;[32m INFO&amp#27;[0;39m &amp#27;[35m45451&amp#27;[0;39m &amp#27;[2m---&amp#27;[0;39m &amp#27;[2m[           main]&amp#27;[0;39m &amp#27;[36mo.s.b.a.h2.H2ConsoleAutoConfiguration   &amp#27;[0;39m &amp#27;[2m:&amp#27;[0;39m H2 console available at '/h2-console'. Database available at 'jdbc:h2:mem:flowdb'
&amp#27;[2m2025-06-28T20:05:42.334+03:00&amp#27;[0;39m &amp#27;[32m INFO&amp#27;[0;39m &amp#27;[35m45451&amp#27;[0;39m &amp#27;[2m---&amp#27;[0;39m &amp#27;[2m[           main]&amp#27;[0;39m &amp#27;[36mc.v.f.s.VaadinServletContextInitializer &amp#27;[0;39m &amp#27;[2m:&amp#27;[0;39m Search for subclasses and classes with annotations took 1814 ms
&amp#27;[2m2025-06-28T20:05:42.540+03:00&amp#27;[0;39m &amp#27;[33m WARN&amp#27;[0;39m &amp#27;[35m45451&amp#27;[0;39m &amp#27;[2m---&amp#27;[0;39m &amp#27;[2m[           main]&amp#27;[0;39m &amp#27;[36moshi.util.platform.mac.SysctlUtil       &amp#27;[0;39m &amp#27;[2m:&amp#27;[0;39m Failed sysctl call: hw.cpufrequency, Error code: 2
&amp#27;[2m2025-06-28T20:05:42.548+03:00&amp#27;[0;39m &amp#27;[32m INFO&amp#27;[0;39m &amp#27;[35m45451&amp#27;[0;39m &amp#27;[2m---&amp#27;[0;39m &amp#27;[2m[           main]&amp#27;[0;39m &amp#27;[36mc.v.b.d.startup.DevModeStartupListener  &amp#27;[0;39m &amp#27;[2m:&amp#27;[0;39m Starting dev-mode updaters in /Users/daniel.azulay/Project_course folder.
&amp#27;[2m2025-06-28T20:05:42.564+03:00&amp#27;[0;39m &amp#27;[32m INFO&amp#27;[0;39m &amp#27;[35m45451&amp#27;[0;39m &amp#27;[2m---&amp#27;[0;39m &amp#27;[2m[           main]&amp#27;[0;39m &amp#27;[36mc.v.f.s.f.s.FullDependenciesScanner     &amp#27;[0;39m &amp#27;[2m:&amp#27;[0;39m Visited 124 classes. Took 10 ms.
&amp#27;[2m2025-06-28T20:05:42.565+03:00&amp#27;[0;39m &amp#27;[32m INFO&amp#27;[0;39m &amp#27;[35m45451&amp#27;[0;39m &amp#27;[2m---&amp#27;[0;39m &amp#27;[2m[           main]&amp#27;[0;39m &amp#27;[36mc.v.f.s.frontend.BundleValidationUtil   &amp#27;[0;39m &amp#27;[2m:&amp#27;[0;39m Checking if a development mode bundle build is needed
&amp#27;[2m2025-06-28T20:05:42.707+03:00&amp#27;[0;39m &amp#27;[32m INFO&amp#27;[0;39m &amp#27;[35m45451&amp#27;[0;39m &amp#27;[2m---&amp#27;[0;39m &amp#27;[2m[           main]&amp#27;[0;39m &amp#27;[36mc.v.f.s.frontend.BundleValidationUtil   &amp#27;[0;39m &amp#27;[2m:&amp#27;[0;39m A development mode bundle build is not needed
&amp#27;[2m2025-06-28T20:05:42.717+03:00&amp#27;[0;39m &amp#27;[32m INFO&amp#27;[0;39m &amp#27;[35m45451&amp#27;[0;39m &amp#27;[2m---&amp#27;[0;39m &amp#27;[2m[onPool-worker-1]&amp#27;[0;39m &amp#27;[36mc.v.f.s.frontend.TaskCopyFrontendFiles  &amp#27;[0;39m &amp#27;[2m:&amp#27;[0;39m Copying frontend resources from jar files ...
&amp#27;[2m2025-06-28T20:05:42.740+03:00&amp#27;[0;39m &amp#27;[32m INFO&amp#27;[0;39m &amp#27;[35m45451&amp#27;[0;39m &amp#27;[2m---&amp#27;[0;39m &amp#27;[2m[onPool-worker-1]&amp#27;[0;39m &amp#27;[36mc.v.f.s.frontend.TaskCopyFrontendFiles  &amp#27;[0;39m &amp#27;[2m:&amp#27;[0;39m Visited 17 resources. Took 23 ms.
&amp#27;[2m2025-06-28T20:05:42.822+03:00&amp#27;[0;39m &amp#27;[32m INFO&amp#27;[0;39m &amp#27;[35m45451&amp#27;[0;39m &amp#27;[2m---&amp#27;[0;39m &amp#27;[2m[           main]&amp#27;[0;39m &amp#27;[36mo.hibernate.jpa.internal.util.LogHelper &amp#27;[0;39m &amp#27;[2m:&amp#27;[0;39m HHH000204: Processing PersistenceUnitInfo [name: default]
&amp#27;[2m2025-06-28T20:05:42.843+03:00&amp#27;[0;39m &amp#27;[32m INFO&amp#27;[0;39m &amp#27;[35m45451&amp#27;[0;39m &amp#27;[2m---&amp#27;[0;39m &amp#27;[2m[           main]&amp#27;[0;39m &amp#27;[36morg.hibernate.Version                   &amp#27;[0;39m &amp#27;[2m:&amp#27;[0;39m HHH000412: Hibernate ORM core version 6.1.5.Final
&amp#27;[2m2025-06-28T20:05:42.901+03:00&amp#27;[0;39m &amp#27;[33m WARN&amp#27;[0;39m &amp#27;[35m45451&amp#27;[0;39m &amp#27;[2m---&amp#27;[0;39m &amp#27;[2m[           main]&amp#27;[0;39m &amp#27;[36morg.hibernate.orm.deprecation           &amp#27;[0;39m &amp#27;[2m:&amp#27;[0;39m HHH90000021: Encountered deprecated setting [javax.persistence.sharedCache.mode], use [jakarta.persistence.sharedCache.mode] instead
&amp#27;[2m2025-06-28T20:05:42.950+03:00&amp#27;[0;39m &amp#27;[32m INFO&amp#27;[0;39m &amp#27;[35m45451&amp#27;[0;39m &amp#27;[2m---&amp#27;[0;39m &amp#27;[2m[           main]&amp#27;[0;39m &amp#27;[36mSQL dialect                             &amp#27;[0;39m &amp#27;[2m:&amp#27;[0;39m HHH000400: Using dialect: org.hibernate.dialect.H2Dialect
&amp#27;[2m2025-06-28T20:05:43.364+03:00&amp#27;[0;39m &amp#27;[32m INFO&amp#27;[0;39m &amp#27;[35m45451&amp#27;[0;39m &amp#27;[2m---&amp#27;[0;39m &amp#27;[2m[           main]&amp#27;[0;39m &amp#27;[36mo.h.e.t.j.p.i.JtaPlatformInitiator      &amp#27;[0;39m &amp#27;[2m:&amp#27;[0;39m HHH000490: Using JtaPlatform implementation: [org.hibernate.engine.transaction.jta.platform.internal.NoJtaPlatform]
&amp#27;[2m2025-06-28T20:05:43.367+03:00&amp#27;[0;39m &amp#27;[32m INFO&amp#27;[0;39m &amp#27;[35m45451&amp#27;[0;39m &amp#27;[2m---&amp#27;[0;39m &amp#27;[2m[           main]&amp#27;[0;39m &amp#27;[36mj.LocalContainerEntityManagerFactoryBean&amp#27;[0;39m &amp#27;[2m:&amp#27;[0;39m Initialized JPA EntityManagerFactory for persistence unit 'default'
&amp#27;[2m2025-06-28T20:05:43.545+03:00&amp#27;[0;39m &amp#27;[33m WARN&amp#27;[0;39m &amp#27;[35m45451&amp#27;[0;39m &amp#27;[2m---&amp#27;[0;39m &amp#27;[2m[           main]&amp#27;[0;39m &amp#27;[36mocalVariableTableParameterNameDiscoverer&amp#27;[0;39m &amp#27;[2m:&amp#27;[0;39m Using deprecated '-debug' fallback for parameter name resolution. Compile the affected code with '-parameters' instead or avoid its introspection: com.vaadin.flow.spring.VaadinServletConfiguration
&amp#27;[2m2025-06-28T20:05:43.561+03:00&amp#27;[0;39m &amp#27;[33m WARN&amp#27;[0;39m &amp#27;[35m45451&amp#27;[0;39m &amp#27;[2m---&amp#27;[0;39m &amp#27;[2m[           main]&amp#27;[0;39m &amp#27;[36mJpaBaseConfiguration$JpaWebConfiguration&amp#27;[0;39m &amp#27;[2m:&amp#27;[0;39m spring.jpa.open-in-view is enabled by default. Therefore, database queries may be performed during view rendering. Explicitly configure spring.jpa.open-in-view to disable this warning
&amp#27;[2m2025-06-28T20:05:43.696+03:00&amp#27;[0;39m &amp#27;[32m INFO&amp#27;[0;39m &amp#27;[35m45451&amp#27;[0;39m &amp#27;[2m---&amp#27;[0;39m &amp#27;[2m[           main]&amp#27;[0;39m &amp#27;[36mo.s.b.a.e.web.EndpointLinksResolver     &amp#27;[0;39m &amp#27;[2m:&amp#27;[0;39m Exposing 1 endpoint(s) beneath base path '/actuator'
&amp#27;[2m2025-06-28T20:05:43.711+03:00&amp#27;[0;39m &amp#27;[32m INFO&amp#27;[0;39m &amp#27;[35m45451&amp#27;[0;39m &amp#27;[2m---&amp#27;[0;39m &amp#27;[2m[           main]&amp#27;[0;39m &amp#27;[36morg.atmosphere.cpr.AtmosphereFramework  &amp#27;[0;39m &amp#27;[2m:&amp#27;[0;39m Installed AtmosphereHandler com.vaadin.flow.server.communication.PushAtmosphereHandler mapped to context-path: /*
&amp#27;[2m2025-06-28T20:05:43.711+03:00&amp#27;[0;39m &amp#27;[32m INFO&amp#27;[0;39m &amp#27;[35m45451&amp#27;[0;39m &amp#27;[2m---&amp#27;[0;39m &amp#27;[2m[           main]&amp#27;[0;39m &amp#27;[36morg.atmosphere.cpr.AtmosphereFramework  &amp#27;[0;39m &amp#27;[2m:&amp#27;[0;39m Installed the following AtmosphereInterceptor mapped to AtmosphereHandler com.vaadin.flow.server.communication.PushAtmosphereHandler
&amp#27;[2m2025-06-28T20:05:43.724+03:00&amp#27;[0;39m &amp#27;[32m INFO&amp#27;[0;39m &amp#27;[35m45451&amp#27;[0;39m &amp#27;[2m---&amp#27;[0;39m &amp#27;[2m[           main]&amp#27;[0;39m &amp#27;[36morg.atmosphere.cpr.AtmosphereFramework  &amp#27;[0;39m &amp#27;[2m:&amp#27;[0;39m Atmosphere is using org.atmosphere.util.VoidAnnotationProcessor for processing annotation
&amp#27;[2m2025-06-28T20:05:43.727+03:00&amp#27;[0;39m &amp#27;[32m INFO&amp#27;[0;39m &amp#27;[35m45451&amp#27;[0;39m &amp#27;[2m---&amp#27;[0;39m &amp#27;[2m[           main]&amp#27;[0;39m &amp#27;[36morg.atmosphere.util.ForkJoinPool        &amp#27;[0;39m &amp#27;[2m:&amp#27;[0;39m Using ForkJoinPool  java.util.concurrent.ForkJoinPool. Set the org.atmosphere.cpr.broadcaster.maxAsyncWriteThreads to -1 to fully use its power.
&amp#27;[2m2025-06-28T20:05:43.728+03:00&amp#27;[0;39m &amp#27;[32m INFO&amp#27;[0;39m &amp#27;[35m45451&amp#27;[0;39m &amp#27;[2m---&amp#27;[0;39m &amp#27;[2m[           main]&amp#27;[0;39m &amp#27;[36morg.atmosphere.cpr.AtmosphereFramework  &amp#27;[0;39m &amp#27;[2m:&amp#27;[0;39m Installed WebSocketProtocol org.atmosphere.websocket.protocol.SimpleHttpProtocol 
&amp#27;[2m2025-06-28T20:05:43.730+03:00&amp#27;[0;39m &amp#27;[32m INFO&amp#27;[0;39m &amp#27;[35m45451&amp#27;[0;39m &amp#27;[2m---&amp#27;[0;39m &amp#27;[2m[           main]&amp#27;[0;39m &amp#27;[36mo.a.container.JSR356AsyncSupport        &amp#27;[0;39m &amp#27;[2m:&amp#27;[0;39m JSR 356 Mapping path /VAADIN/push
&amp#27;[2m2025-06-28T20:05:43.732+03:00&amp#27;[0;39m &amp#27;[32m INFO&amp#27;[0;39m &amp#27;[35m45451&amp#27;[0;39m &amp#27;[2m---&amp#27;[0;39m &amp#27;[2m[           main]&amp#27;[0;39m &amp#27;[36morg.atmosphere.cpr.AtmosphereFramework  &amp#27;[0;39m &amp#27;[2m:&amp#27;[0;39m Installing Default AtmosphereInterceptors
&amp#27;[2m2025-06-28T20:05:43.732+03:00&amp#27;[0;39m &amp#27;[32m INFO&amp#27;[0;39m &amp#27;[35m45451&amp#27;[0;39m &amp#27;[2m---&amp#27;[0;39m &amp#27;[2m[           main]&amp#27;[0;39m &amp#27;[36morg.atmosphere.cpr.AtmosphereFramework  &amp#27;[0;39m &amp#27;[2m:&amp#27;[0;39m 	org.atmosphere.interceptor.CorsInterceptor : CORS Interceptor Support
&amp#27;[2m2025-06-28T20:05:43.732+03:00&amp#27;[0;39m &amp#27;[32m INFO&amp#27;[0;39m &amp#27;[35m45451&amp#27;[0;39m &amp#27;[2m---&amp#27;[0;39m &amp#27;[2m[           main]&amp#27;[0;39m &amp#27;[36morg.atmosphere.cpr.AtmosphereFramework  &amp#27;[0;39m &amp#27;[2m:&amp#27;[0;39m 	org.atmosphere.interceptor.CacheHeadersInterceptor : Default Response's Headers Interceptor
&amp#27;[2m2025-06-28T20:05:43.733+03:00&amp#27;[0;39m &amp#27;[32m INFO&amp#27;[0;39m &amp#27;[35m45451&amp#27;[0;39m &amp#27;[2m---&amp#27;[0;39m &amp#27;[2m[           main]&amp#27;[0;39m &amp#27;[36morg.atmosphere.cpr.AtmosphereFramework  &amp#27;[0;39m &amp#27;[2m:&amp#27;[0;39m 	org.atmosphere.interceptor.PaddingAtmosphereInterceptor : Browser Padding Interceptor Support
&amp#27;[2m2025-06-28T20:05:43.733+03:00&amp#27;[0;39m &amp#27;[32m INFO&amp#27;[0;39m &amp#27;[35m45451&amp#27;[0;39m &amp#27;[2m---&amp#27;[0;39m &amp#27;[2m[           main]&amp#27;[0;39m &amp#27;[36morg.atmosphere.cpr.AtmosphereFramework  &amp#27;[0;39m &amp#27;[2m:&amp#27;[0;39m 	org.atmosphere.interceptor.AndroidAtmosphereInterceptor : Android Interceptor Support
&amp#27;[2m2025-06-28T20:05:43.733+03:00&amp#27;[0;39m &amp#27;[32m INFO&amp#27;[0;39m &amp#27;[35m45451&amp#27;[0;39m &amp#27;[2m---&amp#27;[0;39m &amp#27;[2m[           main]&amp#27;[0;39m &amp#27;[36morg.atmosphere.cpr.AtmosphereFramework  &amp#27;[0;39m &amp#27;[2m:&amp#27;[0;39m 	org.atmosphere.interceptor.HeartbeatInterceptor : Heartbeat Interceptor Support
&amp#27;[2m2025-06-28T20:05:43.733+03:00&amp#27;[0;39m &amp#27;[32m INFO&amp#27;[0;39m &amp#27;[35m45451&amp#27;[0;39m &amp#27;[2m---&amp#27;[0;39m &amp#27;[2m[           main]&amp#27;[0;39m &amp#27;[36morg.atmosphere.cpr.AtmosphereFramework  &amp#27;[0;39m &amp#27;[2m:&amp#27;[0;39m 	org.atmosphere.interceptor.SSEAtmosphereInterceptor : SSE Interceptor Support
&amp#27;[2m2025-06-28T20:05:43.733+03:00&amp#27;[0;39m &amp#27;[32m INFO&amp#27;[0;39m &amp#27;[35m45451&amp#27;[0;39m &amp#27;[2m---&amp#27;[0;39m &amp#27;[2m[           main]&amp#27;[0;39m &amp#27;[36morg.atmosphere.cpr.AtmosphereFramework  &amp#27;[0;39m &amp#27;[2m:&amp#27;[0;39m 	org.atmosphere.interceptor.JSONPAtmosphereInterceptor : JSONP Interceptor Support
&amp#27;[2m2025-06-28T20:05:43.733+03:00&amp#27;[0;39m &amp#27;[32m INFO&amp#27;[0;39m &amp#27;[35m45451&amp#27;[0;39m &amp#27;[2m---&amp#27;[0;39m &amp#27;[2m[           main]&amp#27;[0;39m &amp#27;[36morg.atmosphere.cpr.AtmosphereFramework  &amp#27;[0;39m &amp#27;[2m:&amp#27;[0;39m 	org.atmosphere.interceptor.JavaScriptProtocol : Atmosphere JavaScript Protocol
&amp#27;[2m2025-06-28T20:05:43.733+03:00&amp#27;[0;39m &amp#27;[32m INFO&amp#27;[0;39m &amp#27;[35m45451&amp#27;[0;39m &amp#27;[2m---&amp#27;[0;39m &amp#27;[2m[           main]&amp#27;[0;39m &amp#27;[36morg.atmosphere.cpr.AtmosphereFramework  &amp#27;[0;39m &amp#27;[2m:&amp#27;[0;39m 	org.atmosphere.interceptor.WebSocketMessageSuspendInterceptor : org.atmosphere.interceptor.WebSocketMessageSuspendInterceptor
&amp#27;[2m2025-06-28T20:05:43.734+03:00&amp#27;[0;39m &amp#27;[32m INFO&amp#27;[0;39m &amp#27;[35m45451&amp#27;[0;39m &amp#27;[2m---&amp#27;[0;39m &amp#27;[2m[           main]&amp#27;[0;39m &amp#27;[36morg.atmosphere.cpr.AtmosphereFramework  &amp#27;[0;39m &amp#27;[2m:&amp#27;[0;39m 	org.atmosphere.interceptor.OnDisconnectInterceptor : Browser disconnection detection
&amp#27;[2m2025-06-28T20:05:43.734+03:00&amp#27;[0;39m &amp#27;[32m INFO&amp#27;[0;39m &amp#27;[35m45451&amp#27;[0;39m &amp#27;[2m---&amp#27;[0;39m &amp#27;[2m[           main]&amp#27;[0;39m &amp#27;[36morg.atmosphere.cpr.AtmosphereFramework  &amp#27;[0;39m &amp#27;[2m:&amp#27;[0;39m 	org.atmosphere.interceptor.IdleResourceInterceptor : org.atmosphere.interceptor.IdleResourceInterceptor
&amp#27;[2m2025-06-28T20:05:43.734+03:00&amp#27;[0;39m &amp#27;[32m INFO&amp#27;[0;39m &amp#27;[35m45451&amp#27;[0;39m &amp#27;[2m---&amp#27;[0;39m &amp#27;[2m[           main]&amp#27;[0;39m &amp#27;[36morg.atmosphere.cpr.AtmosphereFramework  &amp#27;[0;39m &amp#27;[2m:&amp#27;[0;39m Set org.atmosphere.cpr.AtmosphereInterceptor.disableDefaults to disable them.
&amp#27;[2m2025-06-28T20:05:43.734+03:00&amp#27;[0;39m &amp#27;[32m INFO&amp#27;[0;39m &amp#27;[35m45451&amp#27;[0;39m &amp#27;[2m---&amp#27;[0;39m &amp#27;[2m[           main]&amp#27;[0;39m &amp#27;[36morg.atmosphere.cpr.AtmosphereFramework  &amp#27;[0;39m &amp#27;[2m:&amp#27;[0;39m Installed AtmosphereInterceptor CORS Interceptor Support with priority FIRST_BEFORE_DEFAULT 
&amp#27;[2m2025-06-28T20:05:43.734+03:00&amp#27;[0;39m &amp#27;[32m INFO&amp#27;[0;39m &amp#27;[35m45451&amp#27;[0;39m &amp#27;[2m---&amp#27;[0;39m &amp#27;[2m[           main]&amp#27;[0;39m &amp#27;[36morg.atmosphere.cpr.AtmosphereFramework  &amp#27;[0;39m &amp#27;[2m:&amp#27;[0;39m Installed AtmosphereInterceptor Default Response's Headers Interceptor with priority AFTER_DEFAULT 
&amp#27;[2m2025-06-28T20:05:43.734+03:00&amp#27;[0;39m &amp#27;[32m INFO&amp#27;[0;39m &amp#27;[35m45451&amp#27;[0;39m &amp#27;[2m---&amp#27;[0;39m &amp#27;[2m[           main]&amp#27;[0;39m &amp#27;[36morg.atmosphere.cpr.AtmosphereFramework  &amp#27;[0;39m &amp#27;[2m:&amp#27;[0;39m Installed AtmosphereInterceptor Browser Padding Interceptor Support with priority AFTER_DEFAULT 
&amp#27;[2m2025-06-28T20:05:43.734+03:00&amp#27;[0;39m &amp#27;[32m INFO&amp#27;[0;39m &amp#27;[35m45451&amp#27;[0;39m &amp#27;[2m---&amp#27;[0;39m &amp#27;[2m[           main]&amp#27;[0;39m &amp#27;[36morg.atmosphere.cpr.AtmosphereFramework  &amp#27;[0;39m &amp#27;[2m:&amp#27;[0;39m Installed AtmosphereInterceptor Android Interceptor Support with priority AFTER_DEFAULT 
&amp#27;[2m2025-06-28T20:05:43.734+03:00&amp#27;[0;39m &amp#27;[32m INFO&amp#27;[0;39m &amp#27;[35m45451&amp#27;[0;39m &amp#27;[2m---&amp#27;[0;39m &amp#27;[2m[           main]&amp#27;[0;39m &amp#27;[36mo.a.interceptor.HeartbeatInterceptor    &amp#27;[0;39m &amp#27;[2m:&amp#27;[0;39m HeartbeatInterceptor configured with padding value 'X', client frequency 0 seconds and server frequency 60 seconds
&amp#27;[2m2025-06-28T20:05:43.734+03:00&amp#27;[0;39m &amp#27;[32m INFO&amp#27;[0;39m &amp#27;[35m45451&amp#27;[0;39m &amp#27;[2m---&amp#27;[0;39m &amp#27;[2m[           main]&amp#27;[0;39m &amp#27;[36morg.atmosphere.cpr.AtmosphereFramework  &amp#27;[0;39m &amp#27;[2m:&amp#27;[0;39m Installed AtmosphereInterceptor Heartbeat Interceptor Support with priority AFTER_DEFAULT 
&amp#27;[2m2025-06-28T20:05:43.734+03:00&amp#27;[0;39m &amp#27;[32m INFO&amp#27;[0;39m &amp#27;[35m45451&amp#27;[0;39m &amp#27;[2m---&amp#27;[0;39m &amp#27;[2m[           main]&amp#27;[0;39m &amp#27;[36morg.atmosphere.cpr.AtmosphereFramework  &amp#27;[0;39m &amp#27;[2m:&amp#27;[0;39m Installed AtmosphereInterceptor SSE Interceptor Support with priority AFTER_DEFAULT 
&amp#27;[2m2025-06-28T20:05:43.734+03:00&amp#27;[0;39m &amp#27;[32m INFO&amp#27;[0;39m &amp#27;[35m45451&amp#27;[0;39m &amp#27;[2m---&amp#27;[0;39m &amp#27;[2m[           main]&amp#27;[0;39m &amp#27;[36morg.atmosphere.cpr.AtmosphereFramework  &amp#27;[0;39m &amp#27;[2m:&amp#27;[0;39m Installed AtmosphereInterceptor JSONP Interceptor Support with priority AFTER_DEFAULT 
&amp#27;[2m2025-06-28T20:05:43.734+03:00&amp#27;[0;39m &amp#27;[32m INFO&amp#27;[0;39m &amp#27;[35m45451&amp#27;[0;39m &amp#27;[2m---&amp#27;[0;39m &amp#27;[2m[           main]&amp#27;[0;39m &amp#27;[36morg.atmosphere.cpr.AtmosphereFramework  &amp#27;[0;39m &amp#27;[2m:&amp#27;[0;39m Installed AtmosphereInterceptor Atmosphere JavaScript Protocol with priority AFTER_DEFAULT 
&amp#27;[2m2025-06-28T20:05:43.734+03:00&amp#27;[0;39m &amp#27;[32m INFO&amp#27;[0;39m &amp#27;[35m45451&amp#27;[0;39m &amp#27;[2m---&amp#27;[0;39m &amp#27;[2m[           main]&amp#27;[0;39m &amp#27;[36morg.atmosphere.cpr.AtmosphereFramework  &amp#27;[0;39m &amp#27;[2m:&amp#27;[0;39m Installed AtmosphereInterceptor org.atmosphere.interceptor.WebSocketMessageSuspendInterceptor with priority AFTER_DEFAULT 
&amp#27;[2m2025-06-28T20:05:43.734+03:00&amp#27;[0;39m &amp#27;[32m INFO&amp#27;[0;39m &amp#27;[35m45451&amp#27;[0;39m &amp#27;[2m---&amp#27;[0;39m &amp#27;[2m[           main]&amp#27;[0;39m &amp#27;[36morg.atmosphere.cpr.AtmosphereFramework  &amp#27;[0;39m &amp#27;[2m:&amp#27;[0;39m Installed AtmosphereInterceptor Browser disconnection detection with priority AFTER_DEFAULT 
&amp#27;[2m2025-06-28T20:05:43.734+03:00&amp#27;[0;39m &amp#27;[32m INFO&amp#27;[0;39m &amp#27;[35m45451&amp#27;[0;39m &amp#27;[2m---&amp#27;[0;39m &amp#27;[2m[           main]&amp#27;[0;39m &amp#27;[36morg.atmosphere.cpr.AtmosphereFramework  &amp#27;[0;39m &amp#27;[2m:&amp#27;[0;39m Installed AtmosphereInterceptor org.atmosphere.interceptor.IdleResourceInterceptor with priority BEFORE_DEFAULT 
&amp#27;[2m2025-06-28T20:05:43.735+03:00&amp#27;[0;39m &amp#27;[32m INFO&amp#27;[0;39m &amp#27;[35m45451&amp#27;[0;39m &amp#27;[2m---&amp#27;[0;39m &amp#27;[2m[           main]&amp#27;[0;39m &amp#27;[36morg.atmosphere.cpr.AtmosphereFramework  &amp#27;[0;39m &amp#27;[2m:&amp#27;[0;39m Using EndpointMapper class org.atmosphere.util.DefaultEndpointMapper
&amp#27;[2m2025-06-28T20:05:43.735+03:00&amp#27;[0;39m &amp#27;[32m INFO&amp#27;[0;39m &amp#27;[35m45451&amp#27;[0;39m &amp#27;[2m---&amp#27;[0;39m &amp#27;[2m[           main]&amp#27;[0;39m &amp#27;[36morg.atmosphere.cpr.AtmosphereFramework  &amp#27;[0;39m &amp#27;[2m:&amp#27;[0;39m Using BroadcasterCache: org.atmosphere.cache.UUIDBroadcasterCache
&amp#27;[2m2025-06-28T20:05:43.735+03:00&amp#27;[0;39m &amp#27;[32m INFO&amp#27;[0;39m &amp#27;[35m45451&amp#27;[0;39m &amp#27;[2m---&amp#27;[0;39m &amp#27;[2m[           main]&amp#27;[0;39m &amp#27;[36morg.atmosphere.cpr.AtmosphereFramework  &amp#27;[0;39m &amp#27;[2m:&amp#27;[0;39m Default Broadcaster Class: org.atmosphere.cpr.DefaultBroadcaster
&amp#27;[2m2025-06-28T20:05:43.735+03:00&amp#27;[0;39m &amp#27;[32m INFO&amp#27;[0;39m &amp#27;[35m45451&amp#27;[0;39m &amp#27;[2m---&amp#27;[0;39m &amp#27;[2m[           main]&amp#27;[0;39m &amp#27;[36morg.atmosphere.cpr.AtmosphereFramework  &amp#27;[0;39m &amp#27;[2m:&amp#27;[0;39m Broadcaster Shared List Resources: false
&amp#27;[2m2025-06-28T20:05:43.735+03:00&amp#27;[0;39m &amp#27;[32m INFO&amp#27;[0;39m &amp#27;[35m45451&amp#27;[0;39m &amp#27;[2m---&amp#27;[0;39m &amp#27;[2m[           main]&amp#27;[0;39m &amp#27;[36morg.atmosphere.cpr.AtmosphereFramework  &amp#27;[0;39m &amp#27;[2m:&amp#27;[0;39m Broadcaster Polling Wait Time 100
&amp#27;[2m2025-06-28T20:05:43.735+03:00&amp#27;[0;39m &amp#27;[32m INFO&amp#27;[0;39m &amp#27;[35m45451&amp#27;[0;39m &amp#27;[2m---&amp#27;[0;39m &amp#27;[2m[           main]&amp#27;[0;39m &amp#27;[36morg.atmosphere.cpr.AtmosphereFramework  &amp#27;[0;39m &amp#27;[2m:&amp#27;[0;39m Shared ExecutorService supported: true
&amp#27;[2m2025-06-28T20:05:43.735+03:00&amp#27;[0;39m &amp#27;[32m INFO&amp#27;[0;39m &amp#27;[35m45451&amp#27;[0;39m &amp#27;[2m---&amp#27;[0;39m &amp#27;[2m[           main]&amp#27;[0;39m &amp#27;[36morg.atmosphere.cpr.AtmosphereFramework  &amp#27;[0;39m &amp#27;[2m:&amp#27;[0;39m Messaging ExecutorService Pool Size unavailable - Not instance of ThreadPoolExecutor
&amp#27;[2m2025-06-28T20:05:43.735+03:00&amp#27;[0;39m &amp#27;[32m INFO&amp#27;[0;39m &amp#27;[35m45451&amp#27;[0;39m &amp#27;[2m---&amp#27;[0;39m &amp#27;[2m[           main]&amp#27;[0;39m &amp#27;[36morg.atmosphere.cpr.AtmosphereFramework  &amp#27;[0;39m &amp#27;[2m:&amp#27;[0;39m Async I/O Thread Pool Size: 200
&amp#27;[2m2025-06-28T20:05:43.735+03:00&amp#27;[0;39m &amp#27;[32m INFO&amp#27;[0;39m &amp#27;[35m45451&amp#27;[0;39m &amp#27;[2m---&amp#27;[0;39m &amp#27;[2m[           main]&amp#27;[0;39m &amp#27;[36morg.atmosphere.cpr.AtmosphereFramework  &amp#27;[0;39m &amp#27;[2m:&amp#27;[0;39m Using BroadcasterFactory: org.atmosphere.cpr.DefaultBroadcasterFactory
&amp#27;[2m2025-06-28T20:05:43.735+03:00&amp#27;[0;39m &amp#27;[32m INFO&amp#27;[0;39m &amp#27;[35m45451&amp#27;[0;39m &amp#27;[2m---&amp#27;[0;39m &amp#27;[2m[           main]&amp#27;[0;39m &amp#27;[36morg.atmosphere.cpr.AtmosphereFramework  &amp#27;[0;39m &amp#27;[2m:&amp#27;[0;39m Using AtmosphereResurceFactory: org.atmosphere.cpr.DefaultAtmosphereResourceFactory
&amp#27;[2m2025-06-28T20:05:43.735+03:00&amp#27;[0;39m &amp#27;[32m INFO&amp#27;[0;39m &amp#27;[35m45451&amp#27;[0;39m &amp#27;[2m---&amp#27;[0;39m &amp#27;[2m[           main]&amp#27;[0;39m &amp#27;[36morg.atmosphere.cpr.AtmosphereFramework  &amp#27;[0;39m &amp#27;[2m:&amp#27;[0;39m Using WebSocketProcessor: org.atmosphere.websocket.DefaultWebSocketProcessor
&amp#27;[2m2025-06-28T20:05:43.736+03:00&amp#27;[0;39m &amp#27;[32m INFO&amp#27;[0;39m &amp#27;[35m45451&amp#27;[0;39m &amp#27;[2m---&amp#27;[0;39m &amp#27;[2m[           main]&amp#27;[0;39m &amp#27;[36morg.atmosphere.cpr.AtmosphereFramework  &amp#27;[0;39m &amp#27;[2m:&amp#27;[0;39m Invoke AtmosphereInterceptor on WebSocket message true
&amp#27;[2m2025-06-28T20:05:43.736+03:00&amp#27;[0;39m &amp#27;[32m INFO&amp#27;[0;39m &amp#27;[35m45451&amp#27;[0;39m &amp#27;[2m---&amp#27;[0;39m &amp#27;[2m[           main]&amp#27;[0;39m &amp#27;[36morg.atmosphere.cpr.AtmosphereFramework  &amp#27;[0;39m &amp#27;[2m:&amp#27;[0;39m HttpSession supported: true
&amp#27;[2m2025-06-28T20:05:43.736+03:00&amp#27;[0;39m &amp#27;[32m INFO&amp#27;[0;39m &amp#27;[35m45451&amp#27;[0;39m &amp#27;[2m---&amp#27;[0;39m &amp#27;[2m[           main]&amp#27;[0;39m &amp#27;[36morg.atmosphere.cpr.AtmosphereFramework  &amp#27;[0;39m &amp#27;[2m:&amp#27;[0;39m Atmosphere is using org.atmosphere.inject.InjectableObjectFactory for dependency injection and object creation
&amp#27;[2m2025-06-28T20:05:43.736+03:00&amp#27;[0;39m &amp#27;[32m INFO&amp#27;[0;39m &amp#27;[35m45451&amp#27;[0;39m &amp#27;[2m---&amp#27;[0;39m &amp#27;[2m[           main]&amp#27;[0;39m &amp#27;[36morg.atmosphere.cpr.AtmosphereFramework  &amp#27;[0;39m &amp#27;[2m:&amp#27;[0;39m Atmosphere is using async support: org.atmosphere.container.JSR356AsyncSupport running under container: Apache Tomcat/10.1.1 using jakarta.servlet/3.0 and jsr356/WebSocket API
&amp#27;[2m2025-06-28T20:05:43.736+03:00&amp#27;[0;39m &amp#27;[32m INFO&amp#27;[0;39m &amp#27;[35m45451&amp#27;[0;39m &amp#27;[2m---&amp#27;[0;39m &amp#27;[2m[           main]&amp#27;[0;39m &amp#27;[36morg.atmosphere.cpr.AtmosphereFramework  &amp#27;[0;39m &amp#27;[2m:&amp#27;[0;39m Atmosphere Framework 3.0.3.slf4jvaadin1 started.
&amp#27;[2m2025-06-28T20:05:43.738+03:00&amp#27;[0;39m &amp#27;[32m INFO&amp#27;[0;39m &amp#27;[35m45451&amp#27;[0;39m &amp#27;[2m---&amp#27;[0;39m &amp#27;[2m[           main]&amp#27;[0;39m &amp#27;[36morg.atmosphere.cpr.AtmosphereFramework  &amp#27;[0;39m &amp#27;[2m:&amp#27;[0;39m Installed AtmosphereInterceptor  Track Message Size Interceptor using | with priority BEFORE_DEFAULT 
&amp#27;[2m2025-06-28T20:05:43.760+03:00&amp#27;[0;39m &amp#27;[32m INFO&amp#27;[0;39m &amp#27;[35m45451&amp#27;[0;39m &amp#27;[2m---&amp#27;[0;39m &amp#27;[2m[           main]&amp#27;[0;39m &amp#27;[36mc.v.f.s.DefaultDeploymentConfiguration  &amp#27;[0;39m &amp#27;[2m:&amp#27;[0;39m 
Vaadin is running in DEVELOPMENT mode - do not use for production deployments.
&amp#27;[2m2025-06-28T20:05:43.772+03:00&amp#27;[0;39m &amp#27;[32m INFO&amp#27;[0;39m &amp#27;[35m45451&amp#27;[0;39m &amp#27;[2m---&amp#27;[0;39m &amp#27;[2m[           main]&amp#27;[0;39m &amp#27;[36mo.s.b.w.embedded.tomcat.TomcatWebServer &amp#27;[0;39m &amp#27;[2m:&amp#27;[0;39m Tomcat started on port(s): 8080 (http) with context path ''
&amp#27;[2m2025-06-28T20:05:43.780+03:00&amp#27;[0;39m &amp#27;[32m INFO&amp#27;[0;39m &amp#27;[35m45451&amp#27;[0;39m &amp#27;[2m---&amp#27;[0;39m &amp#27;[2m[           main]&amp#27;[0;39m &amp#27;[36mo.a.maven.surefire.booter.ForkedBooter  &amp#27;[0;39m &amp#27;[2m:&amp#27;[0;39m Started ForkedBooter in 4.206 seconds (process running for 4.445)
]]></system-out>
  </testcase>
</testsuite>