<?xml version="1.0" encoding="UTF-8"?>
<testsuite xmlns:xsi="http://www.w3.org/2001/XMLSchema-instance" xsi:noNamespaceSchemaLocation="https://maven.apache.org/surefire/maven-surefire-plugin/xsd/surefire-test-report-3.0.xsd" version="3.0" name="ServiceLayer.PaymentServiceTest" time="0.102" tests="4" errors="0" skipped="0" failures="0">
  <properties>
    <property name="java.specification.version" value="17"/>
    <property name="sun.cpu.isalist" value="amd64"/>
    <property name="sun.jnu.encoding" value="Cp1252"/>
    <property name="java.class.path" value="C:\Users\river\Desktop\finale\Project_course\target\test-classes;C:\Users\river\Desktop\finale\Project_course\target\classes;C:\Users\river\.m2\repository\com\vaadin\vaadin-spring-boot-starter\24.2.4\vaadin-spring-boot-starter-24.2.4.jar;C:\Users\river\.m2\repository\com\vaadin\vaadin-spring\24.2.3\vaadin-spring-24.2.3.jar;C:\Users\river\.m2\repository\com\vaadin\flow-server\24.2.3\flow-server-24.2.3.jar;C:\Users\river\.m2\repository\com\vaadin\servletdetector\throw-if-servlet3\1.0.2\throw-if-servlet3-1.0.2.jar;C:\Users\river\.m2\repository\com\vaadin\external\gwt\gwt-elemental\2.8.2.vaadin2\gwt-elemental-2.8.2.vaadin2.jar;C:\Users\river\.m2\repository\org\apache\commons\commons-fileupload2-jakarta\2.0.0-M1\commons-fileupload2-jakarta-2.0.0-M1.jar;C:\Users\river\.m2\repository\org\apache\commons\commons-fileupload2-core\2.0.0-M1\commons-fileupload2-core-2.0.0-M1.jar;C:\Users\river\.m2\repository\commons-io\commons-io\2.13.0\commons-io-2.13.0.jar;C:\Users\river\.m2\repository\org\jsoup\jsoup\1.16.1\jsoup-1.16.1.jar;C:\Users\river\.m2\repository\com\helger\ph-css\7.0.1\ph-css-7.0.1.jar;C:\Users\river\.m2\repository\com\helger\commons\ph-commons\11.1.0\ph-commons-11.1.0.jar;C:\Users\river\.m2\repository\org\ow2\asm\asm\9.5\asm-9.5.jar;C:\Users\river\.m2\repository\com\vaadin\external\gentyref\1.2.0.vaadin1\gentyref-1.2.0.vaadin1.jar;C:\Users\river\.m2\repository\org\apache\commons\commons-compress\1.24.0\commons-compress-1.24.0.jar;C:\Users\river\.m2\repository\com\vaadin\flow-push\24.2.3\flow-push-24.2.3.jar;C:\Users\river\.m2\repository\com\vaadin\external\atmosphere\atmosphere-runtime\3.0.3.slf4jvaadin1\atmosphere-runtime-3.0.3.slf4jvaadin1.jar;C:\Users\river\.m2\repository\com\vaadin\flow-client\24.2.3\flow-client-24.2.3.jar;C:\Users\river\.m2\repository\org\hibernate\validator\hibernate-validator\8.0.0.Final\hibernate-validator-8.0.0.Final.jar;C:\Users\river\.m2\repository\jakarta\validation\jakarta.validation-api\3.0.2\jakarta.validation-api-3.0.2.jar;C:\Users\river\.m2\repository\org\reflections\reflections\0.10.2\reflections-0.10.2.jar;C:\Users\river\.m2\repository\org\javassist\javassist\3.28.0-GA\javassist-3.28.0-GA.jar;C:\Users\river\.m2\repository\com\google\code\findbugs\jsr305\3.0.2\jsr305-3.0.2.jar;C:\Users\river\.m2\repository\com\vaadin\vaadin-core\24.2.4\vaadin-core-24.2.4.jar;C:\Users\river\.m2\repository\com\vaadin\vaadin-core-internal\24.2.4\vaadin-core-internal-24.2.4.jar;C:\Users\river\.m2\repository\com\vaadin\flow-lit-template\24.2.3\flow-lit-template-24.2.3.jar;C:\Users\river\.m2\repository\com\vaadin\flow-html-components\24.2.3\flow-html-components-24.2.3.jar;C:\Users\river\.m2\repository\com\vaadin\flow-data\24.2.3\flow-data-24.2.3.jar;C:\Users\river\.m2\repository\com\vaadin\flow-dnd\24.2.3\flow-dnd-24.2.3.jar;C:\Users\river\.m2\repository\com\vaadin\vaadin-lumo-theme\24.2.4\vaadin-lumo-theme-24.2.4.jar;C:\Users\river\.m2\repository\com\vaadin\vaadin-material-theme\24.2.4\vaadin-material-theme-24.2.4.jar;C:\Users\river\.m2\repository\com\vaadin\vaadin-accordion-flow\24.2.4\vaadin-accordion-flow-24.2.4.jar;C:\Users\river\.m2\repository\com\vaadin\vaadin-avatar-flow\24.2.4\vaadin-avatar-flow-24.2.4.jar;C:\Users\river\.m2\repository\com\vaadin\vaadin-flow-components-base\24.2.4\vaadin-flow-components-base-24.2.4.jar;C:\Users\river\.m2\repository\com\vaadin\vaadin-button-flow\24.2.4\vaadin-button-flow-24.2.4.jar;C:\Users\river\.m2\repository\com\vaadin\vaadin-checkbox-flow\24.2.4\vaadin-checkbox-flow-24.2.4.jar;C:\Users\river\.m2\repository\com\vaadin\vaadin-combo-box-flow\24.2.4\vaadin-combo-box-flow-24.2.4.jar;C:\Users\river\.m2\repository\com\vaadin\vaadin-confirm-dialog-flow\24.2.4\vaadin-confirm-dialog-flow-24.2.4.jar;C:\Users\river\.m2\repository\com\vaadin\vaadin-custom-field-flow\24.2.4\vaadin-custom-field-flow-24.2.4.jar;C:\Users\river\.m2\repository\com\vaadin\vaadin-date-picker-flow\24.2.4\vaadin-date-picker-flow-24.2.4.jar;C:\Users\river\.m2\repository\com\vaadin\vaadin-date-time-picker-flow\24.2.4\vaadin-date-time-picker-flow-24.2.4.jar;C:\Users\river\.m2\repository\com\vaadin\vaadin-details-flow\24.2.4\vaadin-details-flow-24.2.4.jar;C:\Users\river\.m2\repository\com\vaadin\vaadin-time-picker-flow\24.2.4\vaadin-time-picker-flow-24.2.4.jar;C:\Users\river\.m2\repository\com\vaadin\vaadin-select-flow\24.2.4\vaadin-select-flow-24.2.4.jar;C:\Users\river\.m2\repository\com\vaadin\vaadin-side-nav-flow\24.2.4\vaadin-side-nav-flow-24.2.4.jar;C:\Users\river\.m2\repository\com\vaadin\vaadin-dialog-flow\24.2.4\vaadin-dialog-flow-24.2.4.jar;C:\Users\river\.m2\repository\com\vaadin\vaadin-form-layout-flow\24.2.4\vaadin-form-layout-flow-24.2.4.jar;C:\Users\river\.m2\repository\com\vaadin\vaadin-field-highlighter-flow\24.2.4\vaadin-field-highlighter-flow-24.2.4.jar;C:\Users\river\.m2\repository\com\vaadin\vaadin-grid-flow\24.2.4\vaadin-grid-flow-24.2.4.jar;C:\Users\river\.m2\repository\org\apache\commons\commons-lang3\3.12.0\commons-lang3-3.12.0.jar;C:\Users\river\.m2\repository\com\vaadin\vaadin-icons-flow\24.2.4\vaadin-icons-flow-24.2.4.jar;C:\Users\river\.m2\repository\com\vaadin\vaadin-virtual-list-flow\24.2.4\vaadin-virtual-list-flow-24.2.4.jar;C:\Users\river\.m2\repository\com\vaadin\vaadin-list-box-flow\24.2.4\vaadin-list-box-flow-24.2.4.jar;C:\Users\river\.m2\repository\com\vaadin\vaadin-login-flow\24.2.4\vaadin-login-flow-24.2.4.jar;C:\Users\river\.m2\repository\com\vaadin\vaadin-messages-flow\24.2.4\vaadin-messages-flow-24.2.4.jar;C:\Users\river\.m2\repository\com\vaadin\vaadin-ordered-layout-flow\24.2.4\vaadin-ordered-layout-flow-24.2.4.jar;C:\Users\river\.m2\repository\com\vaadin\vaadin-progress-bar-flow\24.2.4\vaadin-progress-bar-flow-24.2.4.jar;C:\Users\river\.m2\repository\com\vaadin\vaadin-radio-button-flow\24.2.4\vaadin-radio-button-flow-24.2.4.jar;C:\Users\river\.m2\repository\com\vaadin\vaadin-renderer-flow\24.2.4\vaadin-renderer-flow-24.2.4.jar;C:\Users\river\.m2\repository\com\vaadin\vaadin-split-layout-flow\24.2.4\vaadin-split-layout-flow-24.2.4.jar;C:\Users\river\.m2\repository\com\vaadin\vaadin-tabs-flow\24.2.4\vaadin-tabs-flow-24.2.4.jar;C:\Users\river\.m2\repository\com\vaadin\vaadin-text-field-flow\24.2.4\vaadin-text-field-flow-24.2.4.jar;C:\Users\river\.m2\repository\com\vaadin\vaadin-upload-flow\24.2.4\vaadin-upload-flow-24.2.4.jar;C:\Users\river\.m2\repository\com\vaadin\vaadin-notification-flow\24.2.4\vaadin-notification-flow-24.2.4.jar;C:\Users\river\.m2\repository\com\vaadin\vaadin-app-layout-flow\24.2.4\vaadin-app-layout-flow-24.2.4.jar;C:\Users\river\.m2\repository\com\vaadin\vaadin-context-menu-flow\24.2.4\vaadin-context-menu-flow-24.2.4.jar;C:\Users\river\.m2\repository\com\vaadin\vaadin-menu-bar-flow\24.2.4\vaadin-menu-bar-flow-24.2.4.jar;C:\Users\river\.m2\repository\com\vaadin\vaadin-dev\24.2.4\vaadin-dev-24.2.4.jar;C:\Users\river\.m2\repository\com\vaadin\vaadin-dev-server\24.2.3\vaadin-dev-server-24.2.3.jar;C:\Users\river\.m2\repository\com\vaadin\license-checker\1.12.3\license-checker-1.12.3.jar;C:\Users\river\.m2\repository\com\github\oshi\oshi-core\6.4.1\oshi-core-6.4.1.jar;C:\Users\river\.m2\repository\net\java\dev\jna\jna\5.13.0\jna-5.13.0.jar;C:\Users\river\.m2\repository\net\java\dev\jna\jna-platform\5.13.0\jna-platform-5.13.0.jar;C:\Users\river\.m2\repository\com\nimbusds\nimbus-jose-jwt\9.31\nimbus-jose-jwt-9.31.jar;C:\Users\river\.m2\repository\org\lucee\jcip-annotations\1.0.0\jcip-annotations-1.0.0.jar;C:\Users\river\.m2\repository\com\vaadin\open\8.5.0\open-8.5.0.jar;C:\Users\river\.m2\repository\com\github\javaparser\javaparser-core\3.25.5\javaparser-core-3.25.5.jar;C:\Users\river\.m2\repository\io\methvin\directory-watcher\0.18.0\directory-watcher-0.18.0.jar;C:\Users\river\.m2\repository\com\vaadin\vaadin-dev-bundle\24.2.4\vaadin-dev-bundle-24.2.4.jar;C:\Users\river\.m2\repository\org\springframework\boot\spring-boot-starter-web\3.0.0\spring-boot-starter-web-3.0.0.jar;C:\Users\river\.m2\repository\org\springframework\boot\spring-boot-starter\3.0.0\spring-boot-starter-3.0.0.jar;C:\Users\river\.m2\repository\org\springframework\boot\spring-boot\3.0.0\spring-boot-3.0.0.jar;C:\Users\river\.m2\repository\org\springframework\boot\spring-boot-autoconfigure\3.0.0\spring-boot-autoconfigure-3.0.0.jar;C:\Users\river\.m2\repository\org\springframework\boot\spring-boot-starter-logging\3.0.0\spring-boot-starter-logging-3.0.0.jar;C:\Users\river\.m2\repository\ch\qos\logback\logback-classic\1.4.5\logback-classic-1.4.5.jar;C:\Users\river\.m2\repository\ch\qos\logback\logback-core\1.4.5\logback-core-1.4.5.jar;C:\Users\river\.m2\repository\org\apache\logging\log4j\log4j-to-slf4j\2.19.0\log4j-to-slf4j-2.19.0.jar;C:\Users\river\.m2\repository\org\apache\logging\log4j\log4j-api\2.19.0\log4j-api-2.19.0.jar;C:\Users\river\.m2\repository\org\slf4j\jul-to-slf4j\2.0.4\jul-to-slf4j-2.0.4.jar;C:\Users\river\.m2\repository\jakarta\annotation\jakarta.annotation-api\2.1.1\jakarta.annotation-api-2.1.1.jar;C:\Users\river\.m2\repository\org\yaml\snakeyaml\1.33\snakeyaml-1.33.jar;C:\Users\river\.m2\repository\org\springframework\boot\spring-boot-starter-json\3.0.0\spring-boot-starter-json-3.0.0.jar;C:\Users\river\.m2\repository\com\fasterxml\jackson\datatype\jackson-datatype-jdk8\2.14.1\jackson-datatype-jdk8-2.14.1.jar;C:\Users\river\.m2\repository\com\fasterxml\jackson\datatype\jackson-datatype-jsr310\2.14.1\jackson-datatype-jsr310-2.14.1.jar;C:\Users\river\.m2\repository\com\fasterxml\jackson\module\jackson-module-parameter-names\2.14.1\jackson-module-parameter-names-2.14.1.jar;C:\Users\river\.m2\repository\org\springframework\boot\spring-boot-starter-tomcat\3.0.0\spring-boot-starter-tomcat-3.0.0.jar;C:\Users\river\.m2\repository\org\apache\tomcat\embed\tomcat-embed-core\10.1.1\tomcat-embed-core-10.1.1.jar;C:\Users\river\.m2\repository\org\apache\tomcat\embed\tomcat-embed-el\10.1.1\tomcat-embed-el-10.1.1.jar;C:\Users\river\.m2\repository\org\apache\tomcat\embed\tomcat-embed-websocket\10.1.1\tomcat-embed-websocket-10.1.1.jar;C:\Users\river\.m2\repository\org\springframework\spring-web\6.0.2\spring-web-6.0.2.jar;C:\Users\river\.m2\repository\org\springframework\spring-beans\6.0.2\spring-beans-6.0.2.jar;C:\Users\river\.m2\repository\org\springframework\spring-webmvc\6.0.2\spring-webmvc-6.0.2.jar;C:\Users\river\.m2\repository\org\springframework\spring-aop\6.0.2\spring-aop-6.0.2.jar;C:\Users\river\.m2\repository\org\springframework\spring-context\6.0.2\spring-context-6.0.2.jar;C:\Users\river\.m2\repository\org\springframework\spring-expression\6.0.2\spring-expression-6.0.2.jar;C:\Users\river\.m2\repository\com\fasterxml\jackson\datatype\jackson-datatype-hibernate6\2.17.0\jackson-datatype-hibernate6-2.17.0.jar;C:\Users\river\.m2\repository\jakarta\transaction\jakarta.transaction-api\2.0.1\jakarta.transaction-api-2.0.1.jar;C:\Users\river\.m2\repository\io\micrometer\micrometer-observation\1.10.4\micrometer-observation-1.10.4.jar;C:\Users\river\.m2\repository\io\micrometer\micrometer-commons\1.10.2\micrometer-commons-1.10.2.jar;C:\Users\river\.m2\repository\jakarta\servlet\jakarta.servlet-api\6.0.0\jakarta.servlet-api-6.0.0.jar;C:\Users\river\.m2\repository\org\springframework\boot\spring-boot-starter-test\3.0.0\spring-boot-starter-test-3.0.0.jar;C:\Users\river\.m2\repository\org\springframework\boot\spring-boot-test\3.0.0\spring-boot-test-3.0.0.jar;C:\Users\river\.m2\repository\org\springframework\boot\spring-boot-test-autoconfigure\3.0.0\spring-boot-test-autoconfigure-3.0.0.jar;C:\Users\river\.m2\repository\com\jayway\jsonpath\json-path\2.7.0\json-path-2.7.0.jar;C:\Users\river\.m2\repository\net\minidev\json-smart\2.4.8\json-smart-2.4.8.jar;C:\Users\river\.m2\repository\net\minidev\accessors-smart\2.4.8\accessors-smart-2.4.8.jar;C:\Users\river\.m2\repository\jakarta\xml\bind\jakarta.xml.bind-api\4.0.0\jakarta.xml.bind-api-4.0.0.jar;C:\Users\river\.m2\repository\jakarta\activation\jakarta.activation-api\2.1.0\jakarta.activation-api-2.1.0.jar;C:\Users\river\.m2\repository\org\assertj\assertj-core\3.23.1\assertj-core-3.23.1.jar;C:\Users\river\.m2\repository\org\hamcrest\hamcrest\2.2\hamcrest-2.2.jar;C:\Users\river\.m2\repository\org\skyscreamer\jsonassert\1.5.1\jsonassert-1.5.1.jar;C:\Users\river\.m2\repository\com\vaadin\external\google\android-json\0.0.20131108.vaadin1\android-json-0.0.20131108.vaadin1.jar;C:\Users\river\.m2\repository\org\springframework\spring-core\6.0.2\spring-core-6.0.2.jar;C:\Users\river\.m2\repository\org\springframework\spring-jcl\6.0.2\spring-jcl-6.0.2.jar;C:\Users\river\.m2\repository\org\springframework\spring-test\6.0.2\spring-test-6.0.2.jar;C:\Users\river\.m2\repository\org\xmlunit\xmlunit-core\2.9.0\xmlunit-core-2.9.0.jar;C:\Users\river\.m2\repository\org\junit\jupiter\junit-jupiter\5.10.0\junit-jupiter-5.10.0.jar;C:\Users\river\.m2\repository\org\junit\jupiter\junit-jupiter-api\5.9.1\junit-jupiter-api-5.9.1.jar;C:\Users\river\.m2\repository\org\opentest4j\opentest4j\1.2.0\opentest4j-1.2.0.jar;C:\Users\river\.m2\repository\org\junit\platform\junit-platform-commons\1.9.1\junit-platform-commons-1.9.1.jar;C:\Users\river\.m2\repository\org\apiguardian\apiguardian-api\1.1.2\apiguardian-api-1.1.2.jar;C:\Users\river\.m2\repository\org\junit\jupiter\junit-jupiter-params\5.9.1\junit-jupiter-params-5.9.1.jar;C:\Users\river\.m2\repository\org\junit\jupiter\junit-jupiter-engine\5.9.1\junit-jupiter-engine-5.9.1.jar;C:\Users\river\.m2\repository\org\junit\platform\junit-platform-engine\1.9.1\junit-platform-engine-1.9.1.jar;C:\Users\river\.m2\repository\org\mockito\mockito-core\5.17.0\mockito-core-5.17.0.jar;C:\Users\river\.m2\repository\org\objenesis\objenesis\3.3\objenesis-3.3.jar;C:\Users\river\.m2\repository\org\mockito\mockito-junit-jupiter\5.11.0\mockito-junit-jupiter-5.11.0.jar;C:\Users\river\.m2\repository\net\bytebuddy\byte-buddy\1.14.15\byte-buddy-1.14.15.jar;C:\Users\river\.m2\repository\net\bytebuddy\byte-buddy-agent\1.14.15\byte-buddy-agent-1.14.15.jar;C:\Users\river\.m2\repository\org\mindrot\jbcrypt\0.4\jbcrypt-0.4.jar;C:\Users\river\.m2\repository\io\jsonwebtoken\jjwt-api\0.11.5\jjwt-api-0.11.5.jar;C:\Users\river\.m2\repository\io\jsonwebtoken\jjwt-impl\0.11.5\jjwt-impl-0.11.5.jar;C:\Users\river\.m2\repository\io\jsonwebtoken\jjwt-jackson\0.11.5\jjwt-jackson-0.11.5.jar;C:\Users\river\.m2\repository\com\fasterxml\jackson\core\jackson-databind\2.15.2\jackson-databind-2.15.2.jar;C:\Users\river\.m2\repository\com\fasterxml\jackson\core\jackson-core\2.15.2\jackson-core-2.15.2.jar;C:\Users\river\.m2\repository\com\fasterxml\jackson\core\jackson-annotations\2.15.2\jackson-annotations-2.15.2.jar;C:\Users\river\.m2\repository\org\testng\testng\7.11.0\testng-7.11.0.jar;C:\Users\river\.m2\repository\org\slf4j\slf4j-api\2.0.4\slf4j-api-2.0.4.jar;C:\Users\river\.m2\repository\org\jcommander\jcommander\1.83\jcommander-1.83.jar;C:\Users\river\.m2\repository\org\webjars\jquery\3.7.1\jquery-3.7.1.jar;C:\Users\river\.m2\repository\org\springframework\boot\spring-boot-starter-websocket\3.0.0\spring-boot-starter-websocket-3.0.0.jar;C:\Users\river\.m2\repository\org\springframework\spring-messaging\6.0.2\spring-messaging-6.0.2.jar;C:\Users\river\.m2\repository\org\springframework\spring-websocket\6.0.2\spring-websocket-6.0.2.jar;C:\Users\river\.m2\repository\com\mysql\mysql-connector-j\8.3.0\mysql-connector-j-8.3.0.jar;C:\Users\river\.m2\repository\org\postgresql\postgresql\42.7.1\postgresql-42.7.1.jar;C:\Users\river\.m2\repository\org\checkerframework\checker-qual\3.41.0\checker-qual-3.41.0.jar;C:\Users\river\.m2\repository\com\h2database\h2\2.1.214\h2-2.1.214.jar;C:\Users\river\.m2\repository\org\jboss\logging\jboss-logging\3.5.3.Final\jboss-logging-3.5.3.Final.jar;C:\Users\river\.m2\repository\org\springframework\boot\spring-boot-starter-data-jpa\3.0.0\spring-boot-starter-data-jpa-3.0.0.jar;C:\Users\river\.m2\repository\org\springframework\boot\spring-boot-starter-aop\3.0.0\spring-boot-starter-aop-3.0.0.jar;C:\Users\river\.m2\repository\org\aspectj\aspectjweaver\1.9.9.1\aspectjweaver-1.9.9.1.jar;C:\Users\river\.m2\repository\org\springframework\boot\spring-boot-starter-jdbc\3.0.0\spring-boot-starter-jdbc-3.0.0.jar;C:\Users\river\.m2\repository\com\zaxxer\HikariCP\5.0.1\HikariCP-5.0.1.jar;C:\Users\river\.m2\repository\org\springframework\spring-jdbc\6.0.2\spring-jdbc-6.0.2.jar;C:\Users\river\.m2\repository\org\hibernate\orm\hibernate-core\6.1.5.Final\hibernate-core-6.1.5.Final.jar;C:\Users\river\.m2\repository\jakarta\persistence\jakarta.persistence-api\3.1.0\jakarta.persistence-api-3.1.0.jar;C:\Users\river\.m2\repository\org\hibernate\common\hibernate-commons-annotations\6.0.2.Final\hibernate-commons-annotations-6.0.2.Final.jar;C:\Users\river\.m2\repository\org\jboss\jandex\2.4.2.Final\jandex-2.4.2.Final.jar;C:\Users\river\.m2\repository\com\fasterxml\classmate\1.5.1\classmate-1.5.1.jar;C:\Users\river\.m2\repository\org\glassfish\jaxb\jaxb-runtime\4.0.1\jaxb-runtime-4.0.1.jar;C:\Users\river\.m2\repository\org\glassfish\jaxb\jaxb-core\4.0.1\jaxb-core-4.0.1.jar;C:\Users\river\.m2\repository\org\eclipse\angus\angus-activation\1.0.0\angus-activation-1.0.0.jar;C:\Users\river\.m2\repository\org\glassfish\jaxb\txw2\4.0.1\txw2-4.0.1.jar;C:\Users\river\.m2\repository\com\sun\istack\istack-commons-runtime\4.1.1\istack-commons-runtime-4.1.1.jar;C:\Users\river\.m2\repository\jakarta\inject\jakarta.inject-api\2.0.0\jakarta.inject-api-2.0.0.jar;C:\Users\river\.m2\repository\org\antlr\antlr4-runtime\4.10.1\antlr4-runtime-4.10.1.jar;C:\Users\river\.m2\repository\org\springframework\data\spring-data-jpa\3.0.0\spring-data-jpa-3.0.0.jar;C:\Users\river\.m2\repository\org\springframework\data\spring-data-commons\3.0.0\spring-data-commons-3.0.0.jar;C:\Users\river\.m2\repository\org\springframework\spring-orm\6.0.2\spring-orm-6.0.2.jar;C:\Users\river\.m2\repository\org\springframework\spring-tx\6.0.2\spring-tx-6.0.2.jar;C:\Users\river\.m2\repository\org\springframework\spring-aspects\6.0.2\spring-aspects-6.0.2.jar;C:\Users\river\.m2\repository\org\springframework\boot\spring-boot-starter-actuator\3.0.0\spring-boot-starter-actuator-3.0.0.jar;C:\Users\river\.m2\repository\org\springframework\boot\spring-boot-actuator-autoconfigure\3.0.0\spring-boot-actuator-autoconfigure-3.0.0.jar;C:\Users\river\.m2\repository\org\springframework\boot\spring-boot-actuator\3.0.0\spring-boot-actuator-3.0.0.jar;C:\Users\river\.m2\repository\io\micrometer\micrometer-core\1.10.2\micrometer-core-1.10.2.jar;C:\Users\river\.m2\repository\org\hdrhistogram\HdrHistogram\2.1.12\HdrHistogram-2.1.12.jar;C:\Users\river\.m2\repository\org\latencyutils\LatencyUtils\2.0.3\LatencyUtils-2.0.3.jar;"/>
    <property name="java.vm.vendor" value="Eclipse Adoptium"/>
    <property name="sun.arch.data.model" value="64"/>
    <property name="user.variant" value=""/>
    <property name="spring.devtools.livereload.port" value="35729"/>
    <property name="java.vendor.url" value="https://adoptium.net/"/>
    <property name="catalina.useNaming" value="false"/>
    <property name="user.timezone" value="Asia/Jerusalem"/>
    <property name="org.jboss.logging.provider" value="slf4j"/>
    <property name="user.country.format" value="IL"/>
    <property name="os.name" value="Windows 11"/>
    <property name="java.vm.specification.version" value="17"/>
    <property name="sun.java.launcher" value="SUN_STANDARD"/>
    <property name="user.country" value="GB"/>
    <property name="sun.boot.library.path" value="C:\Program Files\Eclipse Adoptium\jdk-17.0.15.6-hotspot\bin"/>
    <property name="sun.java.command" value="C:\Users\river\AppData\Local\Temp\surefire17369431048906662712\surefirebooter-20250628042743479_3.jar C:\Users\river\AppData\Local\Temp\surefire17369431048906662712 2025-06-28T04-27-43_380-jvmRun1 surefire-20250628042743479_1tmp surefire_0-20250628042743479_2tmp"/>
    <property name="jdk.debug" value="release"/>
    <property name="surefire.test.class.path" value="C:\Users\river\Desktop\finale\Project_course\target\test-classes;C:\Users\river\Desktop\finale\Project_course\target\classes;C:\Users\river\.m2\repository\com\vaadin\vaadin-spring-boot-starter\24.2.4\vaadin-spring-boot-starter-24.2.4.jar;C:\Users\river\.m2\repository\com\vaadin\vaadin-spring\24.2.3\vaadin-spring-24.2.3.jar;C:\Users\river\.m2\repository\com\vaadin\flow-server\24.2.3\flow-server-24.2.3.jar;C:\Users\river\.m2\repository\com\vaadin\servletdetector\throw-if-servlet3\1.0.2\throw-if-servlet3-1.0.2.jar;C:\Users\river\.m2\repository\com\vaadin\external\gwt\gwt-elemental\2.8.2.vaadin2\gwt-elemental-2.8.2.vaadin2.jar;C:\Users\river\.m2\repository\org\apache\commons\commons-fileupload2-jakarta\2.0.0-M1\commons-fileupload2-jakarta-2.0.0-M1.jar;C:\Users\river\.m2\repository\org\apache\commons\commons-fileupload2-core\2.0.0-M1\commons-fileupload2-core-2.0.0-M1.jar;C:\Users\river\.m2\repository\commons-io\commons-io\2.13.0\commons-io-2.13.0.jar;C:\Users\river\.m2\repository\org\jsoup\jsoup\1.16.1\jsoup-1.16.1.jar;C:\Users\river\.m2\repository\com\helger\ph-css\7.0.1\ph-css-7.0.1.jar;C:\Users\river\.m2\repository\com\helger\commons\ph-commons\11.1.0\ph-commons-11.1.0.jar;C:\Users\river\.m2\repository\org\ow2\asm\asm\9.5\asm-9.5.jar;C:\Users\river\.m2\repository\com\vaadin\external\gentyref\1.2.0.vaadin1\gentyref-1.2.0.vaadin1.jar;C:\Users\river\.m2\repository\org\apache\commons\commons-compress\1.24.0\commons-compress-1.24.0.jar;C:\Users\river\.m2\repository\com\vaadin\flow-push\24.2.3\flow-push-24.2.3.jar;C:\Users\river\.m2\repository\com\vaadin\external\atmosphere\atmosphere-runtime\3.0.3.slf4jvaadin1\atmosphere-runtime-3.0.3.slf4jvaadin1.jar;C:\Users\river\.m2\repository\com\vaadin\flow-client\24.2.3\flow-client-24.2.3.jar;C:\Users\river\.m2\repository\org\hibernate\validator\hibernate-validator\8.0.0.Final\hibernate-validator-8.0.0.Final.jar;C:\Users\river\.m2\repository\jakarta\validation\jakarta.validation-api\3.0.2\jakarta.validation-api-3.0.2.jar;C:\Users\river\.m2\repository\org\reflections\reflections\0.10.2\reflections-0.10.2.jar;C:\Users\river\.m2\repository\org\javassist\javassist\3.28.0-GA\javassist-3.28.0-GA.jar;C:\Users\river\.m2\repository\com\google\code\findbugs\jsr305\3.0.2\jsr305-3.0.2.jar;C:\Users\river\.m2\repository\com\vaadin\vaadin-core\24.2.4\vaadin-core-24.2.4.jar;C:\Users\river\.m2\repository\com\vaadin\vaadin-core-internal\24.2.4\vaadin-core-internal-24.2.4.jar;C:\Users\river\.m2\repository\com\vaadin\flow-lit-template\24.2.3\flow-lit-template-24.2.3.jar;C:\Users\river\.m2\repository\com\vaadin\flow-html-components\24.2.3\flow-html-components-24.2.3.jar;C:\Users\river\.m2\repository\com\vaadin\flow-data\24.2.3\flow-data-24.2.3.jar;C:\Users\river\.m2\repository\com\vaadin\flow-dnd\24.2.3\flow-dnd-24.2.3.jar;C:\Users\river\.m2\repository\com\vaadin\vaadin-lumo-theme\24.2.4\vaadin-lumo-theme-24.2.4.jar;C:\Users\river\.m2\repository\com\vaadin\vaadin-material-theme\24.2.4\vaadin-material-theme-24.2.4.jar;C:\Users\river\.m2\repository\com\vaadin\vaadin-accordion-flow\24.2.4\vaadin-accordion-flow-24.2.4.jar;C:\Users\river\.m2\repository\com\vaadin\vaadin-avatar-flow\24.2.4\vaadin-avatar-flow-24.2.4.jar;C:\Users\river\.m2\repository\com\vaadin\vaadin-flow-components-base\24.2.4\vaadin-flow-components-base-24.2.4.jar;C:\Users\river\.m2\repository\com\vaadin\vaadin-button-flow\24.2.4\vaadin-button-flow-24.2.4.jar;C:\Users\river\.m2\repository\com\vaadin\vaadin-checkbox-flow\24.2.4\vaadin-checkbox-flow-24.2.4.jar;C:\Users\river\.m2\repository\com\vaadin\vaadin-combo-box-flow\24.2.4\vaadin-combo-box-flow-24.2.4.jar;C:\Users\river\.m2\repository\com\vaadin\vaadin-confirm-dialog-flow\24.2.4\vaadin-confirm-dialog-flow-24.2.4.jar;C:\Users\river\.m2\repository\com\vaadin\vaadin-custom-field-flow\24.2.4\vaadin-custom-field-flow-24.2.4.jar;C:\Users\river\.m2\repository\com\vaadin\vaadin-date-picker-flow\24.2.4\vaadin-date-picker-flow-24.2.4.jar;C:\Users\river\.m2\repository\com\vaadin\vaadin-date-time-picker-flow\24.2.4\vaadin-date-time-picker-flow-24.2.4.jar;C:\Users\river\.m2\repository\com\vaadin\vaadin-details-flow\24.2.4\vaadin-details-flow-24.2.4.jar;C:\Users\river\.m2\repository\com\vaadin\vaadin-time-picker-flow\24.2.4\vaadin-time-picker-flow-24.2.4.jar;C:\Users\river\.m2\repository\com\vaadin\vaadin-select-flow\24.2.4\vaadin-select-flow-24.2.4.jar;C:\Users\river\.m2\repository\com\vaadin\vaadin-side-nav-flow\24.2.4\vaadin-side-nav-flow-24.2.4.jar;C:\Users\river\.m2\repository\com\vaadin\vaadin-dialog-flow\24.2.4\vaadin-dialog-flow-24.2.4.jar;C:\Users\river\.m2\repository\com\vaadin\vaadin-form-layout-flow\24.2.4\vaadin-form-layout-flow-24.2.4.jar;C:\Users\river\.m2\repository\com\vaadin\vaadin-field-highlighter-flow\24.2.4\vaadin-field-highlighter-flow-24.2.4.jar;C:\Users\river\.m2\repository\com\vaadin\vaadin-grid-flow\24.2.4\vaadin-grid-flow-24.2.4.jar;C:\Users\river\.m2\repository\org\apache\commons\commons-lang3\3.12.0\commons-lang3-3.12.0.jar;C:\Users\river\.m2\repository\com\vaadin\vaadin-icons-flow\24.2.4\vaadin-icons-flow-24.2.4.jar;C:\Users\river\.m2\repository\com\vaadin\vaadin-virtual-list-flow\24.2.4\vaadin-virtual-list-flow-24.2.4.jar;C:\Users\river\.m2\repository\com\vaadin\vaadin-list-box-flow\24.2.4\vaadin-list-box-flow-24.2.4.jar;C:\Users\river\.m2\repository\com\vaadin\vaadin-login-flow\24.2.4\vaadin-login-flow-24.2.4.jar;C:\Users\river\.m2\repository\com\vaadin\vaadin-messages-flow\24.2.4\vaadin-messages-flow-24.2.4.jar;C:\Users\river\.m2\repository\com\vaadin\vaadin-ordered-layout-flow\24.2.4\vaadin-ordered-layout-flow-24.2.4.jar;C:\Users\river\.m2\repository\com\vaadin\vaadin-progress-bar-flow\24.2.4\vaadin-progress-bar-flow-24.2.4.jar;C:\Users\river\.m2\repository\com\vaadin\vaadin-radio-button-flow\24.2.4\vaadin-radio-button-flow-24.2.4.jar;C:\Users\river\.m2\repository\com\vaadin\vaadin-renderer-flow\24.2.4\vaadin-renderer-flow-24.2.4.jar;C:\Users\river\.m2\repository\com\vaadin\vaadin-split-layout-flow\24.2.4\vaadin-split-layout-flow-24.2.4.jar;C:\Users\river\.m2\repository\com\vaadin\vaadin-tabs-flow\24.2.4\vaadin-tabs-flow-24.2.4.jar;C:\Users\river\.m2\repository\com\vaadin\vaadin-text-field-flow\24.2.4\vaadin-text-field-flow-24.2.4.jar;C:\Users\river\.m2\repository\com\vaadin\vaadin-upload-flow\24.2.4\vaadin-upload-flow-24.2.4.jar;C:\Users\river\.m2\repository\com\vaadin\vaadin-notification-flow\24.2.4\vaadin-notification-flow-24.2.4.jar;C:\Users\river\.m2\repository\com\vaadin\vaadin-app-layout-flow\24.2.4\vaadin-app-layout-flow-24.2.4.jar;C:\Users\river\.m2\repository\com\vaadin\vaadin-context-menu-flow\24.2.4\vaadin-context-menu-flow-24.2.4.jar;C:\Users\river\.m2\repository\com\vaadin\vaadin-menu-bar-flow\24.2.4\vaadin-menu-bar-flow-24.2.4.jar;C:\Users\river\.m2\repository\com\vaadin\vaadin-dev\24.2.4\vaadin-dev-24.2.4.jar;C:\Users\river\.m2\repository\com\vaadin\vaadin-dev-server\24.2.3\vaadin-dev-server-24.2.3.jar;C:\Users\river\.m2\repository\com\vaadin\license-checker\1.12.3\license-checker-1.12.3.jar;C:\Users\river\.m2\repository\com\github\oshi\oshi-core\6.4.1\oshi-core-6.4.1.jar;C:\Users\river\.m2\repository\net\java\dev\jna\jna\5.13.0\jna-5.13.0.jar;C:\Users\river\.m2\repository\net\java\dev\jna\jna-platform\5.13.0\jna-platform-5.13.0.jar;C:\Users\river\.m2\repository\com\nimbusds\nimbus-jose-jwt\9.31\nimbus-jose-jwt-9.31.jar;C:\Users\river\.m2\repository\org\lucee\jcip-annotations\1.0.0\jcip-annotations-1.0.0.jar;C:\Users\river\.m2\repository\com\vaadin\open\8.5.0\open-8.5.0.jar;C:\Users\river\.m2\repository\com\github\javaparser\javaparser-core\3.25.5\javaparser-core-3.25.5.jar;C:\Users\river\.m2\repository\io\methvin\directory-watcher\0.18.0\directory-watcher-0.18.0.jar;C:\Users\river\.m2\repository\com\vaadin\vaadin-dev-bundle\24.2.4\vaadin-dev-bundle-24.2.4.jar;C:\Users\river\.m2\repository\org\springframework\boot\spring-boot-starter-web\3.0.0\spring-boot-starter-web-3.0.0.jar;C:\Users\river\.m2\repository\org\springframework\boot\spring-boot-starter\3.0.0\spring-boot-starter-3.0.0.jar;C:\Users\river\.m2\repository\org\springframework\boot\spring-boot\3.0.0\spring-boot-3.0.0.jar;C:\Users\river\.m2\repository\org\springframework\boot\spring-boot-autoconfigure\3.0.0\spring-boot-autoconfigure-3.0.0.jar;C:\Users\river\.m2\repository\org\springframework\boot\spring-boot-starter-logging\3.0.0\spring-boot-starter-logging-3.0.0.jar;C:\Users\river\.m2\repository\ch\qos\logback\logback-classic\1.4.5\logback-classic-1.4.5.jar;C:\Users\river\.m2\repository\ch\qos\logback\logback-core\1.4.5\logback-core-1.4.5.jar;C:\Users\river\.m2\repository\org\apache\logging\log4j\log4j-to-slf4j\2.19.0\log4j-to-slf4j-2.19.0.jar;C:\Users\river\.m2\repository\org\apache\logging\log4j\log4j-api\2.19.0\log4j-api-2.19.0.jar;C:\Users\river\.m2\repository\org\slf4j\jul-to-slf4j\2.0.4\jul-to-slf4j-2.0.4.jar;C:\Users\river\.m2\repository\jakarta\annotation\jakarta.annotation-api\2.1.1\jakarta.annotation-api-2.1.1.jar;C:\Users\river\.m2\repository\org\yaml\snakeyaml\1.33\snakeyaml-1.33.jar;C:\Users\river\.m2\repository\org\springframework\boot\spring-boot-starter-json\3.0.0\spring-boot-starter-json-3.0.0.jar;C:\Users\river\.m2\repository\com\fasterxml\jackson\datatype\jackson-datatype-jdk8\2.14.1\jackson-datatype-jdk8-2.14.1.jar;C:\Users\river\.m2\repository\com\fasterxml\jackson\datatype\jackson-datatype-jsr310\2.14.1\jackson-datatype-jsr310-2.14.1.jar;C:\Users\river\.m2\repository\com\fasterxml\jackson\module\jackson-module-parameter-names\2.14.1\jackson-module-parameter-names-2.14.1.jar;C:\Users\river\.m2\repository\org\springframework\boot\spring-boot-starter-tomcat\3.0.0\spring-boot-starter-tomcat-3.0.0.jar;C:\Users\river\.m2\repository\org\apache\tomcat\embed\tomcat-embed-core\10.1.1\tomcat-embed-core-10.1.1.jar;C:\Users\river\.m2\repository\org\apache\tomcat\embed\tomcat-embed-el\10.1.1\tomcat-embed-el-10.1.1.jar;C:\Users\river\.m2\repository\org\apache\tomcat\embed\tomcat-embed-websocket\10.1.1\tomcat-embed-websocket-10.1.1.jar;C:\Users\river\.m2\repository\org\springframework\spring-web\6.0.2\spring-web-6.0.2.jar;C:\Users\river\.m2\repository\org\springframework\spring-beans\6.0.2\spring-beans-6.0.2.jar;C:\Users\river\.m2\repository\org\springframework\spring-webmvc\6.0.2\spring-webmvc-6.0.2.jar;C:\Users\river\.m2\repository\org\springframework\spring-aop\6.0.2\spring-aop-6.0.2.jar;C:\Users\river\.m2\repository\org\springframework\spring-context\6.0.2\spring-context-6.0.2.jar;C:\Users\river\.m2\repository\org\springframework\spring-expression\6.0.2\spring-expression-6.0.2.jar;C:\Users\river\.m2\repository\com\fasterxml\jackson\datatype\jackson-datatype-hibernate6\2.17.0\jackson-datatype-hibernate6-2.17.0.jar;C:\Users\river\.m2\repository\jakarta\transaction\jakarta.transaction-api\2.0.1\jakarta.transaction-api-2.0.1.jar;C:\Users\river\.m2\repository\io\micrometer\micrometer-observation\1.10.4\micrometer-observation-1.10.4.jar;C:\Users\river\.m2\repository\io\micrometer\micrometer-commons\1.10.2\micrometer-commons-1.10.2.jar;C:\Users\river\.m2\repository\jakarta\servlet\jakarta.servlet-api\6.0.0\jakarta.servlet-api-6.0.0.jar;C:\Users\river\.m2\repository\org\springframework\boot\spring-boot-starter-test\3.0.0\spring-boot-starter-test-3.0.0.jar;C:\Users\river\.m2\repository\org\springframework\boot\spring-boot-test\3.0.0\spring-boot-test-3.0.0.jar;C:\Users\river\.m2\repository\org\springframework\boot\spring-boot-test-autoconfigure\3.0.0\spring-boot-test-autoconfigure-3.0.0.jar;C:\Users\river\.m2\repository\com\jayway\jsonpath\json-path\2.7.0\json-path-2.7.0.jar;C:\Users\river\.m2\repository\net\minidev\json-smart\2.4.8\json-smart-2.4.8.jar;C:\Users\river\.m2\repository\net\minidev\accessors-smart\2.4.8\accessors-smart-2.4.8.jar;C:\Users\river\.m2\repository\jakarta\xml\bind\jakarta.xml.bind-api\4.0.0\jakarta.xml.bind-api-4.0.0.jar;C:\Users\river\.m2\repository\jakarta\activation\jakarta.activation-api\2.1.0\jakarta.activation-api-2.1.0.jar;C:\Users\river\.m2\repository\org\assertj\assertj-core\3.23.1\assertj-core-3.23.1.jar;C:\Users\river\.m2\repository\org\hamcrest\hamcrest\2.2\hamcrest-2.2.jar;C:\Users\river\.m2\repository\org\skyscreamer\jsonassert\1.5.1\jsonassert-1.5.1.jar;C:\Users\river\.m2\repository\com\vaadin\external\google\android-json\0.0.20131108.vaadin1\android-json-0.0.20131108.vaadin1.jar;C:\Users\river\.m2\repository\org\springframework\spring-core\6.0.2\spring-core-6.0.2.jar;C:\Users\river\.m2\repository\org\springframework\spring-jcl\6.0.2\spring-jcl-6.0.2.jar;C:\Users\river\.m2\repository\org\springframework\spring-test\6.0.2\spring-test-6.0.2.jar;C:\Users\river\.m2\repository\org\xmlunit\xmlunit-core\2.9.0\xmlunit-core-2.9.0.jar;C:\Users\river\.m2\repository\org\junit\jupiter\junit-jupiter\5.10.0\junit-jupiter-5.10.0.jar;C:\Users\river\.m2\repository\org\junit\jupiter\junit-jupiter-api\5.9.1\junit-jupiter-api-5.9.1.jar;C:\Users\river\.m2\repository\org\opentest4j\opentest4j\1.2.0\opentest4j-1.2.0.jar;C:\Users\river\.m2\repository\org\junit\platform\junit-platform-commons\1.9.1\junit-platform-commons-1.9.1.jar;C:\Users\river\.m2\repository\org\apiguardian\apiguardian-api\1.1.2\apiguardian-api-1.1.2.jar;C:\Users\river\.m2\repository\org\junit\jupiter\junit-jupiter-params\5.9.1\junit-jupiter-params-5.9.1.jar;C:\Users\river\.m2\repository\org\junit\jupiter\junit-jupiter-engine\5.9.1\junit-jupiter-engine-5.9.1.jar;C:\Users\river\.m2\repository\org\junit\platform\junit-platform-engine\1.9.1\junit-platform-engine-1.9.1.jar;C:\Users\river\.m2\repository\org\mockito\mockito-core\5.17.0\mockito-core-5.17.0.jar;C:\Users\river\.m2\repository\org\objenesis\objenesis\3.3\objenesis-3.3.jar;C:\Users\river\.m2\repository\org\mockito\mockito-junit-jupiter\5.11.0\mockito-junit-jupiter-5.11.0.jar;C:\Users\river\.m2\repository\net\bytebuddy\byte-buddy\1.14.15\byte-buddy-1.14.15.jar;C:\Users\river\.m2\repository\net\bytebuddy\byte-buddy-agent\1.14.15\byte-buddy-agent-1.14.15.jar;C:\Users\river\.m2\repository\org\mindrot\jbcrypt\0.4\jbcrypt-0.4.jar;C:\Users\river\.m2\repository\io\jsonwebtoken\jjwt-api\0.11.5\jjwt-api-0.11.5.jar;C:\Users\river\.m2\repository\io\jsonwebtoken\jjwt-impl\0.11.5\jjwt-impl-0.11.5.jar;C:\Users\river\.m2\repository\io\jsonwebtoken\jjwt-jackson\0.11.5\jjwt-jackson-0.11.5.jar;C:\Users\river\.m2\repository\com\fasterxml\jackson\core\jackson-databind\2.15.2\jackson-databind-2.15.2.jar;C:\Users\river\.m2\repository\com\fasterxml\jackson\core\jackson-core\2.15.2\jackson-core-2.15.2.jar;C:\Users\river\.m2\repository\com\fasterxml\jackson\core\jackson-annotations\2.15.2\jackson-annotations-2.15.2.jar;C:\Users\river\.m2\repository\org\testng\testng\7.11.0\testng-7.11.0.jar;C:\Users\river\.m2\repository\org\slf4j\slf4j-api\2.0.4\slf4j-api-2.0.4.jar;C:\Users\river\.m2\repository\org\jcommander\jcommander\1.83\jcommander-1.83.jar;C:\Users\river\.m2\repository\org\webjars\jquery\3.7.1\jquery-3.7.1.jar;C:\Users\river\.m2\repository\org\springframework\boot\spring-boot-starter-websocket\3.0.0\spring-boot-starter-websocket-3.0.0.jar;C:\Users\river\.m2\repository\org\springframework\spring-messaging\6.0.2\spring-messaging-6.0.2.jar;C:\Users\river\.m2\repository\org\springframework\spring-websocket\6.0.2\spring-websocket-6.0.2.jar;C:\Users\river\.m2\repository\com\mysql\mysql-connector-j\8.3.0\mysql-connector-j-8.3.0.jar;C:\Users\river\.m2\repository\org\postgresql\postgresql\42.7.1\postgresql-42.7.1.jar;C:\Users\river\.m2\repository\org\checkerframework\checker-qual\3.41.0\checker-qual-3.41.0.jar;C:\Users\river\.m2\repository\com\h2database\h2\2.1.214\h2-2.1.214.jar;C:\Users\river\.m2\repository\org\jboss\logging\jboss-logging\3.5.3.Final\jboss-logging-3.5.3.Final.jar;C:\Users\river\.m2\repository\org\springframework\boot\spring-boot-starter-data-jpa\3.0.0\spring-boot-starter-data-jpa-3.0.0.jar;C:\Users\river\.m2\repository\org\springframework\boot\spring-boot-starter-aop\3.0.0\spring-boot-starter-aop-3.0.0.jar;C:\Users\river\.m2\repository\org\aspectj\aspectjweaver\1.9.9.1\aspectjweaver-1.9.9.1.jar;C:\Users\river\.m2\repository\org\springframework\boot\spring-boot-starter-jdbc\3.0.0\spring-boot-starter-jdbc-3.0.0.jar;C:\Users\river\.m2\repository\com\zaxxer\HikariCP\5.0.1\HikariCP-5.0.1.jar;C:\Users\river\.m2\repository\org\springframework\spring-jdbc\6.0.2\spring-jdbc-6.0.2.jar;C:\Users\river\.m2\repository\org\hibernate\orm\hibernate-core\6.1.5.Final\hibernate-core-6.1.5.Final.jar;C:\Users\river\.m2\repository\jakarta\persistence\jakarta.persistence-api\3.1.0\jakarta.persistence-api-3.1.0.jar;C:\Users\river\.m2\repository\org\hibernate\common\hibernate-commons-annotations\6.0.2.Final\hibernate-commons-annotations-6.0.2.Final.jar;C:\Users\river\.m2\repository\org\jboss\jandex\2.4.2.Final\jandex-2.4.2.Final.jar;C:\Users\river\.m2\repository\com\fasterxml\classmate\1.5.1\classmate-1.5.1.jar;C:\Users\river\.m2\repository\org\glassfish\jaxb\jaxb-runtime\4.0.1\jaxb-runtime-4.0.1.jar;C:\Users\river\.m2\repository\org\glassfish\jaxb\jaxb-core\4.0.1\jaxb-core-4.0.1.jar;C:\Users\river\.m2\repository\org\eclipse\angus\angus-activation\1.0.0\angus-activation-1.0.0.jar;C:\Users\river\.m2\repository\org\glassfish\jaxb\txw2\4.0.1\txw2-4.0.1.jar;C:\Users\river\.m2\repository\com\sun\istack\istack-commons-runtime\4.1.1\istack-commons-runtime-4.1.1.jar;C:\Users\river\.m2\repository\jakarta\inject\jakarta.inject-api\2.0.0\jakarta.inject-api-2.0.0.jar;C:\Users\river\.m2\repository\org\antlr\antlr4-runtime\4.10.1\antlr4-runtime-4.10.1.jar;C:\Users\river\.m2\repository\org\springframework\data\spring-data-jpa\3.0.0\spring-data-jpa-3.0.0.jar;C:\Users\river\.m2\repository\org\springframework\data\spring-data-commons\3.0.0\spring-data-commons-3.0.0.jar;C:\Users\river\.m2\repository\org\springframework\spring-orm\6.0.2\spring-orm-6.0.2.jar;C:\Users\river\.m2\repository\org\springframework\spring-tx\6.0.2\spring-tx-6.0.2.jar;C:\Users\river\.m2\repository\org\springframework\spring-aspects\6.0.2\spring-aspects-6.0.2.jar;C:\Users\river\.m2\repository\org\springframework\boot\spring-boot-starter-actuator\3.0.0\spring-boot-starter-actuator-3.0.0.jar;C:\Users\river\.m2\repository\org\springframework\boot\spring-boot-actuator-autoconfigure\3.0.0\spring-boot-actuator-autoconfigure-3.0.0.jar;C:\Users\river\.m2\repository\org\springframework\boot\spring-boot-actuator\3.0.0\spring-boot-actuator-3.0.0.jar;C:\Users\river\.m2\repository\io\micrometer\micrometer-core\1.10.2\micrometer-core-1.10.2.jar;C:\Users\river\.m2\repository\org\hdrhistogram\HdrHistogram\2.1.12\HdrHistogram-2.1.12.jar;C:\Users\river\.m2\repository\org\latencyutils\LatencyUtils\2.0.3\LatencyUtils-2.0.3.jar;"/>
    <property name="sun.cpu.endian" value="little"/>
    <property name="user.home" value="C:\Users\river"/>
    <property name="user.language" value="en"/>
    <property name="java.specification.vendor" value="Oracle Corporation"/>
    <property name="java.version.date" value="2025-04-15"/>
    <property name="java.home" value="C:\Program Files\Eclipse Adoptium\jdk-17.0.15.6-hotspot"/>
    <property name="file.separator" value="\"/>
    <property name="basedir" value="C:\Users\river\Desktop\finale\Project_course"/>
    <property name="java.vm.compressedOopsMode" value="Zero based"/>
    <property name="line.separator" value="&#10;"/>
    <property name="java.vm.specification.vendor" value="Oracle Corporation"/>
    <property name="java.specification.name" value="Java Platform API Specification"/>
    <property name="FILE_LOG_CHARSET" value="windows-1252"/>
    <property name="java.awt.headless" value="true"/>
    <property name="surefire.real.class.path" value="C:\Users\river\AppData\Local\Temp\surefire17369431048906662712\surefirebooter-20250628042743479_3.jar"/>
    <property name="user.script" value=""/>
    <property name="sun.management.compiler" value="HotSpot 64-Bit Tiered Compilers"/>
    <property name="java.runtime.version" value="17.0.15+6"/>
    <property name="user.name" value="river"/>
    <property name="path.separator" value=";"/>
    <property name="os.version" value="10.0"/>
    <property name="java.runtime.name" value="OpenJDK Runtime Environment"/>
    <property name="file.encoding" value="Cp1252"/>
    <property name="jnidispatch.path" value="C:\Users\river\AppData\Local\Temp\jna-108526092\jna6621184969592421155.dll"/>
    <property name="java.vm.name" value="OpenJDK 64-Bit Server VM"/>
    <property name="java.vendor.version" value="Temurin-17.0.15+6"/>
    <property name="localRepository" value="C:\Users\river\.m2\repository"/>
    <property name="jna.loaded" value="true"/>
    <property name="java.vendor.url.bug" value="https://github.com/adoptium/adoptium-support/issues"/>
    <property name="org.apache.catalina.STRICT_SERVLET_COMPLIANCE" value="false"/>
    <property name="java.io.tmpdir" value="C:\Users\river\AppData\Local\Temp\"/>
    <property name="catalina.home" value="C:\Users\river\AppData\Local\Temp\tomcat.8080.17732027098273718964"/>
    <property name="com.zaxxer.hikari.pool_number" value="5"/>
    <property name="java.version" value="17.0.15"/>
    <property name="user.dir" value="C:\Users\river\Desktop\finale\Project_course"/>
    <property name="os.arch" value="amd64"/>
    <property name="java.vm.specification.name" value="Java Virtual Machine Specification"/>
    <property name="PID" value="15312"/>
    <property name="sun.os.patch.level" value=""/>
    <property name="CONSOLE_LOG_CHARSET" value="windows-1252"/>
    <property name="catalina.base" value="C:\Users\river\AppData\Local\Temp\tomcat.8080.10076531755685257283"/>
    <property name="native.encoding" value="Cp1252"/>
    <property name="java.library.path" value="C:\Program Files\Eclipse Adoptium\jdk-17.0.15.6-hotspot\bin;C:\WINDOWS\Sun\Java\bin;C:\WINDOWS\system32;C:\WINDOWS;C:\Program Files\Eclipse Adoptium\jdk-17.0.15.6-hotspot\bin;C:\Program Files (x86)\Common Files\Oracle\Java\java8path;C:\Program Files (x86)\Common Files\Oracle\Java\javapath;C:\Program Files (x86)\Chez Scheme Version 8.4\bin\a6nt;C:\WINDOWS\system32;C:\WINDOWS;C:\WINDOWS\System32\Wbem;C:\WINDOWS\System32\WindowsPowerShell\v1.0\;C:\WINDOWS\System32\OpenSSH\;C:\Program Files\NVIDIA Corporation\NVIDIA NvDLISR;C:\Program Files (x86)\NVIDIA Corporation\PhysX\Common;C:\Program Files\Git\cmd;C:\Program Files\Pandoc\;C:\Program Files\Docker\Docker\resources\bin;C:\Users\river\Desktop\Maven\apache-maven-3.9.9\bin;C:\Users\river\AppData\Local\Programs\Python\Launcher\;C:\Users\river\AppData\Local\Microsoft\WindowsApps;C:\Users\river\AppData\Local\Programs\Microsoft VS Code\bin;C:\Program Files\JetBrains\IntelliJ IDEA 2024.3.5\bin;C:\Users\river\AppData\Local\JetBrains\Toolbox\scripts;;C:\Program Files\JetBrains\PyCharm 2025.1.2\bin;;."/>
    <property name="java.vm.info" value="mixed mode, sharing"/>
    <property name="java.vendor" value="Eclipse Adoptium"/>
    <property name="java.vm.version" value="17.0.15+6"/>
    <property name="java.specification.maintenance.version" value="1"/>
    <property name="sun.io.unicode.encoding" value="UnicodeLittle"/>
    <property name="java.class.version" value="61.0"/>
  </properties>
  <testcase name="cancelPayment_failure_bubblesAsRuntimeException" classname="ServiceLayer.PaymentServiceTest" time="0.094"/>
  <testcase name="processPayment_failure_throwsRuntimeException" classname="ServiceLayer.PaymentServiceTest" time="0.003"/>
  <testcase name="cancelPayment_success_returnsOk" classname="ServiceLayer.PaymentServiceTest" time="0.002"/>
  <testcase name="processPayment_success_returnsReference" classname="ServiceLayer.PaymentServiceTest" time="0.002"/>
</testsuite>