<?xml version="1.0" encoding="UTF-8"?>
<testsuite xmlns:xsi="http://www.w3.org/2001/XMLSchema-instance" xsi:noNamespaceSchemaLocation="https://maven.apache.org/surefire/maven-surefire-plugin/xsd/surefire-test-report-3.0.xsd" version="3.0" name="ServiceLayer.ShippingServiceTest" time="0.111" tests="6" errors="0" skipped="0" failures="0">
  <properties>
    <property name="java.specification.version" value="23"/>
    <property name="sun.cpu.isalist" value="amd64"/>
    <property name="sun.jnu.encoding" value="Cp1252"/>
    <property name="java.class.path" value="C:\FirstDegree\Project\Project_course\target\test-classes;C:\FirstDegree\Project\Project_course\target\classes;C:\Users\yaniv\.m2\repository\com\vaadin\vaadin-spring-boot-starter\24.2.4\vaadin-spring-boot-starter-24.2.4.jar;C:\Users\yaniv\.m2\repository\com\vaadin\vaadin-spring\24.2.3\vaadin-spring-24.2.3.jar;C:\Users\yaniv\.m2\repository\com\vaadin\flow-server\24.2.3\flow-server-24.2.3.jar;C:\Users\yaniv\.m2\repository\com\vaadin\servletdetector\throw-if-servlet3\1.0.2\throw-if-servlet3-1.0.2.jar;C:\Users\yaniv\.m2\repository\com\vaadin\external\gwt\gwt-elemental\2.8.2.vaadin2\gwt-elemental-2.8.2.vaadin2.jar;C:\Users\yaniv\.m2\repository\org\apache\commons\commons-fileupload2-jakarta\2.0.0-M1\commons-fileupload2-jakarta-2.0.0-M1.jar;C:\Users\yaniv\.m2\repository\org\apache\commons\commons-fileupload2-core\2.0.0-M1\commons-fileupload2-core-2.0.0-M1.jar;C:\Users\yaniv\.m2\repository\commons-io\commons-io\2.13.0\commons-io-2.13.0.jar;C:\Users\yaniv\.m2\repository\org\jsoup\jsoup\1.16.1\jsoup-1.16.1.jar;C:\Users\yaniv\.m2\repository\com\helger\ph-css\7.0.1\ph-css-7.0.1.jar;C:\Users\yaniv\.m2\repository\com\helger\commons\ph-commons\11.1.0\ph-commons-11.1.0.jar;C:\Users\yaniv\.m2\repository\org\ow2\asm\asm\9.5\asm-9.5.jar;C:\Users\yaniv\.m2\repository\com\vaadin\external\gentyref\1.2.0.vaadin1\gentyref-1.2.0.vaadin1.jar;C:\Users\yaniv\.m2\repository\org\apache\commons\commons-compress\1.24.0\commons-compress-1.24.0.jar;C:\Users\yaniv\.m2\repository\com\vaadin\flow-push\24.2.3\flow-push-24.2.3.jar;C:\Users\yaniv\.m2\repository\com\vaadin\external\atmosphere\atmosphere-runtime\3.0.3.slf4jvaadin1\atmosphere-runtime-3.0.3.slf4jvaadin1.jar;C:\Users\yaniv\.m2\repository\com\vaadin\flow-client\24.2.3\flow-client-24.2.3.jar;C:\Users\yaniv\.m2\repository\org\springframework\spring-websocket\6.0.2\spring-websocket-6.0.2.jar;C:\Users\yaniv\.m2\repository\org\hibernate\validator\hibernate-validator\8.0.0.Final\hibernate-validator-8.0.0.Final.jar;C:\Users\yaniv\.m2\repository\jakarta\validation\jakarta.validation-api\3.0.2\jakarta.validation-api-3.0.2.jar;C:\Users\yaniv\.m2\repository\org\jboss\logging\jboss-logging\3.5.0.Final\jboss-logging-3.5.0.Final.jar;C:\Users\yaniv\.m2\repository\com\fasterxml\classmate\1.5.1\classmate-1.5.1.jar;C:\Users\yaniv\.m2\repository\org\reflections\reflections\0.10.2\reflections-0.10.2.jar;C:\Users\yaniv\.m2\repository\org\javassist\javassist\3.28.0-GA\javassist-3.28.0-GA.jar;C:\Users\yaniv\.m2\repository\com\google\code\findbugs\jsr305\3.0.2\jsr305-3.0.2.jar;C:\Users\yaniv\.m2\repository\com\vaadin\vaadin-core\24.2.4\vaadin-core-24.2.4.jar;C:\Users\yaniv\.m2\repository\com\vaadin\vaadin-core-internal\24.2.4\vaadin-core-internal-24.2.4.jar;C:\Users\yaniv\.m2\repository\com\vaadin\flow-lit-template\24.2.3\flow-lit-template-24.2.3.jar;C:\Users\yaniv\.m2\repository\com\vaadin\flow-html-components\24.2.3\flow-html-components-24.2.3.jar;C:\Users\yaniv\.m2\repository\com\vaadin\flow-data\24.2.3\flow-data-24.2.3.jar;C:\Users\yaniv\.m2\repository\com\vaadin\flow-dnd\24.2.3\flow-dnd-24.2.3.jar;C:\Users\yaniv\.m2\repository\com\vaadin\vaadin-lumo-theme\24.2.4\vaadin-lumo-theme-24.2.4.jar;C:\Users\yaniv\.m2\repository\com\vaadin\vaadin-material-theme\24.2.4\vaadin-material-theme-24.2.4.jar;C:\Users\yaniv\.m2\repository\com\vaadin\vaadin-accordion-flow\24.2.4\vaadin-accordion-flow-24.2.4.jar;C:\Users\yaniv\.m2\repository\com\vaadin\vaadin-avatar-flow\24.2.4\vaadin-avatar-flow-24.2.4.jar;C:\Users\yaniv\.m2\repository\com\vaadin\vaadin-flow-components-base\24.2.4\vaadin-flow-components-base-24.2.4.jar;C:\Users\yaniv\.m2\repository\com\vaadin\vaadin-button-flow\24.2.4\vaadin-button-flow-24.2.4.jar;C:\Users\yaniv\.m2\repository\com\vaadin\vaadin-checkbox-flow\24.2.4\vaadin-checkbox-flow-24.2.4.jar;C:\Users\yaniv\.m2\repository\com\vaadin\vaadin-combo-box-flow\24.2.4\vaadin-combo-box-flow-24.2.4.jar;C:\Users\yaniv\.m2\repository\com\vaadin\vaadin-confirm-dialog-flow\24.2.4\vaadin-confirm-dialog-flow-24.2.4.jar;C:\Users\yaniv\.m2\repository\com\vaadin\vaadin-custom-field-flow\24.2.4\vaadin-custom-field-flow-24.2.4.jar;C:\Users\yaniv\.m2\repository\com\vaadin\vaadin-date-picker-flow\24.2.4\vaadin-date-picker-flow-24.2.4.jar;C:\Users\yaniv\.m2\repository\com\vaadin\vaadin-date-time-picker-flow\24.2.4\vaadin-date-time-picker-flow-24.2.4.jar;C:\Users\yaniv\.m2\repository\com\vaadin\vaadin-details-flow\24.2.4\vaadin-details-flow-24.2.4.jar;C:\Users\yaniv\.m2\repository\com\vaadin\vaadin-time-picker-flow\24.2.4\vaadin-time-picker-flow-24.2.4.jar;C:\Users\yaniv\.m2\repository\com\vaadin\vaadin-select-flow\24.2.4\vaadin-select-flow-24.2.4.jar;C:\Users\yaniv\.m2\repository\com\vaadin\vaadin-side-nav-flow\24.2.4\vaadin-side-nav-flow-24.2.4.jar;C:\Users\yaniv\.m2\repository\com\vaadin\vaadin-dialog-flow\24.2.4\vaadin-dialog-flow-24.2.4.jar;C:\Users\yaniv\.m2\repository\com\vaadin\vaadin-form-layout-flow\24.2.4\vaadin-form-layout-flow-24.2.4.jar;C:\Users\yaniv\.m2\repository\com\vaadin\vaadin-field-highlighter-flow\24.2.4\vaadin-field-highlighter-flow-24.2.4.jar;C:\Users\yaniv\.m2\repository\com\vaadin\vaadin-grid-flow\24.2.4\vaadin-grid-flow-24.2.4.jar;C:\Users\yaniv\.m2\repository\org\apache\commons\commons-lang3\3.12.0\commons-lang3-3.12.0.jar;C:\Users\yaniv\.m2\repository\com\vaadin\vaadin-icons-flow\24.2.4\vaadin-icons-flow-24.2.4.jar;C:\Users\yaniv\.m2\repository\com\vaadin\vaadin-virtual-list-flow\24.2.4\vaadin-virtual-list-flow-24.2.4.jar;C:\Users\yaniv\.m2\repository\com\vaadin\vaadin-list-box-flow\24.2.4\vaadin-list-box-flow-24.2.4.jar;C:\Users\yaniv\.m2\repository\com\vaadin\vaadin-login-flow\24.2.4\vaadin-login-flow-24.2.4.jar;C:\Users\yaniv\.m2\repository\com\vaadin\vaadin-messages-flow\24.2.4\vaadin-messages-flow-24.2.4.jar;C:\Users\yaniv\.m2\repository\com\vaadin\vaadin-ordered-layout-flow\24.2.4\vaadin-ordered-layout-flow-24.2.4.jar;C:\Users\yaniv\.m2\repository\com\vaadin\vaadin-progress-bar-flow\24.2.4\vaadin-progress-bar-flow-24.2.4.jar;C:\Users\yaniv\.m2\repository\com\vaadin\vaadin-radio-button-flow\24.2.4\vaadin-radio-button-flow-24.2.4.jar;C:\Users\yaniv\.m2\repository\com\vaadin\vaadin-renderer-flow\24.2.4\vaadin-renderer-flow-24.2.4.jar;C:\Users\yaniv\.m2\repository\com\vaadin\vaadin-split-layout-flow\24.2.4\vaadin-split-layout-flow-24.2.4.jar;C:\Users\yaniv\.m2\repository\com\vaadin\vaadin-tabs-flow\24.2.4\vaadin-tabs-flow-24.2.4.jar;C:\Users\yaniv\.m2\repository\com\vaadin\vaadin-text-field-flow\24.2.4\vaadin-text-field-flow-24.2.4.jar;C:\Users\yaniv\.m2\repository\com\vaadin\vaadin-upload-flow\24.2.4\vaadin-upload-flow-24.2.4.jar;C:\Users\yaniv\.m2\repository\com\vaadin\vaadin-notification-flow\24.2.4\vaadin-notification-flow-24.2.4.jar;C:\Users\yaniv\.m2\repository\com\vaadin\vaadin-app-layout-flow\24.2.4\vaadin-app-layout-flow-24.2.4.jar;C:\Users\yaniv\.m2\repository\com\vaadin\vaadin-context-menu-flow\24.2.4\vaadin-context-menu-flow-24.2.4.jar;C:\Users\yaniv\.m2\repository\com\vaadin\vaadin-menu-bar-flow\24.2.4\vaadin-menu-bar-flow-24.2.4.jar;C:\Users\yaniv\.m2\repository\com\vaadin\vaadin-dev\24.2.4\vaadin-dev-24.2.4.jar;C:\Users\yaniv\.m2\repository\com\vaadin\vaadin-dev-server\24.2.3\vaadin-dev-server-24.2.3.jar;C:\Users\yaniv\.m2\repository\com\vaadin\license-checker\1.12.3\license-checker-1.12.3.jar;C:\Users\yaniv\.m2\repository\com\github\oshi\oshi-core\6.4.1\oshi-core-6.4.1.jar;C:\Users\yaniv\.m2\repository\net\java\dev\jna\jna\5.13.0\jna-5.13.0.jar;C:\Users\yaniv\.m2\repository\net\java\dev\jna\jna-platform\5.13.0\jna-platform-5.13.0.jar;C:\Users\yaniv\.m2\repository\com\nimbusds\nimbus-jose-jwt\9.31\nimbus-jose-jwt-9.31.jar;C:\Users\yaniv\.m2\repository\org\lucee\jcip-annotations\1.0.0\jcip-annotations-1.0.0.jar;C:\Users\yaniv\.m2\repository\com\vaadin\open\8.5.0\open-8.5.0.jar;C:\Users\yaniv\.m2\repository\com\github\javaparser\javaparser-core\3.25.5\javaparser-core-3.25.5.jar;C:\Users\yaniv\.m2\repository\io\methvin\directory-watcher\0.18.0\directory-watcher-0.18.0.jar;C:\Users\yaniv\.m2\repository\com\vaadin\vaadin-dev-bundle\24.2.4\vaadin-dev-bundle-24.2.4.jar;C:\Users\yaniv\.m2\repository\org\springframework\boot\spring-boot-starter-web\3.0.0\spring-boot-starter-web-3.0.0.jar;C:\Users\yaniv\.m2\repository\org\springframework\boot\spring-boot-starter\3.0.0\spring-boot-starter-3.0.0.jar;C:\Users\yaniv\.m2\repository\org\springframework\boot\spring-boot\3.0.0\spring-boot-3.0.0.jar;C:\Users\yaniv\.m2\repository\org\springframework\boot\spring-boot-autoconfigure\3.0.0\spring-boot-autoconfigure-3.0.0.jar;C:\Users\yaniv\.m2\repository\org\springframework\boot\spring-boot-starter-logging\3.0.0\spring-boot-starter-logging-3.0.0.jar;C:\Users\yaniv\.m2\repository\ch\qos\logback\logback-classic\1.4.5\logback-classic-1.4.5.jar;C:\Users\yaniv\.m2\repository\ch\qos\logback\logback-core\1.4.5\logback-core-1.4.5.jar;C:\Users\yaniv\.m2\repository\org\apache\logging\log4j\log4j-to-slf4j\2.19.0\log4j-to-slf4j-2.19.0.jar;C:\Users\yaniv\.m2\repository\org\apache\logging\log4j\log4j-api\2.19.0\log4j-api-2.19.0.jar;C:\Users\yaniv\.m2\repository\org\slf4j\jul-to-slf4j\2.0.4\jul-to-slf4j-2.0.4.jar;C:\Users\yaniv\.m2\repository\jakarta\annotation\jakarta.annotation-api\2.1.1\jakarta.annotation-api-2.1.1.jar;C:\Users\yaniv\.m2\repository\org\springframework\spring-core\6.0.2\spring-core-6.0.2.jar;C:\Users\yaniv\.m2\repository\org\springframework\spring-jcl\6.0.2\spring-jcl-6.0.2.jar;C:\Users\yaniv\.m2\repository\org\yaml\snakeyaml\1.33\snakeyaml-1.33.jar;C:\Users\yaniv\.m2\repository\org\springframework\boot\spring-boot-starter-json\3.0.0\spring-boot-starter-json-3.0.0.jar;C:\Users\yaniv\.m2\repository\com\fasterxml\jackson\datatype\jackson-datatype-jdk8\2.14.1\jackson-datatype-jdk8-2.14.1.jar;C:\Users\yaniv\.m2\repository\com\fasterxml\jackson\datatype\jackson-datatype-jsr310\2.14.1\jackson-datatype-jsr310-2.14.1.jar;C:\Users\yaniv\.m2\repository\com\fasterxml\jackson\module\jackson-module-parameter-names\2.14.1\jackson-module-parameter-names-2.14.1.jar;C:\Users\yaniv\.m2\repository\org\springframework\boot\spring-boot-starter-tomcat\3.0.0\spring-boot-starter-tomcat-3.0.0.jar;C:\Users\yaniv\.m2\repository\org\apache\tomcat\embed\tomcat-embed-core\10.1.1\tomcat-embed-core-10.1.1.jar;C:\Users\yaniv\.m2\repository\org\apache\tomcat\embed\tomcat-embed-el\10.1.1\tomcat-embed-el-10.1.1.jar;C:\Users\yaniv\.m2\repository\org\apache\tomcat\embed\tomcat-embed-websocket\10.1.1\tomcat-embed-websocket-10.1.1.jar;C:\Users\yaniv\.m2\repository\org\springframework\spring-web\6.0.2\spring-web-6.0.2.jar;C:\Users\yaniv\.m2\repository\org\springframework\spring-beans\6.0.2\spring-beans-6.0.2.jar;C:\Users\yaniv\.m2\repository\org\springframework\spring-webmvc\6.0.2\spring-webmvc-6.0.2.jar;C:\Users\yaniv\.m2\repository\org\springframework\spring-aop\6.0.2\spring-aop-6.0.2.jar;C:\Users\yaniv\.m2\repository\org\springframework\spring-context\6.0.2\spring-context-6.0.2.jar;C:\Users\yaniv\.m2\repository\org\springframework\spring-expression\6.0.2\spring-expression-6.0.2.jar;C:\Users\yaniv\.m2\repository\io\micrometer\micrometer-observation\1.10.4\micrometer-observation-1.10.4.jar;C:\Users\yaniv\.m2\repository\io\micrometer\micrometer-commons\1.10.2\micrometer-commons-1.10.2.jar;C:\Users\yaniv\.m2\repository\jakarta\servlet\jakarta.servlet-api\6.0.0\jakarta.servlet-api-6.0.0.jar;C:\Users\yaniv\.m2\repository\org\junit\jupiter\junit-jupiter\5.10.0\junit-jupiter-5.10.0.jar;C:\Users\yaniv\.m2\repository\org\junit\jupiter\junit-jupiter-api\5.9.1\junit-jupiter-api-5.9.1.jar;C:\Users\yaniv\.m2\repository\org\opentest4j\opentest4j\1.2.0\opentest4j-1.2.0.jar;C:\Users\yaniv\.m2\repository\org\junit\platform\junit-platform-commons\1.9.1\junit-platform-commons-1.9.1.jar;C:\Users\yaniv\.m2\repository\org\apiguardian\apiguardian-api\1.1.2\apiguardian-api-1.1.2.jar;C:\Users\yaniv\.m2\repository\org\junit\jupiter\junit-jupiter-params\5.9.1\junit-jupiter-params-5.9.1.jar;C:\Users\yaniv\.m2\repository\org\junit\jupiter\junit-jupiter-engine\5.9.1\junit-jupiter-engine-5.9.1.jar;C:\Users\yaniv\.m2\repository\org\junit\platform\junit-platform-engine\1.9.1\junit-platform-engine-1.9.1.jar;C:\Users\yaniv\.m2\repository\org\mockito\mockito-core\5.17.0\mockito-core-5.17.0.jar;C:\Users\yaniv\.m2\repository\net\bytebuddy\byte-buddy-agent\1.12.19\byte-buddy-agent-1.12.19.jar;C:\Users\yaniv\.m2\repository\org\objenesis\objenesis\3.3\objenesis-3.3.jar;C:\Users\yaniv\.m2\repository\org\mockito\mockito-junit-jupiter\5.11.0\mockito-junit-jupiter-5.11.0.jar;C:\Users\yaniv\.m2\repository\net\bytebuddy\byte-buddy\1.17.5\byte-buddy-1.17.5.jar;C:\Users\yaniv\.m2\repository\org\mindrot\jbcrypt\0.4\jbcrypt-0.4.jar;C:\Users\yaniv\.m2\repository\io\jsonwebtoken\jjwt-api\0.11.5\jjwt-api-0.11.5.jar;C:\Users\yaniv\.m2\repository\io\jsonwebtoken\jjwt-impl\0.11.5\jjwt-impl-0.11.5.jar;C:\Users\yaniv\.m2\repository\io\jsonwebtoken\jjwt-jackson\0.11.5\jjwt-jackson-0.11.5.jar;C:\Users\yaniv\.m2\repository\com\fasterxml\jackson\core\jackson-databind\2.15.2\jackson-databind-2.15.2.jar;C:\Users\yaniv\.m2\repository\com\fasterxml\jackson\core\jackson-core\2.15.2\jackson-core-2.15.2.jar;C:\Users\yaniv\.m2\repository\com\fasterxml\jackson\core\jackson-annotations\2.15.2\jackson-annotations-2.15.2.jar;C:\Users\yaniv\.m2\repository\org\springframework\boot\spring-boot-starter-data-mongodb\3.0.0\spring-boot-starter-data-mongodb-3.0.0.jar;C:\Users\yaniv\.m2\repository\org\mongodb\mongodb-driver-sync\4.8.0\mongodb-driver-sync-4.8.0.jar;C:\Users\yaniv\.m2\repository\org\mongodb\bson\4.8.0\bson-4.8.0.jar;C:\Users\yaniv\.m2\repository\org\mongodb\mongodb-driver-core\4.8.0\mongodb-driver-core-4.8.0.jar;C:\Users\yaniv\.m2\repository\org\mongodb\bson-record-codec\4.8.0\bson-record-codec-4.8.0.jar;C:\Users\yaniv\.m2\repository\org\springframework\data\spring-data-mongodb\4.0.0\spring-data-mongodb-4.0.0.jar;C:\Users\yaniv\.m2\repository\org\springframework\spring-tx\6.0.2\spring-tx-6.0.2.jar;C:\Users\yaniv\.m2\repository\org\springframework\data\spring-data-commons\3.0.0\spring-data-commons-3.0.0.jar;C:\Users\yaniv\.m2\repository\org\testng\testng\7.11.0\testng-7.11.0.jar;C:\Users\yaniv\.m2\repository\org\slf4j\slf4j-api\2.0.4\slf4j-api-2.0.4.jar;C:\Users\yaniv\.m2\repository\org\jcommander\jcommander\1.83\jcommander-1.83.jar;C:\Users\yaniv\.m2\repository\org\webjars\jquery\3.7.1\jquery-3.7.1.jar;"/>
    <property name="java.vm.vendor" value="Oracle Corporation"/>
    <property name="sun.arch.data.model" value="64"/>
    <property name="user.variant" value=""/>
    <property name="java.vendor.url" value="https://java.oracle.com/"/>
    <property name="user.timezone" value="Asia/Jerusalem"/>
    <property name="os.name" value="Windows 11"/>
    <property name="java.vm.specification.version" value="23"/>
    <property name="sun.java.launcher" value="SUN_STANDARD"/>
    <property name="user.country" value="US"/>
    <property name="sun.boot.library.path" value="C:\Program Files\Java\jdk-23\bin"/>
    <property name="sun.java.command" value="C:\Users\yaniv\AppData\Local\Temp\surefire13949082205566706760\surefirebooter-20250507225049889_3.jar C:\Users\yaniv\AppData\Local\Temp\surefire13949082205566706760 2025-05-07T22-50-49_802-jvmRun1 surefire-20250507225049889_1tmp surefire_0-20250507225049889_2tmp"/>
    <property name="jdk.debug" value="release"/>
    <property name="surefire.test.class.path" value="C:\FirstDegree\Project\Project_course\target\test-classes;C:\FirstDegree\Project\Project_course\target\classes;C:\Users\yaniv\.m2\repository\com\vaadin\vaadin-spring-boot-starter\24.2.4\vaadin-spring-boot-starter-24.2.4.jar;C:\Users\yaniv\.m2\repository\com\vaadin\vaadin-spring\24.2.3\vaadin-spring-24.2.3.jar;C:\Users\yaniv\.m2\repository\com\vaadin\flow-server\24.2.3\flow-server-24.2.3.jar;C:\Users\yaniv\.m2\repository\com\vaadin\servletdetector\throw-if-servlet3\1.0.2\throw-if-servlet3-1.0.2.jar;C:\Users\yaniv\.m2\repository\com\vaadin\external\gwt\gwt-elemental\2.8.2.vaadin2\gwt-elemental-2.8.2.vaadin2.jar;C:\Users\yaniv\.m2\repository\org\apache\commons\commons-fileupload2-jakarta\2.0.0-M1\commons-fileupload2-jakarta-2.0.0-M1.jar;C:\Users\yaniv\.m2\repository\org\apache\commons\commons-fileupload2-core\2.0.0-M1\commons-fileupload2-core-2.0.0-M1.jar;C:\Users\yaniv\.m2\repository\commons-io\commons-io\2.13.0\commons-io-2.13.0.jar;C:\Users\yaniv\.m2\repository\org\jsoup\jsoup\1.16.1\jsoup-1.16.1.jar;C:\Users\yaniv\.m2\repository\com\helger\ph-css\7.0.1\ph-css-7.0.1.jar;C:\Users\yaniv\.m2\repository\com\helger\commons\ph-commons\11.1.0\ph-commons-11.1.0.jar;C:\Users\yaniv\.m2\repository\org\ow2\asm\asm\9.5\asm-9.5.jar;C:\Users\yaniv\.m2\repository\com\vaadin\external\gentyref\1.2.0.vaadin1\gentyref-1.2.0.vaadin1.jar;C:\Users\yaniv\.m2\repository\org\apache\commons\commons-compress\1.24.0\commons-compress-1.24.0.jar;C:\Users\yaniv\.m2\repository\com\vaadin\flow-push\24.2.3\flow-push-24.2.3.jar;C:\Users\yaniv\.m2\repository\com\vaadin\external\atmosphere\atmosphere-runtime\3.0.3.slf4jvaadin1\atmosphere-runtime-3.0.3.slf4jvaadin1.jar;C:\Users\yaniv\.m2\repository\com\vaadin\flow-client\24.2.3\flow-client-24.2.3.jar;C:\Users\yaniv\.m2\repository\org\springframework\spring-websocket\6.0.2\spring-websocket-6.0.2.jar;C:\Users\yaniv\.m2\repository\org\hibernate\validator\hibernate-validator\8.0.0.Final\hibernate-validator-8.0.0.Final.jar;C:\Users\yaniv\.m2\repository\jakarta\validation\jakarta.validation-api\3.0.2\jakarta.validation-api-3.0.2.jar;C:\Users\yaniv\.m2\repository\org\jboss\logging\jboss-logging\3.5.0.Final\jboss-logging-3.5.0.Final.jar;C:\Users\yaniv\.m2\repository\com\fasterxml\classmate\1.5.1\classmate-1.5.1.jar;C:\Users\yaniv\.m2\repository\org\reflections\reflections\0.10.2\reflections-0.10.2.jar;C:\Users\yaniv\.m2\repository\org\javassist\javassist\3.28.0-GA\javassist-3.28.0-GA.jar;C:\Users\yaniv\.m2\repository\com\google\code\findbugs\jsr305\3.0.2\jsr305-3.0.2.jar;C:\Users\yaniv\.m2\repository\com\vaadin\vaadin-core\24.2.4\vaadin-core-24.2.4.jar;C:\Users\yaniv\.m2\repository\com\vaadin\vaadin-core-internal\24.2.4\vaadin-core-internal-24.2.4.jar;C:\Users\yaniv\.m2\repository\com\vaadin\flow-lit-template\24.2.3\flow-lit-template-24.2.3.jar;C:\Users\yaniv\.m2\repository\com\vaadin\flow-html-components\24.2.3\flow-html-components-24.2.3.jar;C:\Users\yaniv\.m2\repository\com\vaadin\flow-data\24.2.3\flow-data-24.2.3.jar;C:\Users\yaniv\.m2\repository\com\vaadin\flow-dnd\24.2.3\flow-dnd-24.2.3.jar;C:\Users\yaniv\.m2\repository\com\vaadin\vaadin-lumo-theme\24.2.4\vaadin-lumo-theme-24.2.4.jar;C:\Users\yaniv\.m2\repository\com\vaadin\vaadin-material-theme\24.2.4\vaadin-material-theme-24.2.4.jar;C:\Users\yaniv\.m2\repository\com\vaadin\vaadin-accordion-flow\24.2.4\vaadin-accordion-flow-24.2.4.jar;C:\Users\yaniv\.m2\repository\com\vaadin\vaadin-avatar-flow\24.2.4\vaadin-avatar-flow-24.2.4.jar;C:\Users\yaniv\.m2\repository\com\vaadin\vaadin-flow-components-base\24.2.4\vaadin-flow-components-base-24.2.4.jar;C:\Users\yaniv\.m2\repository\com\vaadin\vaadin-button-flow\24.2.4\vaadin-button-flow-24.2.4.jar;C:\Users\yaniv\.m2\repository\com\vaadin\vaadin-checkbox-flow\24.2.4\vaadin-checkbox-flow-24.2.4.jar;C:\Users\yaniv\.m2\repository\com\vaadin\vaadin-combo-box-flow\24.2.4\vaadin-combo-box-flow-24.2.4.jar;C:\Users\yaniv\.m2\repository\com\vaadin\vaadin-confirm-dialog-flow\24.2.4\vaadin-confirm-dialog-flow-24.2.4.jar;C:\Users\yaniv\.m2\repository\com\vaadin\vaadin-custom-field-flow\24.2.4\vaadin-custom-field-flow-24.2.4.jar;C:\Users\yaniv\.m2\repository\com\vaadin\vaadin-date-picker-flow\24.2.4\vaadin-date-picker-flow-24.2.4.jar;C:\Users\yaniv\.m2\repository\com\vaadin\vaadin-date-time-picker-flow\24.2.4\vaadin-date-time-picker-flow-24.2.4.jar;C:\Users\yaniv\.m2\repository\com\vaadin\vaadin-details-flow\24.2.4\vaadin-details-flow-24.2.4.jar;C:\Users\yaniv\.m2\repository\com\vaadin\vaadin-time-picker-flow\24.2.4\vaadin-time-picker-flow-24.2.4.jar;C:\Users\yaniv\.m2\repository\com\vaadin\vaadin-select-flow\24.2.4\vaadin-select-flow-24.2.4.jar;C:\Users\yaniv\.m2\repository\com\vaadin\vaadin-side-nav-flow\24.2.4\vaadin-side-nav-flow-24.2.4.jar;C:\Users\yaniv\.m2\repository\com\vaadin\vaadin-dialog-flow\24.2.4\vaadin-dialog-flow-24.2.4.jar;C:\Users\yaniv\.m2\repository\com\vaadin\vaadin-form-layout-flow\24.2.4\vaadin-form-layout-flow-24.2.4.jar;C:\Users\yaniv\.m2\repository\com\vaadin\vaadin-field-highlighter-flow\24.2.4\vaadin-field-highlighter-flow-24.2.4.jar;C:\Users\yaniv\.m2\repository\com\vaadin\vaadin-grid-flow\24.2.4\vaadin-grid-flow-24.2.4.jar;C:\Users\yaniv\.m2\repository\org\apache\commons\commons-lang3\3.12.0\commons-lang3-3.12.0.jar;C:\Users\yaniv\.m2\repository\com\vaadin\vaadin-icons-flow\24.2.4\vaadin-icons-flow-24.2.4.jar;C:\Users\yaniv\.m2\repository\com\vaadin\vaadin-virtual-list-flow\24.2.4\vaadin-virtual-list-flow-24.2.4.jar;C:\Users\yaniv\.m2\repository\com\vaadin\vaadin-list-box-flow\24.2.4\vaadin-list-box-flow-24.2.4.jar;C:\Users\yaniv\.m2\repository\com\vaadin\vaadin-login-flow\24.2.4\vaadin-login-flow-24.2.4.jar;C:\Users\yaniv\.m2\repository\com\vaadin\vaadin-messages-flow\24.2.4\vaadin-messages-flow-24.2.4.jar;C:\Users\yaniv\.m2\repository\com\vaadin\vaadin-ordered-layout-flow\24.2.4\vaadin-ordered-layout-flow-24.2.4.jar;C:\Users\yaniv\.m2\repository\com\vaadin\vaadin-progress-bar-flow\24.2.4\vaadin-progress-bar-flow-24.2.4.jar;C:\Users\yaniv\.m2\repository\com\vaadin\vaadin-radio-button-flow\24.2.4\vaadin-radio-button-flow-24.2.4.jar;C:\Users\yaniv\.m2\repository\com\vaadin\vaadin-renderer-flow\24.2.4\vaadin-renderer-flow-24.2.4.jar;C:\Users\yaniv\.m2\repository\com\vaadin\vaadin-split-layout-flow\24.2.4\vaadin-split-layout-flow-24.2.4.jar;C:\Users\yaniv\.m2\repository\com\vaadin\vaadin-tabs-flow\24.2.4\vaadin-tabs-flow-24.2.4.jar;C:\Users\yaniv\.m2\repository\com\vaadin\vaadin-text-field-flow\24.2.4\vaadin-text-field-flow-24.2.4.jar;C:\Users\yaniv\.m2\repository\com\vaadin\vaadin-upload-flow\24.2.4\vaadin-upload-flow-24.2.4.jar;C:\Users\yaniv\.m2\repository\com\vaadin\vaadin-notification-flow\24.2.4\vaadin-notification-flow-24.2.4.jar;C:\Users\yaniv\.m2\repository\com\vaadin\vaadin-app-layout-flow\24.2.4\vaadin-app-layout-flow-24.2.4.jar;C:\Users\yaniv\.m2\repository\com\vaadin\vaadin-context-menu-flow\24.2.4\vaadin-context-menu-flow-24.2.4.jar;C:\Users\yaniv\.m2\repository\com\vaadin\vaadin-menu-bar-flow\24.2.4\vaadin-menu-bar-flow-24.2.4.jar;C:\Users\yaniv\.m2\repository\com\vaadin\vaadin-dev\24.2.4\vaadin-dev-24.2.4.jar;C:\Users\yaniv\.m2\repository\com\vaadin\vaadin-dev-server\24.2.3\vaadin-dev-server-24.2.3.jar;C:\Users\yaniv\.m2\repository\com\vaadin\license-checker\1.12.3\license-checker-1.12.3.jar;C:\Users\yaniv\.m2\repository\com\github\oshi\oshi-core\6.4.1\oshi-core-6.4.1.jar;C:\Users\yaniv\.m2\repository\net\java\dev\jna\jna\5.13.0\jna-5.13.0.jar;C:\Users\yaniv\.m2\repository\net\java\dev\jna\jna-platform\5.13.0\jna-platform-5.13.0.jar;C:\Users\yaniv\.m2\repository\com\nimbusds\nimbus-jose-jwt\9.31\nimbus-jose-jwt-9.31.jar;C:\Users\yaniv\.m2\repository\org\lucee\jcip-annotations\1.0.0\jcip-annotations-1.0.0.jar;C:\Users\yaniv\.m2\repository\com\vaadin\open\8.5.0\open-8.5.0.jar;C:\Users\yaniv\.m2\repository\com\github\javaparser\javaparser-core\3.25.5\javaparser-core-3.25.5.jar;C:\Users\yaniv\.m2\repository\io\methvin\directory-watcher\0.18.0\directory-watcher-0.18.0.jar;C:\Users\yaniv\.m2\repository\com\vaadin\vaadin-dev-bundle\24.2.4\vaadin-dev-bundle-24.2.4.jar;C:\Users\yaniv\.m2\repository\org\springframework\boot\spring-boot-starter-web\3.0.0\spring-boot-starter-web-3.0.0.jar;C:\Users\yaniv\.m2\repository\org\springframework\boot\spring-boot-starter\3.0.0\spring-boot-starter-3.0.0.jar;C:\Users\yaniv\.m2\repository\org\springframework\boot\spring-boot\3.0.0\spring-boot-3.0.0.jar;C:\Users\yaniv\.m2\repository\org\springframework\boot\spring-boot-autoconfigure\3.0.0\spring-boot-autoconfigure-3.0.0.jar;C:\Users\yaniv\.m2\repository\org\springframework\boot\spring-boot-starter-logging\3.0.0\spring-boot-starter-logging-3.0.0.jar;C:\Users\yaniv\.m2\repository\ch\qos\logback\logback-classic\1.4.5\logback-classic-1.4.5.jar;C:\Users\yaniv\.m2\repository\ch\qos\logback\logback-core\1.4.5\logback-core-1.4.5.jar;C:\Users\yaniv\.m2\repository\org\apache\logging\log4j\log4j-to-slf4j\2.19.0\log4j-to-slf4j-2.19.0.jar;C:\Users\yaniv\.m2\repository\org\apache\logging\log4j\log4j-api\2.19.0\log4j-api-2.19.0.jar;C:\Users\yaniv\.m2\repository\org\slf4j\jul-to-slf4j\2.0.4\jul-to-slf4j-2.0.4.jar;C:\Users\yaniv\.m2\repository\jakarta\annotation\jakarta.annotation-api\2.1.1\jakarta.annotation-api-2.1.1.jar;C:\Users\yaniv\.m2\repository\org\springframework\spring-core\6.0.2\spring-core-6.0.2.jar;C:\Users\yaniv\.m2\repository\org\springframework\spring-jcl\6.0.2\spring-jcl-6.0.2.jar;C:\Users\yaniv\.m2\repository\org\yaml\snakeyaml\1.33\snakeyaml-1.33.jar;C:\Users\yaniv\.m2\repository\org\springframework\boot\spring-boot-starter-json\3.0.0\spring-boot-starter-json-3.0.0.jar;C:\Users\yaniv\.m2\repository\com\fasterxml\jackson\datatype\jackson-datatype-jdk8\2.14.1\jackson-datatype-jdk8-2.14.1.jar;C:\Users\yaniv\.m2\repository\com\fasterxml\jackson\datatype\jackson-datatype-jsr310\2.14.1\jackson-datatype-jsr310-2.14.1.jar;C:\Users\yaniv\.m2\repository\com\fasterxml\jackson\module\jackson-module-parameter-names\2.14.1\jackson-module-parameter-names-2.14.1.jar;C:\Users\yaniv\.m2\repository\org\springframework\boot\spring-boot-starter-tomcat\3.0.0\spring-boot-starter-tomcat-3.0.0.jar;C:\Users\yaniv\.m2\repository\org\apache\tomcat\embed\tomcat-embed-core\10.1.1\tomcat-embed-core-10.1.1.jar;C:\Users\yaniv\.m2\repository\org\apache\tomcat\embed\tomcat-embed-el\10.1.1\tomcat-embed-el-10.1.1.jar;C:\Users\yaniv\.m2\repository\org\apache\tomcat\embed\tomcat-embed-websocket\10.1.1\tomcat-embed-websocket-10.1.1.jar;C:\Users\yaniv\.m2\repository\org\springframework\spring-web\6.0.2\spring-web-6.0.2.jar;C:\Users\yaniv\.m2\repository\org\springframework\spring-beans\6.0.2\spring-beans-6.0.2.jar;C:\Users\yaniv\.m2\repository\org\springframework\spring-webmvc\6.0.2\spring-webmvc-6.0.2.jar;C:\Users\yaniv\.m2\repository\org\springframework\spring-aop\6.0.2\spring-aop-6.0.2.jar;C:\Users\yaniv\.m2\repository\org\springframework\spring-context\6.0.2\spring-context-6.0.2.jar;C:\Users\yaniv\.m2\repository\org\springframework\spring-expression\6.0.2\spring-expression-6.0.2.jar;C:\Users\yaniv\.m2\repository\io\micrometer\micrometer-observation\1.10.4\micrometer-observation-1.10.4.jar;C:\Users\yaniv\.m2\repository\io\micrometer\micrometer-commons\1.10.2\micrometer-commons-1.10.2.jar;C:\Users\yaniv\.m2\repository\jakarta\servlet\jakarta.servlet-api\6.0.0\jakarta.servlet-api-6.0.0.jar;C:\Users\yaniv\.m2\repository\org\junit\jupiter\junit-jupiter\5.10.0\junit-jupiter-5.10.0.jar;C:\Users\yaniv\.m2\repository\org\junit\jupiter\junit-jupiter-api\5.9.1\junit-jupiter-api-5.9.1.jar;C:\Users\yaniv\.m2\repository\org\opentest4j\opentest4j\1.2.0\opentest4j-1.2.0.jar;C:\Users\yaniv\.m2\repository\org\junit\platform\junit-platform-commons\1.9.1\junit-platform-commons-1.9.1.jar;C:\Users\yaniv\.m2\repository\org\apiguardian\apiguardian-api\1.1.2\apiguardian-api-1.1.2.jar;C:\Users\yaniv\.m2\repository\org\junit\jupiter\junit-jupiter-params\5.9.1\junit-jupiter-params-5.9.1.jar;C:\Users\yaniv\.m2\repository\org\junit\jupiter\junit-jupiter-engine\5.9.1\junit-jupiter-engine-5.9.1.jar;C:\Users\yaniv\.m2\repository\org\junit\platform\junit-platform-engine\1.9.1\junit-platform-engine-1.9.1.jar;C:\Users\yaniv\.m2\repository\org\mockito\mockito-core\5.17.0\mockito-core-5.17.0.jar;C:\Users\yaniv\.m2\repository\net\bytebuddy\byte-buddy-agent\1.12.19\byte-buddy-agent-1.12.19.jar;C:\Users\yaniv\.m2\repository\org\objenesis\objenesis\3.3\objenesis-3.3.jar;C:\Users\yaniv\.m2\repository\org\mockito\mockito-junit-jupiter\5.11.0\mockito-junit-jupiter-5.11.0.jar;C:\Users\yaniv\.m2\repository\net\bytebuddy\byte-buddy\1.17.5\byte-buddy-1.17.5.jar;C:\Users\yaniv\.m2\repository\org\mindrot\jbcrypt\0.4\jbcrypt-0.4.jar;C:\Users\yaniv\.m2\repository\io\jsonwebtoken\jjwt-api\0.11.5\jjwt-api-0.11.5.jar;C:\Users\yaniv\.m2\repository\io\jsonwebtoken\jjwt-impl\0.11.5\jjwt-impl-0.11.5.jar;C:\Users\yaniv\.m2\repository\io\jsonwebtoken\jjwt-jackson\0.11.5\jjwt-jackson-0.11.5.jar;C:\Users\yaniv\.m2\repository\com\fasterxml\jackson\core\jackson-databind\2.15.2\jackson-databind-2.15.2.jar;C:\Users\yaniv\.m2\repository\com\fasterxml\jackson\core\jackson-core\2.15.2\jackson-core-2.15.2.jar;C:\Users\yaniv\.m2\repository\com\fasterxml\jackson\core\jackson-annotations\2.15.2\jackson-annotations-2.15.2.jar;C:\Users\yaniv\.m2\repository\org\springframework\boot\spring-boot-starter-data-mongodb\3.0.0\spring-boot-starter-data-mongodb-3.0.0.jar;C:\Users\yaniv\.m2\repository\org\mongodb\mongodb-driver-sync\4.8.0\mongodb-driver-sync-4.8.0.jar;C:\Users\yaniv\.m2\repository\org\mongodb\bson\4.8.0\bson-4.8.0.jar;C:\Users\yaniv\.m2\repository\org\mongodb\mongodb-driver-core\4.8.0\mongodb-driver-core-4.8.0.jar;C:\Users\yaniv\.m2\repository\org\mongodb\bson-record-codec\4.8.0\bson-record-codec-4.8.0.jar;C:\Users\yaniv\.m2\repository\org\springframework\data\spring-data-mongodb\4.0.0\spring-data-mongodb-4.0.0.jar;C:\Users\yaniv\.m2\repository\org\springframework\spring-tx\6.0.2\spring-tx-6.0.2.jar;C:\Users\yaniv\.m2\repository\org\springframework\data\spring-data-commons\3.0.0\spring-data-commons-3.0.0.jar;C:\Users\yaniv\.m2\repository\org\testng\testng\7.11.0\testng-7.11.0.jar;C:\Users\yaniv\.m2\repository\org\slf4j\slf4j-api\2.0.4\slf4j-api-2.0.4.jar;C:\Users\yaniv\.m2\repository\org\jcommander\jcommander\1.83\jcommander-1.83.jar;C:\Users\yaniv\.m2\repository\org\webjars\jquery\3.7.1\jquery-3.7.1.jar;"/>
    <property name="sun.cpu.endian" value="little"/>
    <property name="user.home" value="C:\Users\yaniv"/>
    <property name="user.language" value="en"/>
    <property name="java.specification.vendor" value="Oracle Corporation"/>
    <property name="java.version.date" value="2025-01-21"/>
    <property name="java.home" value="C:\Program Files\Java\jdk-23"/>
    <property name="file.separator" value="\"/>
    <property name="basedir" value="C:\FirstDegree\Project\Project_course"/>
    <property name="java.vm.compressedOopsMode" value="Zero based"/>
    <property name="line.separator" value="&#10;"/>
    <property name="java.vm.specification.vendor" value="Oracle Corporation"/>
    <property name="java.specification.name" value="Java Platform API Specification"/>
    <property name="surefire.real.class.path" value="C:\Users\yaniv\AppData\Local\Temp\surefire13949082205566706760\surefirebooter-20250507225049889_3.jar"/>
    <property name="user.script" value=""/>
    <property name="sun.management.compiler" value="HotSpot 64-Bit Tiered Compilers"/>
    <property name="java.runtime.version" value="23.0.2+7-58"/>
    <property name="user.name" value="yaniv"/>
    <property name="stdout.encoding" value="Cp1252"/>
    <property name="path.separator" value=";"/>
    <property name="os.version" value="10.0"/>
    <property name="java.runtime.name" value="Java(TM) SE Runtime Environment"/>
    <property name="file.encoding" value="UTF-8"/>
    <property name="java.vm.name" value="Java HotSpot(TM) 64-Bit Server VM"/>
    <property name="localRepository" value="C:\Users\yaniv\.m2\repository"/>
    <property name="java.vendor.url.bug" value="https://bugreport.java.com/bugreport/"/>
    <property name="java.io.tmpdir" value="C:\Users\yaniv\AppData\Local\Temp\"/>
    <property name="java.version" value="23.0.2"/>
    <property name="user.dir" value="C:\FirstDegree\Project\Project_course"/>
    <property name="os.arch" value="amd64"/>
    <property name="java.vm.specification.name" value="Java Virtual Machine Specification"/>
    <property name="sun.os.patch.level" value=""/>
    <property name="native.encoding" value="Cp1252"/>
    <property name="java.library.path" value="C:\Program Files\Java\jdk-23\bin;C:\WINDOWS\Sun\Java\bin;C:\WINDOWS\system32;C:\WINDOWS;C:\Program Files (x86)\Razer Chroma SDK\bin;C:\Program Files\Razer Chroma SDK\bin;C:\Program Files\Common Files\Oracle\Java\javapath;C:\Program Files (x86)\Common Files\Oracle\Java\java8path;C:\Program Files (x86)\Common Files\Oracle\Java\javapath;C:\windows\system32;C:\windows;C:\windows\System32\Wbem;C:\windows\System32\WindowsPowerShell\v1.0\;C:\windows\System32\OpenSSH\;C:\Program Files\Git\cmd;C:\Program Files (x86)\apache-maven-3.9.9\bin;C:\Users\yaniv\AppData\Local\Microsoft\WindowsApps;C:\Users\yaniv\AppData\Local\Programs\Microsoft VS Code\bin;%SystemRoot%\system32;%SystemRoot%;%SystemRoot%\System32\Wbem;%SYSTEMROOT%\System32\WindowsPowerShell\v1.0\;%SYSTEMROOT%\System32\OpenSSH\;C:\Users\yaniv\AppData\Local\Microsoft\WindowsApps;C:\Users\yaniv\AppData\Local\Programs\Microsoft VS Code\bin;;c:\Users\yaniv\AppData\Roaming\Code\User\globalStorage\github.copilot-chat\debugCommand;."/>
    <property name="java.vm.info" value="mixed mode, sharing"/>
    <property name="stderr.encoding" value="Cp1252"/>
    <property name="java.vendor" value="Oracle Corporation"/>
    <property name="java.vm.version" value="23.0.2+7-58"/>
    <property name="sun.io.unicode.encoding" value="UnicodeLittle"/>
    <property name="java.class.version" value="67.0"/>
  </properties>
  <testcase name="testProcessPayment_EmptyHomeNumber_Failure" classname="ServiceLayer.ShippingServiceTest" time="0.067">
    <system-out><![CDATA[DomainLayer.ShoppingBag@18f55704
]]></system-out>
  </testcase>
  <testcase name="testProcessShipping_EmptyState_Failure" classname="ServiceLayer.ShippingServiceTest" time="0.009">
    <system-out><![CDATA[DomainLayer.ShoppingBag@4779aae6
]]></system-out>
  </testcase>
  <testcase name="testProcessShipping_EmptyStreet_Failure" classname="ServiceLayer.ShippingServiceTest" time="0.01">
    <system-out><![CDATA[DomainLayer.ShoppingBag@3a2d3909
]]></system-out>
  </testcase>
  <testcase name="testProcessShipping_InvalidHomeNumber_Failure" classname="ServiceLayer.ShippingServiceTest" time="0.009">
    <system-out><![CDATA[DomainLayer.ShoppingBag@35ee466f
]]></system-out>
  </testcase>
  <testcase name="testProcessShipping_EmptyCity_Failure" classname="ServiceLayer.ShippingServiceTest" time="0.01">
    <system-out><![CDATA[DomainLayer.ShoppingBag@58b91d57
]]></system-out>
  </testcase>
  <testcase name="testProcessShipping_Successful" classname="ServiceLayer.ShippingServiceTest" time="0.006">
    <system-out><![CDATA[DomainLayer.ShoppingBag@43acd79e
]]></system-out>
  </testcase>
</testsuite>